<?xml version="1.0" encoding="UTF-8"?>
<coverage generated="1773129743892" clover="3.2.0">
  <project timestamp="1773129743892" name="All files">
    <metrics statements="511" coveredstatements="457" conditionals="144" coveredconditionals="119" methods="80" coveredmethods="69" elements="735" coveredelements="645" complexity="0" loc="511" ncloc="511" packages="1" files="9" classes="9"/>
    <file name="authService.ts" path="C:\Users\cdieb\OneDrive\Documents\technically-functional\mobile\lib\authService.ts">
      <metrics statements="39" coveredstatements="38" conditionals="16" coveredconditionals="16" methods="5" coveredmethods="4"/>
      <line num="1" count="1" type="stmt"/>
      <line num="2" count="1" type="stmt"/>
      <line num="7" count="1" type="stmt"/>
      <line num="17" count="1" type="stmt"/>
      <line num="18" count="7" type="stmt"/>
      <line num="21" count="1" type="stmt"/>
      <line num="22" count="5" type="stmt"/>
      <line num="23" count="5" type="stmt"/>
      <line num="25" count="5" type="stmt"/>
      <line num="26" count="5" type="cond" truecount="2" falsecount="0"/>
      <line num="28" count="4" type="stmt"/>
      <line num="31" count="1" type="stmt"/>
      <line num="32" count="0" type="stmt"/>
      <line num="35" count="1" type="stmt"/>
      <line num="41" count="4" type="stmt"/>
      <line num="44" count="4" type="cond" truecount="2" falsecount="0"/>
      <line num="45" count="1" type="stmt"/>
      <line num="49" count="3" type="stmt"/>
      <line num="50" count="3" type="cond" truecount="4" falsecount="0"/>
      <line num="51" count="1" type="stmt"/>
      <line num="55" count="2" type="stmt"/>
      <line num="60" count="2" type="stmt"/>
      <line num="63" count="2" type="stmt"/>
      <line num="72" count="2" type="stmt"/>
      <line num="75" count="1" type="stmt"/>
      <line num="81" count="6" type="stmt"/>
      <line num="84" count="6" type="stmt"/>
      <line num="85" count="6" type="stmt"/>
      <line num="87" count="6" type="cond" truecount="2" falsecount="0"/>
      <line num="88" count="5" type="stmt"/>
      <line num="90" count="5" type="cond" truecount="2" falsecount="0"/>
      <line num="91" count="4" type="cond" truecount="2" falsecount="0"/>
      <line num="93" count="3" type="stmt"/>
      <line num="94" count="3" type="cond" truecount="2" falsecount="0"/>
      <line num="97" count="2" type="stmt"/>
      <line num="102" count="2" type="stmt"/>
      <line num="105" count="2" type="stmt"/>
      <line num="115" count="2" type="stmt"/>
      <line num="117" count="2" type="stmt"/>
    </file>
    <file name="exerciseData.ts" path="C:\Users\cdieb\OneDrive\Documents\technically-functional\mobile\lib\exerciseData.ts">
      <metrics statements="75" coveredstatements="75" conditionals="12" coveredconditionals="12" methods="10" coveredmethods="10"/>
      <line num="1" count="1" type="stmt"/>
      <line num="13" count="1" type="stmt"/>
      <line num="69" count="1" type="stmt"/>
      <line num="72" count="3" type="stmt"/>
      <line num="73" count="3" type="stmt"/>
      <line num="74" count="3" type="stmt"/>
      <line num="75" count="3" type="stmt"/>
      <line num="76" count="2" type="cond" truecount="2" falsecount="0"/>
      <line num="77" count="1" type="stmt"/>
      <line num="79" count="1" type="stmt"/>
      <line num="80" count="1" type="stmt"/>
      <line num="82" count="1" type="stmt"/>
      <line num="83" count="1" type="stmt"/>
      <line num="87" count="1" type="stmt"/>
      <line num="88" count="3" type="stmt"/>
      <line num="89" count="3" type="stmt"/>
      <line num="90" count="3" type="stmt"/>
      <line num="91" count="3" type="stmt"/>
      <line num="92" count="2" type="cond" truecount="2" falsecount="0"/>
      <line num="93" count="1" type="stmt"/>
      <line num="95" count="1" type="stmt"/>
      <line num="96" count="1" type="stmt"/>
      <line num="98" count="1" type="stmt"/>
      <line num="99" count="1" type="stmt"/>
      <line num="103" count="1" type="stmt"/>
      <line num="104" count="3" type="stmt"/>
      <line num="105" count="3" type="stmt"/>
      <line num="106" count="3" type="stmt"/>
      <line num="107" count="2" type="cond" truecount="2" falsecount="0"/>
      <line num="108" count="1" type="stmt"/>
      <line num="109" count="1" type="stmt"/>
      <line num="111" count="2" type="stmt"/>
      <line num="113" count="1" type="stmt"/>
      <line num="115" count="1" type="stmt"/>
      <line num="116" count="1" type="stmt"/>
      <line num="120" count="1" type="stmt"/>
      <line num="123" count="3" type="stmt"/>
      <line num="124" count="3" type="stmt"/>
      <line num="125" count="3" type="stmt"/>
      <line num="126" count="3" type="stmt"/>
      <line num="127" count="2" type="cond" truecount="2" falsecount="0"/>
      <line num="128" count="1" type="stmt"/>
      <line num="130" count="1" type="stmt"/>
      <line num="131" count="1" type="stmt"/>
      <line num="132" count="1" type="stmt"/>
      <line num="134" count="1" type="stmt"/>
      <line num="140" count="1" type="stmt"/>
      <line num="144" count="1" type="stmt"/>
      <line num="148" count="3" type="stmt"/>
      <line num="149" count="3" type="stmt"/>
      <line num="154" count="3" type="stmt"/>
      <line num="155" count="3" type="stmt"/>
      <line num="156" count="2" type="cond" truecount="2" falsecount="0"/>
      <line num="157" count="1" type="stmt"/>
      <line num="163" count="1" type="stmt"/>
      <line num="165" count="1" type="stmt"/>
      <line num="166" count="1" type="stmt"/>
      <line num="168" count="1" type="stmt"/>
      <line num="179" count="1" type="stmt"/>
      <line num="183" count="2" type="stmt"/>
      <line num="185" count="2" type="stmt"/>
      <line num="186" count="2" type="stmt"/>
      <line num="190" count="1" type="stmt"/>
      <line num="196" count="1" type="stmt"/>
      <line num="200" count="1" type="stmt"/>
      <line num="205" count="3" type="stmt"/>
      <line num="206" count="3" type="stmt"/>
      <line num="211" count="3" type="stmt"/>
      <line num="212" count="3" type="stmt"/>
      <line num="213" count="2" type="cond" truecount="2" falsecount="0"/>
      <line num="214" count="1" type="stmt"/>
      <line num="220" count="1" type="stmt"/>
      <line num="222" count="1" type="stmt"/>
      <line num="223" count="1" type="stmt"/>
      <line num="230" count="1" type="stmt"/>
    </file>
    <file name="firebase.ts" path="C:\Users\cdieb\OneDrive\Documents\technically-functional\mobile\lib\firebase.ts">
      <metrics statements="7" coveredstatements="7" conditionals="0" coveredconditionals="0" methods="0" coveredmethods="0"/>
      <line num="1" count="2" type="stmt"/>
      <line num="2" count="2" type="stmt"/>
      <line num="3" count="2" type="stmt"/>
      <line num="5" count="2" type="stmt"/>
      <line num="16" count="2" type="stmt"/>
      <line num="17" count="2" type="stmt"/>
      <line num="18" count="2" type="stmt"/>
    </file>
    <file name="metricsService.ts" path="C:\Users\cdieb\OneDrive\Documents\technically-functional\mobile\lib\metricsService.ts">
      <metrics statements="44" coveredstatements="43" conditionals="41" coveredconditionals="32" methods="3" coveredmethods="3"/>
      <line num="1" count="1" type="stmt"/>
      <line num="2" count="1" type="stmt"/>
      <line num="3" count="1" type="stmt"/>
      <line num="17" count="1" type="stmt"/>
      <line num="18" count="5" type="stmt"/>
      <line num="19" count="5" type="stmt"/>
      <line num="21" count="5" type="cond" truecount="2" falsecount="0"/>
      <line num="22" count="1" type="stmt"/>
      <line num="25" count="4" type="stmt"/>
      <line num="26" count="4" type="stmt"/>
      <line num="28" count="4" type="cond" truecount="2" falsecount="0"/>
      <line num="29" count="1" type="stmt"/>
      <line num="32" count="3" type="stmt"/>
      <line num="34" count="3" type="cond" truecount="2" falsecount="0"/>
      <line num="36" count="3" type="stmt"/>
      <line num="77" count="3" type="stmt"/>
      <line num="78" count="3" type="stmt"/>
      <line num="80" count="3" type="stmt"/>
      <line num="83" count="1" type="stmt"/>
      <line num="94" count="4" type="stmt"/>
      <line num="95" count="4" type="stmt"/>
      <line num="97" count="4" type="cond" truecount="2" falsecount="0"/>
      <line num="98" count="1" type="stmt"/>
      <line num="101" count="3" type="stmt"/>
      <line num="102" count="3" type="stmt"/>
      <line num="103" count="3" type="cond" truecount="2" falsecount="0"/>
      <line num="106" count="3" type="stmt"/>
      <line num="109" count="3" type="cond" truecount="2" falsecount="0"/>
      <line num="111" count="3" type="stmt"/>
      <line num="135" count="3" type="stmt"/>
      <line num="136" count="3" type="stmt"/>
      <line num="139" count="3" type="stmt"/>
      <line num="143" count="1" type="stmt"/>
      <line num="144" count="4" type="stmt"/>
      <line num="145" count="4" type="stmt"/>
      <line num="146" count="4" type="stmt"/>
      <line num="148" count="4" type="cond" truecount="2" falsecount="0"/>
      <line num="150" count="3" type="stmt"/>
      <line num="151" count="3" type="stmt"/>
      <line num="153" count="2" type="cond" truecount="1" falsecount="1"/>
      <line num="154" count="2" type="cond" truecount="2" falsecount="1"/>
      <line num="157" count="0" type="cond" truecount="0" falsecount="2"/>
      <line num="159" count="1" type="stmt"/>
      <line num="160" count="1" type="stmt"/>
    </file>
    <file name="poseService.ts" path="C:\Users\cdieb\OneDrive\Documents\technically-functional\mobile\lib\poseService.ts">
      <metrics statements="8" coveredstatements="8" conditionals="0" coveredconditionals="0" methods="2" coveredmethods="2"/>
      <line num="1" count="1" type="stmt"/>
      <line num="3" count="1" type="stmt"/>
      <line num="18" count="1" type="stmt"/>
      <line num="23" count="3" type="stmt"/>
      <line num="25" count="3" type="stmt"/>
      <line num="31" count="2" type="stmt"/>
      <line num="34" count="1" type="stmt"/>
      <line num="35" count="2" type="stmt"/>
    </file>
    <file name="profileActivity.ts" path="C:\Users\cdieb\OneDrive\Documents\technically-functional\mobile\lib\profileActivity.ts">
      <metrics statements="133" coveredstatements="133" conditionals="26" coveredconditionals="26" methods="24" coveredmethods="24"/>
      <line num="1" count="1" type="stmt"/>
      <line num="12" count="1" type="stmt"/>
      <line num="14" count="1" type="stmt"/>
      <line num="16" count="1" type="stmt"/>
      <line num="17" count="1" type="stmt"/>
      <line num="35" count="1" type="stmt"/>
      <line num="36" count="1" type="stmt"/>
      <line num="38" count="1" type="stmt"/>
      <line num="39" count="4" type="stmt"/>
      <line num="40" count="4" type="cond" truecount="2" falsecount="0"/>
      <line num="42" count="3" type="stmt"/>
      <line num="43" count="3" type="stmt"/>
      <line num="44" count="3" type="stmt"/>
      <line num="45" count="2" type="cond" truecount="2" falsecount="0"/>
      <line num="47" count="1" type="stmt"/>
      <line num="48" count="1" type="stmt"/>
      <line num="50" count="1" type="stmt"/>
      <line num="51" count="1" type="stmt"/>
      <line num="55" count="1" type="stmt"/>
      <line num="56" count="2" type="stmt"/>
      <line num="57" count="2" type="cond" truecount="2" falsecount="0"/>
      <line num="58" count="1" type="stmt"/>
      <line num="61" count="1" type="stmt"/>
      <line num="62" count="16" type="stmt"/>
      <line num="63" count="16" type="stmt"/>
      <line num="64" count="16" type="stmt"/>
      <line num="65" count="16" type="stmt"/>
      <line num="66" count="12" type="stmt"/>
      <line num="67" count="12" type="stmt"/>
      <line num="68" count="21" type="stmt"/>
      <line num="71" count="12" type="stmt"/>
      <line num="72" count="16" type="stmt"/>
      <line num="73" count="16" type="stmt"/>
      <line num="74" count="16" type="stmt"/>
      <line num="76" count="12" type="stmt"/>
      <line num="78" count="4" type="stmt"/>
      <line num="79" count="4" type="stmt"/>
      <line num="83" count="1" type="stmt"/>
      <line num="84" count="3" type="stmt"/>
      <line num="85" count="3" type="cond" truecount="2" falsecount="0"/>
      <line num="86" count="2" type="stmt"/>
      <line num="93" count="1" type="stmt"/>
      <line num="94" count="3" type="stmt"/>
      <line num="96" count="1" type="stmt"/>
      <line num="97" count="1" type="stmt"/>
      <line num="99" count="1" type="stmt"/>
      <line num="100" count="1" type="stmt"/>
      <line num="101" count="1" type="stmt"/>
      <line num="102" count="1" type="stmt"/>
      <line num="104" count="1" type="stmt"/>
      <line num="105" count="1" type="stmt"/>
      <line num="106" count="1" type="stmt"/>
      <line num="107" count="4" type="stmt"/>
      <line num="108" count="4" type="stmt"/>
      <line num="110" count="4" type="stmt"/>
      <line num="112" count="4" type="stmt"/>
      <line num="114" count="4" type="cond" truecount="2" falsecount="0"/>
      <line num="116" count="3" type="stmt"/>
      <line num="119" count="1" type="stmt"/>
      <line num="120" count="1" type="stmt"/>
      <line num="125" count="3" type="stmt"/>
      <line num="130" count="1" type="stmt"/>
      <line num="133" count="5" type="stmt"/>
      <line num="134" count="5" type="stmt"/>
      <line num="135" count="5" type="stmt"/>
      <line num="136" count="35" type="stmt"/>
      <line num="137" count="35" type="stmt"/>
      <line num="138" count="35" type="stmt"/>
      <line num="139" count="35" type="stmt"/>
      <line num="140" count="63" type="stmt"/>
      <line num="141" count="9" type="cond" truecount="2" falsecount="0"/>
      <line num="142" count="35" type="stmt"/>
      <line num="149" count="5" type="stmt"/>
      <line num="150" count="5" type="stmt"/>
      <line num="153" count="1" type="stmt"/>
      <line num="156" count="4" type="stmt"/>
      <line num="157" count="4" type="stmt"/>
      <line num="158" count="28" type="stmt"/>
      <line num="159" count="28" type="stmt"/>
      <line num="160" count="42" type="stmt"/>
      <line num="161" count="28" type="stmt"/>
      <line num="168" count="4" type="stmt"/>
      <line num="169" count="4" type="stmt"/>
      <line num="172" count="1" type="stmt"/>
      <line num="173" count="3" type="stmt"/>
      <line num="174" count="3" type="stmt"/>
      <line num="175" count="3" type="stmt"/>
      <line num="176" count="3" type="stmt"/>
      <line num="177" count="2" type="stmt"/>
      <line num="179" count="1" type="stmt"/>
      <line num="180" count="1" type="stmt"/>
      <line num="184" count="1" type="stmt"/>
      <line num="189" count="3" type="stmt"/>
      <line num="192" count="3" type="cond" truecount="2" falsecount="0"/>
      <line num="193" count="1" type="stmt"/>
      <line num="194" count="1" type="stmt"/>
      <line num="196" count="2" type="stmt"/>
      <line num="197" count="2" type="stmt"/>
      <line num="198" count="2" type="stmt"/>
      <line num="199" count="2" type="stmt"/>
      <line num="200" count="1" type="stmt"/>
      <line num="208" count="1" type="stmt"/>
      <line num="210" count="1" type="stmt"/>
      <line num="211" count="1" type="stmt"/>
      <line num="215" count="1" type="stmt"/>
      <line num="216" count="5" type="stmt"/>
      <line num="217" count="5" type="stmt"/>
      <line num="218" count="4" type="cond" truecount="2" falsecount="0"/>
      <line num="219" count="3" type="stmt"/>
      <line num="220" count="3" type="cond" truecount="2" falsecount="0"/>
      <line num="222" count="1" type="stmt"/>
      <line num="223" count="1" type="stmt"/>
      <line num="227" count="1" type="stmt"/>
      <line num="228" count="2" type="cond" truecount="2" falsecount="0"/>
      <line num="229" count="1" type="stmt"/>
      <line num="230" count="1" type="stmt"/>
      <line num="232" count="1" type="stmt"/>
      <line num="235" count="1" type="stmt"/>
      <line num="236" count="2" type="stmt"/>
      <line num="237" count="2" type="stmt"/>
      <line num="240" count="1" type="stmt"/>
      <line num="241" count="2" type="stmt"/>
      <line num="242" count="2" type="cond" truecount="2" falsecount="0"/>
      <line num="243" count="1" type="stmt"/>
      <line num="246" count="1" type="stmt"/>
      <line num="247" count="1" type="stmt"/>
      <line num="250" count="1" type="stmt"/>
      <line num="253" count="3" type="stmt"/>
      <line num="254" count="3" type="stmt"/>
      <line num="255" count="3" type="stmt"/>
      <line num="256" count="3" type="cond" truecount="2" falsecount="0"/>
      <line num="257" count="2" type="stmt"/>
      <line num="258" count="2" type="cond" truecount="2" falsecount="0"/>
    </file>
    <file name="roleStore.ts" path="C:\Users\cdieb\OneDrive\Documents\technically-functional\mobile\lib\roleStore.ts">
      <metrics statements="10" coveredstatements="0" conditionals="4" coveredconditionals="0" methods="3" coveredmethods="0"/>
      <line num="1" count="0" type="stmt"/>
      <line num="3" count="0" type="stmt"/>
      <line num="7" count="0" type="stmt"/>
      <line num="8" count="0" type="stmt"/>
      <line num="11" count="0" type="stmt"/>
      <line num="12" count="0" type="stmt"/>
      <line num="13" count="0" type="cond" truecount="0" falsecount="4"/>
      <line num="14" count="0" type="stmt"/>
      <line num="17" count="0" type="stmt"/>
      <line num="18" count="0" type="stmt"/>
    </file>
    <file name="temp.ts" path="C:\Users\cdieb\OneDrive\Documents\technically-functional\mobile\lib\temp.ts">
      <metrics statements="12" coveredstatements="0" conditionals="4" coveredconditionals="0" methods="1" coveredmethods="0"/>
      <line num="1" count="0" type="stmt"/>
      <line num="2" count="0" type="stmt"/>
      <line num="23" count="0" type="stmt"/>
      <line num="24" count="0" type="stmt"/>
      <line num="25" count="0" type="cond" truecount="0" falsecount="2"/>
      <line num="27" count="0" type="stmt"/>
      <line num="28" count="0" type="stmt"/>
      <line num="29" count="0" type="cond" truecount="0" falsecount="2"/>
      <line num="31" count="0" type="stmt"/>
      <line num="32" count="0" type="stmt"/>
      <line num="34" count="0" type="stmt"/>
      <line num="35" count="0" type="stmt"/>
    </file>
    <file name="useraccount.ts" path="C:\Users\cdieb\OneDrive\Documents\technically-functional\mobile\lib\useraccount.ts">
      <metrics statements="183" coveredstatements="153" conditionals="41" coveredconditionals="33" methods="32" coveredmethods="26"/>
      <line num="3" count="2" type="stmt"/>
      <line num="11" count="2" type="stmt"/>
      <line num="24" count="2" type="stmt"/>
      <line num="57" count="2" type="stmt"/>
      <line num="59" count="4" type="stmt"/>
      <line num="60" count="4" type="stmt"/>
      <line num="64" count="2" type="stmt"/>
      <line num="66" count="0" type="stmt"/>
      <line num="67" count="0" type="stmt"/>
      <line num="71" count="2" type="stmt"/>
      <line num="73" count="1" type="stmt"/>
      <line num="74" count="1" type="stmt"/>
      <line num="78" count="2" type="stmt"/>
      <line num="80" count="4" type="stmt"/>
      <line num="81" count="4" type="stmt"/>
      <line num="85" count="2" type="stmt"/>
      <line num="87" count="0" type="stmt"/>
      <line num="88" count="0" type="stmt"/>
      <line num="92" count="2" type="stmt"/>
      <line num="94" count="0" type="stmt"/>
      <line num="95" count="0" type="stmt"/>
      <line num="100" count="2" type="stmt"/>
      <line num="101" count="32" type="stmt"/>
      <line num="102" count="32" type="stmt"/>
      <line num="103" count="32" type="stmt"/>
      <line num="110" count="0" type="stmt"/>
      <line num="111" count="0" type="stmt"/>
      <line num="115" count="0" type="stmt"/>
      <line num="119" count="0" type="stmt"/>
      <line num="125" count="2" type="stmt"/>
      <line num="126" count="2" type="stmt"/>
      <line num="127" count="1" type="stmt"/>
      <line num="129" count="1" type="stmt"/>
      <line num="136" count="4" type="cond" truecount="2" falsecount="0"/>
      <line num="137" count="1" type="stmt"/>
      <line num="140" count="3" type="stmt"/>
      <line num="141" count="3" type="stmt"/>
      <line num="142" count="3" type="stmt"/>
      <line num="144" count="3" type="cond" truecount="2" falsecount="0"/>
      <line num="145" count="1" type="stmt"/>
      <line num="148" count="1" type="stmt"/>
      <line num="150" count="1" type="stmt"/>
      <line num="155" count="2" type="stmt"/>
      <line num="156" count="2" type="stmt"/>
      <line num="161" count="2" type="stmt"/>
      <line num="162" count="2" type="stmt"/>
      <line num="163" count="2" type="stmt"/>
      <line num="167" count="2" type="stmt"/>
      <line num="169" count="2" type="cond" truecount="2" falsecount="0"/>
      <line num="171" count="1" type="stmt"/>
      <line num="172" count="1" type="stmt"/>
      <line num="173" count="1" type="stmt"/>
      <line num="175" count="0" type="stmt"/>
      <line num="176" count="0" type="stmt"/>
      <line num="181" count="2" type="stmt"/>
      <line num="182" count="2" type="stmt"/>
      <line num="186" count="2" type="stmt"/>
      <line num="187" count="2" type="stmt"/>
      <line num="188" count="2" type="cond" truecount="2" falsecount="0"/>
      <line num="189" count="1" type="stmt"/>
      <line num="192" count="1" type="stmt"/>
      <line num="198" count="1" type="stmt"/>
      <line num="200" count="1" type="stmt"/>
      <line num="202" count="1" type="stmt"/>
      <line num="203" count="1" type="stmt"/>
      <line num="205" count="1" type="stmt"/>
      <line num="206" count="1" type="stmt"/>
      <line num="211" count="2" type="stmt"/>
      <line num="212" count="2" type="stmt"/>
      <line num="214" count="2" type="cond" truecount="2" falsecount="0"/>
      <line num="215" count="1" type="stmt"/>
      <line num="218" count="1" type="stmt"/>
      <line num="223" count="1" type="stmt"/>
      <line num="225" count="0" type="stmt"/>
      <line num="226" count="0" type="stmt"/>
      <line num="231" count="3" type="stmt"/>
      <line num="232" count="3" type="stmt"/>
      <line num="233" count="3" type="cond" truecount="2" falsecount="0"/>
      <line num="234" count="2" type="stmt"/>
      <line num="239" count="1" type="stmt"/>
      <line num="241" count="2" type="stmt"/>
      <line num="242" count="2" type="stmt"/>
      <line num="249" count="2" type="stmt"/>
      <line num="250" count="2" type="stmt"/>
      <line num="251" count="2" type="stmt"/>
      <line num="256" count="2" type="stmt"/>
      <line num="258" count="1" type="stmt"/>
      <line num="259" count="1" type="stmt"/>
      <line num="260" count="2" type="stmt"/>
      <line num="261" count="2" type="stmt"/>
      <line num="264" count="1" type="stmt"/>
      <line num="266" count="1" type="stmt"/>
      <line num="267" count="1" type="stmt"/>
      <line num="272" count="1" type="stmt"/>
      <line num="273" count="1" type="stmt"/>
      <line num="274" count="1" type="stmt"/>
      <line num="276" count="1" type="stmt"/>
      <line num="277" count="1" type="stmt"/>
      <line num="279" count="1" type="stmt"/>
      <line num="280" count="3" type="stmt"/>
      <line num="281" count="3" type="cond" truecount="2" falsecount="0"/>
      <line num="282" count="2" type="stmt"/>
      <line num="286" count="1" type="stmt"/>
      <line num="288" count="0" type="stmt"/>
      <line num="289" count="0" type="stmt"/>
      <line num="294" count="1" type="stmt"/>
      <line num="295" count="1" type="stmt"/>
      <line num="296" count="1" type="stmt"/>
      <line num="298" count="1" type="stmt"/>
      <line num="299" count="1" type="stmt"/>
      <line num="300" count="3" type="stmt"/>
      <line num="301" count="3" type="stmt"/>
      <line num="304" count="1" type="stmt"/>
      <line num="306" count="0" type="stmt"/>
      <line num="307" count="0" type="stmt"/>
      <line num="317" count="2" type="stmt"/>
      <line num="318" count="2" type="stmt"/>
      <line num="319" count="2" type="stmt"/>
      <line num="321" count="2" type="cond" truecount="2" falsecount="0"/>
      <line num="322" count="1" type="stmt"/>
      <line num="325" count="2" type="stmt"/>
      <line num="327" count="2" type="stmt"/>
      <line num="328" count="2" type="stmt"/>
      <line num="329" count="3" type="stmt"/>
      <line num="330" count="3" type="stmt"/>
      <line num="333" count="2" type="cond" truecount="1" falsecount="1"/>
      <line num="334" count="0" type="stmt"/>
      <line num="337" count="2" type="stmt"/>
      <line num="338" count="2" type="stmt"/>
      <line num="340" count="2" type="stmt"/>
      <line num="341" count="3" type="cond" truecount="2" falsecount="0"/>
      <line num="342" count="2" type="stmt"/>
      <line num="343" count="1" type="cond" truecount="1" falsecount="1"/>
      <line num="344" count="1" type="stmt"/>
      <line num="348" count="2" type="stmt"/>
      <line num="350" count="0" type="stmt"/>
      <line num="351" count="0" type="stmt"/>
      <line num="362" count="2" type="cond" truecount="4" falsecount="1"/>
      <line num="363" count="0" type="stmt"/>
      <line num="368" count="2" type="stmt"/>
      <line num="369" count="2" type="stmt"/>
      <line num="370" count="2" type="cond" truecount="1" falsecount="1"/>
      <line num="371" count="0" type="stmt"/>
      <line num="376" count="2" type="cond" truecount="2" falsecount="0"/>
      <line num="377" count="1" type="stmt"/>
      <line num="380" count="1" type="stmt"/>
      <line num="381" count="1" type="stmt"/>
      <line num="387" count="1" type="stmt"/>
      <line num="389" count="1" type="cond" truecount="1" falsecount="1"/>
      <line num="390" count="0" type="stmt"/>
      <line num="395" count="1" type="stmt"/>
      <line num="396" count="1" type="stmt"/>
      <line num="397" count="1" type="stmt"/>
      <line num="400" count="1" type="cond" truecount="1" falsecount="1"/>
      <line num="401" count="0" type="stmt"/>
      <line num="406" count="1" type="stmt"/>
      <line num="407" count="1" type="stmt"/>
      <line num="412" count="1" type="stmt"/>
      <line num="417" count="1" type="stmt"/>
      <line num="419" count="1" type="stmt"/>
      <line num="420" count="1" type="stmt"/>
      <line num="425" count="2" type="stmt"/>
      <line num="426" count="2" type="stmt"/>
      <line num="428" count="2" type="cond" truecount="2" falsecount="0"/>
      <line num="429" count="1" type="stmt"/>
      <line num="432" count="1" type="stmt"/>
      <line num="434" count="1" type="cond" truecount="1" falsecount="1"/>
      <line num="435" count="0" type="stmt"/>
      <line num="436" count="0" type="stmt"/>
      <line num="438" count="1" type="stmt"/>
      <line num="441" count="2" type="stmt"/>
      <line num="442" count="2" type="stmt"/>
      <line num="450" count="2" type="stmt"/>
      <line num="451" count="2" type="cond" truecount="1" falsecount="1"/>
      <line num="452" count="1" type="stmt"/>
      <line num="454" count="0" type="stmt"/>
      <line num="456" count="1" type="stmt"/>
      <line num="461" count="1" type="stmt"/>
      <line num="462" count="1" type="stmt"/>
      <line num="464" count="0" type="stmt"/>
      <line num="465" count="0" type="stmt"/>
      <line num="472" count="2" type="stmt"/>
      <line num="476" count="2" type="stmt"/>
    </file>
  </project>
</coverage>
