<?xml version="1.0" encoding="UTF-8"?>
<coverage generated="1773055181896" clover="3.2.0">
  <project timestamp="1773055181897" name="All files">
    <metrics statements="526" coveredstatements="162" conditionals="175" coveredconditionals="27" methods="74" coveredmethods="26" elements="775" coveredelements="215" complexity="0" loc="526" ncloc="526" packages="1" files="3" classes="3"/>
    <file name="firebase.ts" path="C:\Users\cdieb\OneDrive\Documents\technically-functional\mobile\lib\firebase.ts">
      <metrics statements="7" coveredstatements="7" conditionals="0" coveredconditionals="0" methods="0" coveredmethods="0"/>
      <line num="1" count="1" type="stmt"/>
      <line num="2" count="1" type="stmt"/>
      <line num="3" count="1" type="stmt"/>
      <line num="5" count="1" type="stmt"/>
      <line num="16" count="1" type="stmt"/>
      <line num="17" count="1" type="stmt"/>
      <line num="18" count="1" type="stmt"/>
    </file>
    <file name="profileActivity.ts" path="C:\Users\cdieb\OneDrive\Documents\technically-functional\mobile\lib\profileActivity.ts">
      <metrics statements="128" coveredstatements="128" conditionals="26" coveredconditionals="26" methods="24" coveredmethods="24"/>
      <line num="1" count="1" type="stmt"/>
      <line num="12" count="1" type="stmt"/>
      <line num="14" count="1" type="stmt"/>
      <line num="16" count="1" type="stmt"/>
      <line num="17" count="1" type="stmt"/>
      <line num="35" count="1" type="stmt"/>
      <line num="36" count="1" type="stmt"/>
      <line num="38" count="1" type="stmt"/>
      <line num="39" count="4" type="stmt"/>
      <line num="40" count="4" type="cond" truecount="2" falsecount="0"/>
      <line num="42" count="3" type="stmt"/>
      <line num="43" count="3" type="stmt"/>
      <line num="44" count="3" type="stmt"/>
      <line num="45" count="2" type="cond" truecount="2" falsecount="0"/>
      <line num="47" count="1" type="stmt"/>
      <line num="48" count="1" type="stmt"/>
      <line num="50" count="1" type="stmt"/>
      <line num="51" count="1" type="stmt"/>
      <line num="55" count="1" type="stmt"/>
      <line num="56" count="2" type="stmt"/>
      <line num="57" count="2" type="cond" truecount="2" falsecount="0"/>
      <line num="58" count="1" type="stmt"/>
      <line num="61" count="1" type="stmt"/>
      <line num="62" count="16" type="stmt"/>
      <line num="63" count="16" type="stmt"/>
      <line num="64" count="16" type="stmt"/>
      <line num="65" count="16" type="stmt"/>
      <line num="66" count="12" type="stmt"/>
      <line num="67" count="12" type="stmt"/>
      <line num="68" count="21" type="stmt"/>
      <line num="71" count="12" type="stmt"/>
      <line num="72" count="16" type="stmt"/>
      <line num="73" count="16" type="stmt"/>
      <line num="74" count="16" type="stmt"/>
      <line num="76" count="12" type="stmt"/>
      <line num="78" count="4" type="stmt"/>
      <line num="79" count="4" type="stmt"/>
      <line num="83" count="1" type="stmt"/>
      <line num="84" count="3" type="stmt"/>
      <line num="85" count="3" type="cond" truecount="2" falsecount="0"/>
      <line num="86" count="2" type="stmt"/>
      <line num="93" count="1" type="stmt"/>
      <line num="94" count="3" type="stmt"/>
      <line num="96" count="1" type="stmt"/>
      <line num="97" count="1" type="stmt"/>
      <line num="99" count="1" type="stmt"/>
      <line num="100" count="1" type="stmt"/>
      <line num="101" count="1" type="stmt"/>
      <line num="102" count="1" type="stmt"/>
      <line num="104" count="1" type="stmt"/>
      <line num="105" count="4" type="stmt"/>
      <line num="106" count="4" type="stmt"/>
      <line num="107" count="4" type="stmt"/>
      <line num="108" count="4" type="cond" truecount="2" falsecount="0"/>
      <line num="109" count="3" type="stmt"/>
      <line num="112" count="1" type="stmt"/>
      <line num="117" count="3" type="stmt"/>
      <line num="122" count="1" type="stmt"/>
      <line num="125" count="5" type="stmt"/>
      <line num="126" count="5" type="stmt"/>
      <line num="127" count="5" type="stmt"/>
      <line num="128" count="35" type="stmt"/>
      <line num="129" count="35" type="stmt"/>
      <line num="130" count="35" type="stmt"/>
      <line num="131" count="63" type="stmt"/>
      <line num="132" count="9" type="cond" truecount="2" falsecount="0"/>
      <line num="133" count="35" type="stmt"/>
      <line num="140" count="5" type="stmt"/>
      <line num="141" count="5" type="stmt"/>
      <line num="144" count="1" type="stmt"/>
      <line num="147" count="4" type="stmt"/>
      <line num="148" count="4" type="stmt"/>
      <line num="149" count="28" type="stmt"/>
      <line num="150" count="28" type="stmt"/>
      <line num="151" count="42" type="stmt"/>
      <line num="152" count="28" type="stmt"/>
      <line num="159" count="4" type="stmt"/>
      <line num="160" count="4" type="stmt"/>
      <line num="163" count="1" type="stmt"/>
      <line num="164" count="3" type="stmt"/>
      <line num="165" count="3" type="stmt"/>
      <line num="166" count="3" type="stmt"/>
      <line num="167" count="3" type="stmt"/>
      <line num="168" count="2" type="stmt"/>
      <line num="170" count="1" type="stmt"/>
      <line num="171" count="1" type="stmt"/>
      <line num="175" count="1" type="stmt"/>
      <line num="180" count="3" type="stmt"/>
      <line num="183" count="3" type="cond" truecount="2" falsecount="0"/>
      <line num="184" count="1" type="stmt"/>
      <line num="185" count="1" type="stmt"/>
      <line num="187" count="2" type="stmt"/>
      <line num="188" count="2" type="stmt"/>
      <line num="189" count="2" type="stmt"/>
      <line num="190" count="2" type="stmt"/>
      <line num="191" count="1" type="stmt"/>
      <line num="199" count="1" type="stmt"/>
      <line num="201" count="1" type="stmt"/>
      <line num="202" count="1" type="stmt"/>
      <line num="206" count="1" type="stmt"/>
      <line num="207" count="5" type="stmt"/>
      <line num="208" count="5" type="stmt"/>
      <line num="209" count="4" type="cond" truecount="2" falsecount="0"/>
      <line num="210" count="3" type="stmt"/>
      <line num="211" count="3" type="cond" truecount="2" falsecount="0"/>
      <line num="213" count="1" type="stmt"/>
      <line num="214" count="1" type="stmt"/>
      <line num="218" count="1" type="stmt"/>
      <line num="219" count="2" type="cond" truecount="2" falsecount="0"/>
      <line num="220" count="1" type="stmt"/>
      <line num="221" count="1" type="stmt"/>
      <line num="223" count="1" type="stmt"/>
      <line num="226" count="1" type="stmt"/>
      <line num="227" count="2" type="stmt"/>
      <line num="228" count="2" type="stmt"/>
      <line num="231" count="1" type="stmt"/>
      <line num="232" count="2" type="stmt"/>
      <line num="233" count="2" type="cond" truecount="2" falsecount="0"/>
      <line num="234" count="1" type="stmt"/>
      <line num="237" count="1" type="stmt"/>
      <line num="238" count="1" type="stmt"/>
      <line num="241" count="1" type="stmt"/>
      <line num="244" count="3" type="stmt"/>
      <line num="245" count="3" type="stmt"/>
      <line num="246" count="3" type="stmt"/>
      <line num="247" count="3" type="cond" truecount="2" falsecount="0"/>
      <line num="248" count="2" type="stmt"/>
      <line num="249" count="2" type="cond" truecount="2" falsecount="0"/>
    </file>
    <file name="useraccount.ts" path="C:\Users\cdieb\OneDrive\Documents\technically-functional\mobile\lib\useraccount.ts">
      <metrics statements="391" coveredstatements="27" conditionals="149" coveredconditionals="1" methods="50" coveredmethods="2"/>
      <line num="3" count="1" type="stmt"/>
      <line num="11" count="1" type="stmt"/>
      <line num="24" count="1" type="stmt"/>
      <line num="58" count="1" type="stmt"/>
      <line num="60" count="0" type="stmt"/>
      <line num="61" count="0" type="stmt"/>
      <line num="65" count="1" type="stmt"/>
      <line num="67" count="0" type="stmt"/>
      <line num="68" count="0" type="stmt"/>
      <line num="72" count="1" type="stmt"/>
      <line num="74" count="0" type="stmt"/>
      <line num="75" count="0" type="stmt"/>
      <line num="79" count="1" type="stmt"/>
      <line num="81" count="0" type="stmt"/>
      <line num="82" count="0" type="stmt"/>
      <line num="86" count="1" type="stmt"/>
      <line num="88" count="0" type="stmt"/>
      <line num="89" count="0" type="stmt"/>
      <line num="93" count="1" type="stmt"/>
      <line num="95" count="0" type="stmt"/>
      <line num="96" count="0" type="stmt"/>
      <line num="100" count="1" type="stmt"/>
      <line num="102" count="0" type="stmt"/>
      <line num="103" count="0" type="stmt"/>
      <line num="108" count="1" type="stmt"/>
      <line num="109" count="2" type="stmt"/>
      <line num="110" count="2" type="stmt"/>
      <line num="111" count="2" type="stmt"/>
      <line num="112" count="2" type="stmt"/>
      <line num="113" count="2" type="stmt"/>
      <line num="115" count="2" type="stmt"/>
      <line num="116" count="2" type="stmt"/>
      <line num="125" count="0" type="stmt"/>
      <line num="129" count="0" type="cond" truecount="0" falsecount="2"/>
      <line num="130" count="0" type="stmt"/>
      <line num="133" count="0" type="stmt"/>
      <line num="135" count="0" type="cond" truecount="0" falsecount="2"/>
      <line num="136" count="0" type="stmt"/>
      <line num="141" count="0" type="stmt"/>
      <line num="142" count="0" type="stmt"/>
      <line num="143" count="0" type="stmt"/>
      <line num="145" count="0" type="cond" truecount="0" falsecount="2"/>
      <line num="146" count="0" type="stmt"/>
      <line num="151" count="0" type="stmt"/>
      <line num="153" count="0" type="cond" truecount="0" falsecount="2"/>
      <line num="154" count="0" type="stmt"/>
      <line num="159" count="0" type="cond" truecount="0" falsecount="2"/>
      <line num="160" count="0" type="stmt"/>
      <line num="165" count="0" type="stmt"/>
      <line num="166" count="0" type="stmt"/>
      <line num="168" count="0" type="cond" truecount="0" falsecount="2"/>
      <line num="169" count="0" type="stmt"/>
      <line num="171" count="0" type="stmt"/>
      <line num="172" count="0" type="stmt"/>
      <line num="178" count="0" type="stmt"/>
      <line num="179" count="0" type="stmt"/>
      <line num="180" count="0" type="stmt"/>
      <line num="186" count="0" type="stmt"/>
      <line num="187" count="0" type="stmt"/>
      <line num="189" count="0" type="stmt"/>
      <line num="190" count="0" type="stmt"/>
      <line num="200" count="0" type="stmt"/>
      <line num="201" count="0" type="stmt"/>
      <line num="202" count="0" type="stmt"/>
      <line num="204" count="0" type="cond" truecount="0" falsecount="2"/>
      <line num="205" count="0" type="stmt"/>
      <line num="206" count="0" type="stmt"/>
      <line num="209" count="0" type="stmt"/>
      <line num="210" count="0" type="stmt"/>
      <line num="211" count="0" type="cond" truecount="0" falsecount="2"/>
      <line num="216" count="0" type="stmt"/>
      <line num="220" count="0" type="stmt"/>
      <line num="222" count="0" type="stmt"/>
      <line num="225" count="0" type="stmt"/>
      <line num="227" count="0" type="stmt"/>
      <line num="228" count="0" type="stmt"/>
      <line num="229" count="0" type="stmt"/>
      <line num="235" count="0" type="stmt"/>
      <line num="242" count="0" type="stmt"/>
      <line num="247" count="0" type="stmt"/>
      <line num="248" count="0" type="stmt"/>
      <line num="253" count="0" type="stmt"/>
      <line num="254" count="0" type="stmt"/>
      <line num="255" count="0" type="stmt"/>
      <line num="257" count="0" type="cond" truecount="0" falsecount="2"/>
      <line num="258" count="0" type="stmt"/>
      <line num="259" count="0" type="stmt"/>
      <line num="262" count="0" type="stmt"/>
      <line num="263" count="0" type="cond" truecount="0" falsecount="2"/>
      <line num="264" count="0" type="cond" truecount="0" falsecount="2"/>
      <line num="266" count="0" type="cond" truecount="0" falsecount="2"/>
      <line num="267" count="0" type="stmt"/>
      <line num="268" count="0" type="stmt"/>
      <line num="269" count="0" type="stmt"/>
      <line num="272" count="0" type="stmt"/>
      <line num="273" count="0" type="stmt"/>
      <line num="275" count="0" type="stmt"/>
      <line num="282" count="0" type="stmt"/>
      <line num="283" count="0" type="stmt"/>
      <line num="285" count="0" type="stmt"/>
      <line num="286" count="0" type="stmt"/>
      <line num="291" count="0" type="stmt"/>
      <line num="293" count="0" type="stmt"/>
      <line num="294" count="0" type="stmt"/>
      <line num="298" count="0" type="stmt"/>
      <line num="300" count="0" type="cond" truecount="0" falsecount="2"/>
      <line num="301" count="0" type="stmt"/>
      <line num="302" count="0" type="stmt"/>
      <line num="306" count="0" type="stmt"/>
      <line num="310" count="0" type="stmt"/>
      <line num="311" count="0" type="stmt"/>
      <line num="312" count="0" type="cond" truecount="0" falsecount="2"/>
      <line num="313" count="0" type="stmt"/>
      <line num="316" count="0" type="stmt"/>
      <line num="319" count="0" type="stmt"/>
      <line num="320" count="0" type="stmt"/>
      <line num="322" count="0" type="cond" truecount="0" falsecount="2"/>
      <line num="323" count="0" type="stmt"/>
      <line num="324" count="0" type="cond" truecount="0" falsecount="2"/>
      <line num="325" count="0" type="cond" truecount="0" falsecount="2"/>
      <line num="327" count="0" type="stmt"/>
      <line num="329" count="0" type="cond" truecount="0" falsecount="2"/>
      <line num="330" count="0" type="stmt"/>
      <line num="333" count="0" type="stmt"/>
      <line num="340" count="0" type="stmt"/>
      <line num="343" count="0" type="stmt"/>
      <line num="351" count="0" type="stmt"/>
      <line num="352" count="0" type="stmt"/>
      <line num="356" count="0" type="stmt"/>
      <line num="360" count="0" type="stmt"/>
      <line num="366" count="0" type="cond" truecount="0" falsecount="4"/>
      <line num="367" count="0" type="stmt"/>
      <line num="370" count="0" type="cond" truecount="0" falsecount="2"/>
      <line num="371" count="0" type="stmt"/>
      <line num="374" count="0" type="stmt"/>
      <line num="375" count="0" type="stmt"/>
      <line num="380" count="0" type="stmt"/>
      <line num="382" count="0" type="stmt"/>
      <line num="383" count="0" type="cond" truecount="0" falsecount="2"/>
      <line num="384" count="0" type="stmt"/>
      <line num="387" count="0" type="stmt"/>
      <line num="389" count="0" type="cond" truecount="0" falsecount="2"/>
      <line num="390" count="0" type="stmt"/>
      <line num="391" count="0" type="stmt"/>
      <line num="395" count="0" type="stmt"/>
      <line num="398" count="0" type="stmt"/>
      <line num="401" count="0" type="stmt"/>
      <line num="403" count="0" type="stmt"/>
      <line num="405" count="0" type="cond" truecount="0" falsecount="2"/>
      <line num="409" count="0" type="stmt"/>
      <line num="412" count="0" type="cond" truecount="0" falsecount="2"/>
      <line num="417" count="0" type="stmt"/>
      <line num="418" count="0" type="stmt"/>
      <line num="419" count="0" type="stmt"/>
      <line num="421" count="0" type="stmt"/>
      <line num="422" count="0" type="stmt"/>
      <line num="433" count="0" type="cond" truecount="0" falsecount="2"/>
      <line num="439" count="0" type="stmt"/>
      <line num="442" count="0" type="cond" truecount="0" falsecount="2"/>
      <line num="443" count="0" type="stmt"/>
      <line num="446" count="0" type="cond" truecount="0" falsecount="2"/>
      <line num="447" count="0" type="stmt"/>
      <line num="450" count="0" type="cond" truecount="0" falsecount="2"/>
      <line num="451" count="0" type="stmt"/>
      <line num="454" count="0" type="stmt"/>
      <line num="456" count="0" type="cond" truecount="0" falsecount="2"/>
      <line num="457" count="0" type="stmt"/>
      <line num="462" count="0" type="stmt"/>
      <line num="464" count="0" type="stmt"/>
      <line num="465" count="0" type="cond" truecount="0" falsecount="2"/>
      <line num="466" count="0" type="stmt"/>
      <line num="471" count="0" type="cond" truecount="0" falsecount="2"/>
      <line num="472" count="0" type="stmt"/>
      <line num="475" count="0" type="stmt"/>
      <line num="477" count="0" type="stmt"/>
      <line num="482" count="0" type="stmt"/>
      <line num="484" count="0" type="stmt"/>
      <line num="495" count="0" type="stmt"/>
      <line num="497" count="0" type="stmt"/>
      <line num="501" count="0" type="stmt"/>
      <line num="511" count="0" type="cond" truecount="0" falsecount="2"/>
      <line num="518" count="0" type="stmt"/>
      <line num="521" count="0" type="cond" truecount="0" falsecount="2"/>
      <line num="522" count="0" type="stmt"/>
      <line num="525" count="0" type="cond" truecount="0" falsecount="2"/>
      <line num="526" count="0" type="stmt"/>
      <line num="529" count="0" type="cond" truecount="0" falsecount="2"/>
      <line num="530" count="0" type="stmt"/>
      <line num="533" count="0" type="stmt"/>
      <line num="535" count="0" type="stmt"/>
      <line num="536" count="0" type="stmt"/>
      <line num="538" count="0" type="cond" truecount="0" falsecount="2"/>
      <line num="539" count="0" type="stmt"/>
      <line num="542" count="0" type="stmt"/>
      <line num="543" count="0" type="cond" truecount="0" falsecount="2"/>
      <line num="544" count="0" type="stmt"/>
      <line num="546" count="0" type="cond" truecount="0" falsecount="2"/>
      <line num="547" count="0" type="stmt"/>
      <line num="550" count="0" type="stmt"/>
      <line num="551" count="0" type="cond" truecount="0" falsecount="2"/>
      <line num="552" count="0" type="stmt"/>
      <line num="555" count="0" type="cond" truecount="0" falsecount="2"/>
      <line num="556" count="0" type="stmt"/>
      <line num="559" count="0" type="stmt"/>
      <line num="561" count="0" type="stmt"/>
      <line num="566" count="0" type="stmt"/>
      <line num="568" count="0" type="stmt"/>
      <line num="579" count="0" type="stmt"/>
      <line num="581" count="0" type="stmt"/>
      <line num="587" count="0" type="stmt"/>
      <line num="589" count="0" type="stmt"/>
      <line num="593" count="0" type="stmt"/>
      <line num="594" count="0" type="stmt"/>
      <line num="595" count="0" type="stmt"/>
      <line num="597" count="0" type="stmt"/>
      <line num="604" count="1" type="cond" truecount="1" falsecount="1"/>
      <line num="605" count="0" type="stmt"/>
      <line num="608" count="1" type="stmt"/>
      <line num="609" count="1" type="stmt"/>
      <line num="610" count="1" type="stmt"/>
      <line num="612" count="1" type="cond" truecount="0" falsecount="2"/>
      <line num="613" count="0" type="stmt"/>
      <line num="616" count="0" type="stmt"/>
      <line num="618" count="0" type="stmt"/>
      <line num="623" count="1" type="stmt"/>
      <line num="624" count="1" type="stmt"/>
      <line num="629" count="0" type="stmt"/>
      <line num="630" count="0" type="stmt"/>
      <line num="631" count="0" type="stmt"/>
      <line num="632" count="0" type="stmt"/>
      <line num="634" count="0" type="cond" truecount="0" falsecount="2"/>
      <line num="636" count="0" type="stmt"/>
      <line num="637" count="0" type="stmt"/>
      <line num="638" count="0" type="stmt"/>
      <line num="640" count="0" type="stmt"/>
      <line num="641" count="0" type="stmt"/>
      <line num="646" count="0" type="stmt"/>
      <line num="647" count="0" type="stmt"/>
      <line num="648" count="0" type="stmt"/>
      <line num="652" count="0" type="stmt"/>
      <line num="654" count="0" type="cond" truecount="0" falsecount="2"/>
      <line num="656" count="0" type="stmt"/>
      <line num="657" count="0" type="stmt"/>
      <line num="658" count="0" type="stmt"/>
      <line num="660" count="0" type="stmt"/>
      <line num="661" count="0" type="stmt"/>
      <line num="666" count="0" type="stmt"/>
      <line num="667" count="0" type="stmt"/>
      <line num="671" count="0" type="stmt"/>
      <line num="672" count="0" type="stmt"/>
      <line num="673" count="0" type="cond" truecount="0" falsecount="2"/>
      <line num="674" count="0" type="stmt"/>
      <line num="679" count="0" type="stmt"/>
      <line num="687" count="0" type="cond" truecount="0" falsecount="4"/>
      <line num="688" count="0" type="stmt"/>
      <line num="691" count="0" type="stmt"/>
      <line num="696" count="0" type="stmt"/>
      <line num="697" count="0" type="stmt"/>
      <line num="699" count="0" type="stmt"/>
      <line num="700" count="0" type="stmt"/>
      <line num="705" count="0" type="stmt"/>
      <line num="706" count="0" type="stmt"/>
      <line num="707" count="0" type="stmt"/>
      <line num="712" count="0" type="cond" truecount="0" falsecount="2"/>
      <line num="713" count="0" type="stmt"/>
      <line num="714" count="0" type="stmt"/>
      <line num="715" count="0" type="stmt"/>
      <line num="716" count="0" type="stmt"/>
      <line num="721" count="0" type="stmt"/>
      <line num="722" count="0" type="stmt"/>
      <line num="723" count="0" type="cond" truecount="0" falsecount="2"/>
      <line num="724" count="0" type="stmt"/>
      <line num="729" count="0" type="stmt"/>
      <line num="734" count="0" type="stmt"/>
      <line num="736" count="0" type="stmt"/>
      <line num="737" count="0" type="stmt"/>
      <line num="739" count="0" type="stmt"/>
      <line num="740" count="0" type="stmt"/>
      <line num="745" count="0" type="stmt"/>
      <line num="746" count="0" type="stmt"/>
      <line num="747" count="0" type="cond" truecount="0" falsecount="2"/>
      <line num="748" count="0" type="stmt"/>
      <line num="753" count="0" type="stmt"/>
      <line num="755" count="0" type="stmt"/>
      <line num="756" count="0" type="stmt"/>
      <line num="763" count="0" type="stmt"/>
      <line num="764" count="0" type="stmt"/>
      <line num="765" count="0" type="stmt"/>
      <line num="770" count="0" type="stmt"/>
      <line num="772" count="0" type="stmt"/>
      <line num="773" count="0" type="stmt"/>
      <line num="774" count="0" type="stmt"/>
      <line num="775" count="0" type="stmt"/>
      <line num="778" count="0" type="stmt"/>
      <line num="780" count="0" type="stmt"/>
      <line num="781" count="0" type="stmt"/>
      <line num="786" count="0" type="stmt"/>
      <line num="787" count="0" type="stmt"/>
      <line num="788" count="0" type="stmt"/>
      <line num="790" count="0" type="stmt"/>
      <line num="791" count="0" type="stmt"/>
      <line num="793" count="0" type="stmt"/>
      <line num="794" count="0" type="stmt"/>
      <line num="795" count="0" type="cond" truecount="0" falsecount="2"/>
      <line num="796" count="0" type="stmt"/>
      <line num="800" count="0" type="stmt"/>
      <line num="802" count="0" type="stmt"/>
      <line num="803" count="0" type="stmt"/>
      <line num="808" count="0" type="stmt"/>
      <line num="809" count="0" type="stmt"/>
      <line num="810" count="0" type="stmt"/>
      <line num="812" count="0" type="stmt"/>
      <line num="813" count="0" type="stmt"/>
      <line num="814" count="0" type="stmt"/>
      <line num="815" count="0" type="stmt"/>
      <line num="818" count="0" type="stmt"/>
      <line num="820" count="0" type="stmt"/>
      <line num="821" count="0" type="stmt"/>
      <line num="831" count="0" type="stmt"/>
      <line num="832" count="0" type="stmt"/>
      <line num="833" count="0" type="stmt"/>
      <line num="835" count="0" type="cond" truecount="0" falsecount="2"/>
      <line num="836" count="0" type="stmt"/>
      <line num="839" count="0" type="stmt"/>
      <line num="841" count="0" type="stmt"/>
      <line num="842" count="0" type="stmt"/>
      <line num="843" count="0" type="stmt"/>
      <line num="844" count="0" type="stmt"/>
      <line num="847" count="0" type="cond" truecount="0" falsecount="2"/>
      <line num="848" count="0" type="stmt"/>
      <line num="851" count="0" type="stmt"/>
      <line num="852" count="0" type="stmt"/>
      <line num="854" count="0" type="stmt"/>
      <line num="855" count="0" type="cond" truecount="0" falsecount="2"/>
      <line num="856" count="0" type="stmt"/>
      <line num="857" count="0" type="cond" truecount="0" falsecount="2"/>
      <line num="858" count="0" type="stmt"/>
      <line num="862" count="0" type="stmt"/>
      <line num="864" count="0" type="stmt"/>
      <line num="865" count="0" type="stmt"/>
      <line num="876" count="0" type="cond" truecount="0" falsecount="5"/>
      <line num="877" count="0" type="stmt"/>
      <line num="882" count="0" type="stmt"/>
      <line num="883" count="0" type="stmt"/>
      <line num="884" count="0" type="cond" truecount="0" falsecount="2"/>
      <line num="885" count="0" type="stmt"/>
      <line num="890" count="0" type="cond" truecount="0" falsecount="2"/>
      <line num="891" count="0" type="stmt"/>
      <line num="893" count="0" type="stmt"/>
      <line num="894" count="0" type="stmt"/>
      <line num="900" count="0" type="stmt"/>
      <line num="902" count="0" type="cond" truecount="0" falsecount="2"/>
      <line num="903" count="0" type="stmt"/>
      <line num="907" count="0" type="stmt"/>
      <line num="908" count="0" type="stmt"/>
      <line num="909" count="0" type="stmt"/>
      <line num="912" count="0" type="cond" truecount="0" falsecount="2"/>
      <line num="913" count="0" type="stmt"/>
      <line num="917" count="0" type="stmt"/>
      <line num="918" count="0" type="stmt"/>
      <line num="919" count="0" type="stmt"/>
      <line num="921" count="0" type="stmt"/>
      <line num="926" count="0" type="cond" truecount="0" falsecount="2"/>
      <line num="927" count="0" type="stmt"/>
      <line num="930" count="0" type="stmt"/>
      <line num="935" count="0" type="stmt"/>
      <line num="937" count="0" type="stmt"/>
      <line num="938" count="0" type="stmt"/>
      <line num="942" count="0" type="stmt"/>
      <line num="943" count="0" type="stmt"/>
      <line num="945" count="0" type="cond" truecount="0" falsecount="2"/>
      <line num="946" count="0" type="stmt"/>
      <line num="949" count="0" type="stmt"/>
      <line num="951" count="0" type="cond" truecount="0" falsecount="2"/>
      <line num="952" count="0" type="stmt"/>
      <line num="953" count="0" type="stmt"/>
      <line num="955" count="0" type="stmt"/>
      <line num="958" count="0" type="stmt"/>
      <line num="959" count="0" type="stmt"/>
      <line num="967" count="0" type="stmt"/>
      <line num="968" count="0" type="cond" truecount="0" falsecount="2"/>
      <line num="969" count="0" type="stmt"/>
      <line num="971" count="0" type="stmt"/>
      <line num="973" count="0" type="stmt"/>
      <line num="978" count="0" type="stmt"/>
      <line num="979" count="0" type="stmt"/>
      <line num="980" count="0" type="stmt"/>
      <line num="982" count="0" type="stmt"/>
      <line num="983" count="0" type="stmt"/>
      <line num="990" count="1" type="stmt"/>
      <line num="994" count="1" type="stmt"/>
    </file>
  </project>
</coverage>
