{"C:\\Users\\cdieb\\OneDrive\\Documents\\technically-functional\\mobile\\lib\\firebase.ts": {"path":"C:\\Users\\cdieb\\OneDrive\\Documents\\technically-functional\\mobile\\lib\\firebase.ts","statementMap":{"0":{"start":{"line":1,"column":0},"end":{"line":1,"column":45}},"1":{"start":{"line":2,"column":0},"end":{"line":2,"column":40}},"2":{"start":{"line":3,"column":0},"end":{"line":3,"column":50}},"3":{"start":{"line":5,"column":23},"end":{"line":13,"column":2}},"4":{"start":{"line":16,"column":12},"end":{"line":16,"column":41}},"5":{"start":{"line":17,"column":13},"end":{"line":17,"column":33}},"6":{"start":{"line":18,"column":13},"end":{"line":18,"column":36}}},"fnMap":{},"branchMap":{},"s":{"0":1,"1":1,"2":1,"3":1,"4":1,"5":1,"6":1},"f":{},"b":{}}
,"C:\\Users\\cdieb\\OneDrive\\Documents\\technically-functional\\mobile\\lib\\profileActivity.ts": {"path":"C:\\Users\\cdieb\\OneDrive\\Documents\\technically-functional\\mobile\\lib\\profileActivity.ts","statementMap":{"0":{"start":{"line":38,"column":0},"end":{"line":38,"column":7}},"1":{"start":{"line":55,"column":0},"end":{"line":55,"column":7}},"2":{"start":{"line":61,"column":0},"end":{"line":61,"column":7}},"3":{"start":{"line":83,"column":0},"end":{"line":83,"column":7}},"4":{"start":{"line":122,"column":0},"end":{"line":122,"column":7}},"5":{"start":{"line":144,"column":0},"end":{"line":144,"column":7}},"6":{"start":{"line":163,"column":0},"end":{"line":163,"column":7}},"7":{"start":{"line":175,"column":0},"end":{"line":175,"column":7}},"8":{"start":{"line":206,"column":0},"end":{"line":206,"column":7}},"9":{"start":{"line":218,"column":0},"end":{"line":218,"column":7}},"10":{"start":{"line":226,"column":0},"end":{"line":226,"column":7}},"11":{"start":{"line":231,"column":0},"end":{"line":231,"column":7}},"12":{"start":{"line":237,"column":0},"end":{"line":237,"column":7}},"13":{"start":{"line":241,"column":0},"end":{"line":241,"column":7}},"14":{"start":{"line":1,"column":0},"end":{"line":1,"column":null}},"15":{"start":{"line":12,"column":0},"end":{"line":12,"column":38}},"16":{"start":{"line":14,"column":0},"end":{"line":14,"column":54}},"17":{"start":{"line":16,"column":0},"end":{"line":16,"column":69}},"18":{"start":{"line":17,"column":0},"end":{"line":17,"column":51}},"19":{"start":{"line":35,"column":17},"end":{"line":35,"column":33}},"20":{"start":{"line":36,"column":12},"end":{"line":36,"column":36}},"21":{"start":{"line":39,"column":15},"end":{"line":39,"column":31}},"22":{"start":{"line":40,"column":2},"end":{"line":40,"column":25}},"23":{"start":{"line":40,"column":13},"end":{"line":40,"column":25}},"24":{"start":{"line":42,"column":2},"end":{"line":52,"column":3}},"25":{"start":{"line":43,"column":4},"end":{"line":43,"column":38}},"26":{"start":{"line":44,"column":20},"end":{"line":44,"column":60}},"27":{"start":{"line":45,"column":4},"end":{"line":45,"column":39}},"28":{"start":{"line":45,"column":27},"end":{"line":45,"column":39}},"29":{"start":{"line":47,"column":21},"end":{"line":47,"column":60}},"30":{"start":{"line":48,"column":4},"end":{"line":48,"column":42}},"31":{"start":{"line":50,"column":4},"end":{"line":50,"column":56}},"32":{"start":{"line":51,"column":4},"end":{"line":51,"column":16}},"33":{"start":{"line":56,"column":15},"end":{"line":56,"column":31}},"34":{"start":{"line":57,"column":2},"end":{"line":57,"column":25}},"35":{"start":{"line":57,"column":13},"end":{"line":57,"column":25}},"36":{"start":{"line":58,"column":2},"end":{"line":58,"column":18}},"37":{"start":{"line":62,"column":2},"end":{"line":80,"column":3}},"38":{"start":{"line":63,"column":26},"end":{"line":63,"column":54}},"39":{"start":{"line":64,"column":14},"end":{"line":64,"column":59}},"40":{"start":{"line":65,"column":21},"end":{"line":65,"column":37}},"41":{"start":{"line":66,"column":39},"end":{"line":66,"column":41}},"42":{"start":{"line":67,"column":4},"end":{"line":69,"column":7}},"43":{"start":{"line":68,"column":6},"end":{"line":68,"column":50}},"44":{"start":{"line":71,"column":4},"end":{"line":75,"column":7}},"45":{"start":{"line":72,"column":20},"end":{"line":72,"column":56}},"46":{"start":{"line":73,"column":20},"end":{"line":73,"column":56}},"47":{"start":{"line":74,"column":6},"end":{"line":74,"column":27}},"48":{"start":{"line":76,"column":4},"end":{"line":76,"column":22}},"49":{"start":{"line":78,"column":4},"end":{"line":78,"column":59}},"50":{"start":{"line":79,"column":4},"end":{"line":79,"column":14}},"51":{"start":{"line":84,"column":21},"end":{"line":84,"column":49}},"52":{"start":{"line":85,"column":2},"end":{"line":92,"column":3}},"53":{"start":{"line":86,"column":4},"end":{"line":91,"column":6}},"54":{"start":{"line":93,"column":16},"end":{"line":94,"column":null}},"55":{"start":{"line":94,"column":11},"end":{"line":94,"column":65}},"56":{"start":{"line":96,"column":20},"end":{"line":96,"column":21}},"57":{"start":{"line":97,"column":16},"end":{"line":97,"column":26}},"58":{"start":{"line":99,"column":22},"end":{"line":99,"column":48}},"59":{"start":{"line":100,"column":12},"end":{"line":100,"column":55}},"60":{"start":{"line":101,"column":27},"end":{"line":101,"column":43}},"61":{"start":{"line":102,"column":24},"end":{"line":102,"column":45}},"62":{"start":{"line":104,"column":2},"end":{"line":110,"column":3}},"63":{"start":{"line":105,"column":22},"end":{"line":105,"column":37}},"64":{"start":{"line":106,"column":4},"end":{"line":106,"column":53}},"65":{"start":{"line":107,"column":20},"end":{"line":107,"column":57}},"66":{"start":{"line":108,"column":4},"end":{"line":108,"column":40}},"67":{"start":{"line":108,"column":34},"end":{"line":108,"column":40}},"68":{"start":{"line":109,"column":4},"end":{"line":109,"column":21}},"69":{"start":{"line":112,"column":2},"end":{"line":119,"column":4}},"70":{"start":{"line":117,"column":13},"end":{"line":117,"column":72}},"71":{"start":{"line":125,"column":21},"end":{"line":125,"column":49}},"72":{"start":{"line":126,"column":2},"end":{"line":126,"column":56}},"73":{"start":{"line":127,"column":20},"end":{"line":139,"column":4}},"74":{"start":{"line":128,"column":17},"end":{"line":128,"column":39}},"75":{"start":{"line":129,"column":20},"end":{"line":129,"column":46}},"76":{"start":{"line":130,"column":17},"end":{"line":132,"column":71}},"77":{"start":{"line":131,"column":21},"end":{"line":131,"column":49}},"78":{"start":{"line":132,"column":32},"end":{"line":132,"column":67}},"79":{"start":{"line":133,"column":4},"end":{"line":138,"column":6}},"80":{"start":{"line":140,"column":2},"end":{"line":140,"column":55}},"81":{"start":{"line":141,"column":2},"end":{"line":141,"column":29}},"82":{"start":{"line":147,"column":21},"end":{"line":147,"column":49}},"83":{"start":{"line":148,"column":20},"end":{"line":158,"column":4}},"84":{"start":{"line":149,"column":17},"end":{"line":149,"column":39}},"85":{"start":{"line":150,"column":20},"end":{"line":150,"column":46}},"86":{"start":{"line":151,"column":17},"end":{"line":151,"column":78}},"87":{"start":{"line":151,"column":42},"end":{"line":151,"column":70}},"88":{"start":{"line":152,"column":4},"end":{"line":157,"column":6}},"89":{"start":{"line":159,"column":2},"end":{"line":159,"column":59}},"90":{"start":{"line":160,"column":2},"end":{"line":160,"column":29}},"91":{"start":{"line":164,"column":22},"end":{"line":164,"column":48}},"92":{"start":{"line":165,"column":12},"end":{"line":165,"column":59}},"93":{"start":{"line":166,"column":2},"end":{"line":172,"column":3}},"94":{"start":{"line":167,"column":21},"end":{"line":167,"column":37}},"95":{"start":{"line":168,"column":4},"end":{"line":168,"column":65}},"96":{"start":{"line":168,"column":38},"end":{"line":168,"column":63}},"97":{"start":{"line":170,"column":4},"end":{"line":170,"column":52}},"98":{"start":{"line":171,"column":4},"end":{"line":171,"column":14}},"99":{"start":{"line":180,"column":14},"end":{"line":182,"column":4}},"100":{"start":{"line":183,"column":2},"end":{"line":186,"column":3}},"101":{"start":{"line":184,"column":4},"end":{"line":184,"column":56}},"102":{"start":{"line":185,"column":4},"end":{"line":185,"column":11}},"103":{"start":{"line":187,"column":2},"end":{"line":203,"column":3}},"104":{"start":{"line":188,"column":24},"end":{"line":188,"column":50}},"105":{"start":{"line":189,"column":4},"end":{"line":189,"column":51}},"106":{"start":{"line":190,"column":19},"end":{"line":190,"column":49}},"107":{"start":{"line":191,"column":20},"end":{"line":198,"column":6}},"108":{"start":{"line":199,"column":4},"end":{"line":199,"column":34}},"109":{"start":{"line":201,"column":4},"end":{"line":201,"column":51}},"110":{"start":{"line":202,"column":4},"end":{"line":202,"column":11}},"111":{"start":{"line":207,"column":2},"end":{"line":215,"column":3}},"112":{"start":{"line":208,"column":20},"end":{"line":208,"column":55}},"113":{"start":{"line":209,"column":4},"end":{"line":209,"column":49}},"114":{"start":{"line":209,"column":27},"end":{"line":209,"column":49}},"115":{"start":{"line":210,"column":21},"end":{"line":210,"column":35}},"116":{"start":{"line":211,"column":4},"end":{"line":211,"column":43}},"117":{"start":{"line":213,"column":4},"end":{"line":213,"column":53}},"118":{"start":{"line":214,"column":4},"end":{"line":214,"column":26}},"119":{"start":{"line":219,"column":2},"end":{"line":222,"column":3}},"120":{"start":{"line":220,"column":4},"end":{"line":220,"column":55}},"121":{"start":{"line":221,"column":4},"end":{"line":221,"column":11}},"122":{"start":{"line":223,"column":2},"end":{"line":223,"column":44}},"123":{"start":{"line":227,"column":12},"end":{"line":227,"column":42}},"124":{"start":{"line":228,"column":2},"end":{"line":228,"column":11}},"125":{"start":{"line":232,"column":12},"end":{"line":232,"column":48}},"126":{"start":{"line":233,"column":2},"end":{"line":233,"column":22}},"127":{"start":{"line":233,"column":10},"end":{"line":233,"column":22}},"128":{"start":{"line":234,"column":2},"end":{"line":234,"column":28}},"129":{"start":{"line":238,"column":2},"end":{"line":238,"column":42}},"130":{"start":{"line":244,"column":19},"end":{"line":244,"column":54}},"131":{"start":{"line":245,"column":12},"end":{"line":245,"column":62}},"132":{"start":{"line":246,"column":19},"end":{"line":246,"column":35}},"133":{"start":{"line":247,"column":2},"end":{"line":247,"column":34}},"134":{"start":{"line":247,"column":22},"end":{"line":247,"column":34}},"135":{"start":{"line":248,"column":18},"end":{"line":248,"column":34}},"136":{"start":{"line":249,"column":2},"end":{"line":249,"column":28}}},"fnMap":{"0":{"name":"getCurrentUser","decl":{"start":{"line":38,"column":22},"end":{"line":38,"column":36}},"loc":{"start":{"line":38,"column":36},"end":{"line":53,"column":1}}},"1":{"name":"getCurrentUserID","decl":{"start":{"line":55,"column":22},"end":{"line":55,"column":38}},"loc":{"start":{"line":55,"column":38},"end":{"line":59,"column":1}}},"2":{"name":"getUserActivities","decl":{"start":{"line":61,"column":22},"end":{"line":61,"column":39}},"loc":{"start":{"line":61,"column":51},"end":{"line":81,"column":1}}},"3":{"name":"(anonymous_4)","decl":{"start":{"line":67,"column":21},"end":{"line":67,"column":22}},"loc":{"start":{"line":67,"column":29},"end":{"line":69,"column":5}}},"4":{"name":"(anonymous_5)","decl":{"start":{"line":71,"column":20},"end":{"line":71,"column":21}},"loc":{"start":{"line":71,"column":29},"end":{"line":75,"column":5}}},"5":{"name":"getUserSummary","decl":{"start":{"line":83,"column":22},"end":{"line":83,"column":36}},"loc":{"start":{"line":83,"column":48},"end":{"line":120,"column":1}}},"6":{"name":"(anonymous_7)","decl":{"start":{"line":94,"column":4},"end":{"line":94,"column":5}},"loc":{"start":{"line":94,"column":11},"end":{"line":94,"column":65}}},"7":{"name":"(anonymous_8)","decl":{"start":{"line":117,"column":6},"end":{"line":117,"column":7}},"loc":{"start":{"line":117,"column":13},"end":{"line":117,"column":72}}},"8":{"name":"repsChartData","decl":{"start":{"line":122,"column":22},"end":{"line":122,"column":35}},"loc":{"start":{"line":123,"column":13},"end":{"line":142,"column":1}}},"9":{"name":"(anonymous_10)","decl":{"start":{"line":127,"column":50},"end":{"line":127,"column":51}},"loc":{"start":{"line":127,"column":59},"end":{"line":139,"column":3}}},"10":{"name":"(anonymous_11)","decl":{"start":{"line":131,"column":14},"end":{"line":131,"column":15}},"loc":{"start":{"line":131,"column":21},"end":{"line":131,"column":49}}},"11":{"name":"(anonymous_12)","decl":{"start":{"line":132,"column":14},"end":{"line":132,"column":15}},"loc":{"start":{"line":132,"column":32},"end":{"line":132,"column":67}}},"12":{"name":"exerciseChartData","decl":{"start":{"line":144,"column":22},"end":{"line":144,"column":39}},"loc":{"start":{"line":145,"column":13},"end":{"line":161,"column":1}}},"13":{"name":"(anonymous_14)","decl":{"start":{"line":148,"column":50},"end":{"line":148,"column":51}},"loc":{"start":{"line":148,"column":59},"end":{"line":158,"column":3}}},"14":{"name":"(anonymous_15)","decl":{"start":{"line":151,"column":35},"end":{"line":151,"column":36}},"loc":{"start":{"line":151,"column":42},"end":{"line":151,"column":70}}},"15":{"name":"getComments","decl":{"start":{"line":163,"column":22},"end":{"line":163,"column":33}},"loc":{"start":{"line":163,"column":47},"end":{"line":173,"column":1}}},"16":{"name":"(anonymous_17)","decl":{"start":{"line":168,"column":29},"end":{"line":168,"column":30}},"loc":{"start":{"line":168,"column":38},"end":{"line":168,"column":63}}},"17":{"name":"postComment","decl":{"start":{"line":175,"column":22},"end":{"line":175,"column":33}},"loc":{"start":{"line":178,"column":17},"end":{"line":204,"column":1}}},"18":{"name":"getName","decl":{"start":{"line":206,"column":22},"end":{"line":206,"column":29}},"loc":{"start":{"line":206,"column":41},"end":{"line":216,"column":1}}},"19":{"name":"setSelectedUserID","decl":{"start":{"line":218,"column":22},"end":{"line":218,"column":39}},"loc":{"start":{"line":218,"column":51},"end":{"line":224,"column":1}}},"20":{"name":"getSelectedUserID","decl":{"start":{"line":226,"column":22},"end":{"line":226,"column":39}},"loc":{"start":{"line":226,"column":39},"end":{"line":229,"column":1}}},"21":{"name":"getSelectedUser","decl":{"start":{"line":231,"column":22},"end":{"line":231,"column":37}},"loc":{"start":{"line":231,"column":37},"end":{"line":235,"column":1}}},"22":{"name":"clearSelectedUserID","decl":{"start":{"line":237,"column":22},"end":{"line":237,"column":41}},"loc":{"start":{"line":237,"column":41},"end":{"line":239,"column":1}}},"23":{"name":"getPhysioInviteCode","decl":{"start":{"line":241,"column":22},"end":{"line":241,"column":41}},"loc":{"start":{"line":242,"column":18},"end":{"line":250,"column":1}}}},"branchMap":{"0":{"loc":{"start":{"line":40,"column":2},"end":{"line":40,"column":25}},"type":"if","locations":[{"start":{"line":40,"column":2},"end":{"line":40,"column":25}},{"start":{},"end":{}}]},"1":{"loc":{"start":{"line":45,"column":4},"end":{"line":45,"column":39}},"type":"if","locations":[{"start":{"line":45,"column":4},"end":{"line":45,"column":39}},{"start":{},"end":{}}]},"2":{"loc":{"start":{"line":57,"column":2},"end":{"line":57,"column":25}},"type":"if","locations":[{"start":{"line":57,"column":2},"end":{"line":57,"column":25}},{"start":{},"end":{}}]},"3":{"loc":{"start":{"line":85,"column":2},"end":{"line":92,"column":3}},"type":"if","locations":[{"start":{"line":85,"column":2},"end":{"line":92,"column":3}},{"start":{},"end":{}}]},"4":{"loc":{"start":{"line":108,"column":4},"end":{"line":108,"column":40}},"type":"if","locations":[{"start":{"line":108,"column":4},"end":{"line":108,"column":40}},{"start":{},"end":{}}]},"5":{"loc":{"start":{"line":132,"column":39},"end":{"line":132,"column":66}},"type":"binary-expr","locations":[{"start":{"line":132,"column":39},"end":{"line":132,"column":61}},{"start":{"line":132,"column":65},"end":{"line":132,"column":66}}]},"6":{"loc":{"start":{"line":183,"column":2},"end":{"line":186,"column":3}},"type":"if","locations":[{"start":{"line":183,"column":2},"end":{"line":186,"column":3}},{"start":{},"end":{}}]},"7":{"loc":{"start":{"line":209,"column":4},"end":{"line":209,"column":49}},"type":"if","locations":[{"start":{"line":209,"column":4},"end":{"line":209,"column":49}},{"start":{},"end":{}}]},"8":{"loc":{"start":{"line":211,"column":11},"end":{"line":211,"column":42}},"type":"binary-expr","locations":[{"start":{"line":211,"column":11},"end":{"line":211,"column":24}},{"start":{"line":211,"column":28},"end":{"line":211,"column":42}}]},"9":{"loc":{"start":{"line":219,"column":2},"end":{"line":222,"column":3}},"type":"if","locations":[{"start":{"line":219,"column":2},"end":{"line":222,"column":3}},{"start":{},"end":{}}]},"10":{"loc":{"start":{"line":233,"column":2},"end":{"line":233,"column":22}},"type":"if","locations":[{"start":{"line":233,"column":2},"end":{"line":233,"column":22}},{"start":{},"end":{}}]},"11":{"loc":{"start":{"line":247,"column":2},"end":{"line":247,"column":34}},"type":"if","locations":[{"start":{"line":247,"column":2},"end":{"line":247,"column":34}},{"start":{},"end":{}}]},"12":{"loc":{"start":{"line":249,"column":9},"end":{"line":249,"column":27}},"type":"binary-expr","locations":[{"start":{"line":249,"column":9},"end":{"line":249,"column":19}},{"start":{"line":249,"column":23},"end":{"line":249,"column":27}}]}},"s":{"0":1,"1":1,"2":1,"3":1,"4":1,"5":1,"6":1,"7":1,"8":1,"9":1,"10":1,"11":1,"12":1,"13":1,"14":1,"15":1,"16":1,"17":1,"18":1,"19":1,"20":1,"21":4,"22":4,"23":1,"24":3,"25":3,"26":3,"27":2,"28":1,"29":1,"30":1,"31":1,"32":1,"33":2,"34":2,"35":1,"36":1,"37":16,"38":16,"39":16,"40":16,"41":12,"42":12,"43":21,"44":12,"45":16,"46":16,"47":16,"48":12,"49":4,"50":4,"51":3,"52":3,"53":2,"54":1,"55":3,"56":1,"57":1,"58":1,"59":1,"60":1,"61":1,"62":1,"63":4,"64":4,"65":4,"66":4,"67":1,"68":3,"69":1,"70":3,"71":5,"72":5,"73":5,"74":35,"75":35,"76":35,"77":63,"78":9,"79":35,"80":5,"81":5,"82":4,"83":4,"84":28,"85":28,"86":28,"87":42,"88":28,"89":4,"90":4,"91":3,"92":3,"93":3,"94":3,"95":2,"96":2,"97":1,"98":1,"99":3,"100":3,"101":1,"102":1,"103":2,"104":2,"105":2,"106":2,"107":1,"108":1,"109":1,"110":1,"111":5,"112":5,"113":4,"114":1,"115":3,"116":3,"117":1,"118":1,"119":2,"120":1,"121":1,"122":1,"123":2,"124":2,"125":2,"126":2,"127":1,"128":1,"129":1,"130":3,"131":3,"132":3,"133":3,"134":1,"135":2,"136":2},"f":{"0":4,"1":2,"2":16,"3":21,"4":16,"5":3,"6":3,"7":3,"8":5,"9":35,"10":63,"11":9,"12":4,"13":28,"14":42,"15":3,"16":2,"17":3,"18":5,"19":2,"20":2,"21":2,"22":1,"23":3},"b":{"0":[1,3],"1":[1,1],"2":[1,1],"3":[2,1],"4":[1,3],"5":[9,3],"6":[1,2],"7":[1,3],"8":[3,1],"9":[1,1],"10":[1,1],"11":[1,2],"12":[2,1]}}
,"C:\\Users\\cdieb\\OneDrive\\Documents\\technically-functional\\mobile\\lib\\useraccount.ts": {"path":"C:\\Users\\cdieb\\OneDrive\\Documents\\technically-functional\\mobile\\lib\\useraccount.ts","statementMap":{"0":{"start":{"line":3,"column":0},"end":{"line":3,"column":null}},"1":{"start":{"line":11,"column":0},"end":{"line":11,"column":null}},"2":{"start":{"line":24,"column":0},"end":{"line":24,"column":38}},"3":{"start":{"line":60,"column":4},"end":{"line":60,"column":19}},"4":{"start":{"line":61,"column":4},"end":{"line":61,"column":43}},"5":{"start":{"line":58,"column":0},"end":{"line":58,"column":13}},"6":{"start":{"line":67,"column":4},"end":{"line":67,"column":19}},"7":{"start":{"line":68,"column":4},"end":{"line":68,"column":43}},"8":{"start":{"line":65,"column":0},"end":{"line":65,"column":13}},"9":{"start":{"line":74,"column":4},"end":{"line":74,"column":19}},"10":{"start":{"line":75,"column":4},"end":{"line":75,"column":45}},"11":{"start":{"line":72,"column":0},"end":{"line":72,"column":13}},"12":{"start":{"line":81,"column":4},"end":{"line":81,"column":19}},"13":{"start":{"line":82,"column":4},"end":{"line":82,"column":45}},"14":{"start":{"line":79,"column":0},"end":{"line":79,"column":13}},"15":{"start":{"line":88,"column":4},"end":{"line":88,"column":19}},"16":{"start":{"line":89,"column":4},"end":{"line":89,"column":43}},"17":{"start":{"line":86,"column":0},"end":{"line":86,"column":13}},"18":{"start":{"line":95,"column":4},"end":{"line":95,"column":19}},"19":{"start":{"line":96,"column":4},"end":{"line":96,"column":57}},"20":{"start":{"line":93,"column":0},"end":{"line":93,"column":13}},"21":{"start":{"line":102,"column":4},"end":{"line":102,"column":19}},"22":{"start":{"line":103,"column":4},"end":{"line":103,"column":48}},"23":{"start":{"line":100,"column":0},"end":{"line":100,"column":13}},"24":{"start":{"line":109,"column":10},"end":{"line":109,"column":36}},"25":{"start":{"line":110,"column":10},"end":{"line":110,"column":38}},"26":{"start":{"line":111,"column":10},"end":{"line":111,"column":32}},"27":{"start":{"line":112,"column":10},"end":{"line":112,"column":49}},"28":{"start":{"line":113,"column":10},"end":{"line":113,"column":48}},"29":{"start":{"line":115,"column":19},"end":{"line":115,"column":34}},"30":{"start":{"line":116,"column":19},"end":{"line":116,"column":34}},"31":{"start":{"line":125,"column":4},"end":{"line":125,"column":71}},"32":{"start":{"line":129,"column":4},"end":{"line":131,"column":5}},"33":{"start":{"line":130,"column":6},"end":{"line":130,"column":71}},"34":{"start":{"line":133,"column":16},"end":{"line":133,"column":50}},"35":{"start":{"line":135,"column":4},"end":{"line":139,"column":5}},"36":{"start":{"line":136,"column":6},"end":{"line":138,"column":8}},"37":{"start":{"line":141,"column":4},"end":{"line":175,"column":5}},"38":{"start":{"line":142,"column":25},"end":{"line":142,"column":67}},"39":{"start":{"line":143,"column":25},"end":{"line":143,"column":49}},"40":{"start":{"line":145,"column":6},"end":{"line":149,"column":7}},"41":{"start":{"line":146,"column":8},"end":{"line":148,"column":10}},"42":{"start":{"line":151,"column":26},"end":{"line":151,"column":60}},"43":{"start":{"line":153,"column":6},"end":{"line":157,"column":7}},"44":{"start":{"line":154,"column":8},"end":{"line":156,"column":10}},"45":{"start":{"line":159,"column":6},"end":{"line":163,"column":7}},"46":{"start":{"line":160,"column":8},"end":{"line":162,"column":10}},"47":{"start":{"line":165,"column":6},"end":{"line":165,"column":59}},"48":{"start":{"line":166,"column":6},"end":{"line":166,"column":25}},"49":{"start":{"line":168,"column":6},"end":{"line":170,"column":7}},"50":{"start":{"line":169,"column":8},"end":{"line":169,"column":20}},"51":{"start":{"line":171,"column":6},"end":{"line":171,"column":56}},"52":{"start":{"line":172,"column":6},"end":{"line":174,"column":8}},"53":{"start":{"line":178,"column":4},"end":{"line":191,"column":5}},"54":{"start":{"line":179,"column":23},"end":{"line":179,"column":59}},"55":{"start":{"line":180,"column":16},"end":{"line":183,"column":null}},"56":{"start":{"line":186,"column":23},"end":{"line":186,"column":39}},"57":{"start":{"line":187,"column":6},"end":{"line":187,"column":29}},"58":{"start":{"line":189,"column":6},"end":{"line":189,"column":71}},"59":{"start":{"line":190,"column":6},"end":{"line":190,"column":19}},"60":{"start":{"line":200,"column":4},"end":{"line":249,"column":5}},"61":{"start":{"line":201,"column":22},"end":{"line":201,"column":68}},"62":{"start":{"line":202,"column":22},"end":{"line":202,"column":43}},"63":{"start":{"line":204,"column":6},"end":{"line":245,"column":7}},"64":{"start":{"line":205,"column":24},"end":{"line":205,"column":41}},"65":{"start":{"line":206,"column":30},"end":{"line":207,"column":null}},"66":{"start":{"line":209,"column":8},"end":{"line":218,"column":11}},"67":{"start":{"line":210,"column":23},"end":{"line":210,"column":33}},"68":{"start":{"line":211,"column":10},"end":{"line":217,"column":11}},"69":{"start":{"line":216,"column":12},"end":{"line":216,"column":37}},"70":{"start":{"line":220,"column":31},"end":{"line":222,"column":null}},"71":{"start":{"line":222,"column":20},"end":{"line":222,"column":35}},"72":{"start":{"line":225,"column":29},"end":{"line":225,"column":76}},"73":{"start":{"line":225,"column":59},"end":{"line":225,"column":75}},"74":{"start":{"line":227,"column":8},"end":{"line":233,"column":9}},"75":{"start":{"line":227,"column":21},"end":{"line":227,"column":44}},"76":{"start":{"line":228,"column":20},"end":{"line":228,"column":55}},"77":{"start":{"line":229,"column":10},"end":{"line":232,"column":12}},"78":{"start":{"line":235,"column":8},"end":{"line":240,"column":11}},"79":{"start":{"line":242,"column":8},"end":{"line":244,"column":10}},"80":{"start":{"line":247,"column":6},"end":{"line":247,"column":58}},"81":{"start":{"line":248,"column":6},"end":{"line":248,"column":18}},"82":{"start":{"line":253,"column":4},"end":{"line":287,"column":5}},"83":{"start":{"line":254,"column":22},"end":{"line":254,"column":68}},"84":{"start":{"line":255,"column":22},"end":{"line":255,"column":43}},"85":{"start":{"line":257,"column":6},"end":{"line":260,"column":7}},"86":{"start":{"line":258,"column":8},"end":{"line":258,"column":38}},"87":{"start":{"line":259,"column":8},"end":{"line":259,"column":37}},"88":{"start":{"line":262,"column":23},"end":{"line":262,"column":37}},"89":{"start":{"line":263,"column":25},"end":{"line":263,"column":54}},"90":{"start":{"line":264,"column":22},"end":{"line":264,"column":46}},"91":{"start":{"line":266,"column":6},"end":{"line":270,"column":7}},"92":{"start":{"line":267,"column":8},"end":{"line":267,"column":37}},"93":{"start":{"line":268,"column":8},"end":{"line":268,"column":38}},"94":{"start":{"line":269,"column":8},"end":{"line":269,"column":37}},"95":{"start":{"line":272,"column":21},"end":{"line":272,"column":42}},"96":{"start":{"line":273,"column":6},"end":{"line":273,"column":27}},"97":{"start":{"line":275,"column":6},"end":{"line":280,"column":9}},"98":{"start":{"line":282,"column":6},"end":{"line":282,"column":49}},"99":{"start":{"line":283,"column":6},"end":{"line":283,"column":20}},"100":{"start":{"line":285,"column":6},"end":{"line":285,"column":59}},"101":{"start":{"line":286,"column":6},"end":{"line":286,"column":40}},"102":{"start":{"line":291,"column":24},"end":{"line":291,"column":27}},"103":{"start":{"line":293,"column":4},"end":{"line":304,"column":5}},"104":{"start":{"line":293,"column":23},"end":{"line":293,"column":24}},"105":{"start":{"line":294,"column":21},"end":{"line":295,"column":null}},"106":{"start":{"line":298,"column":27},"end":{"line":298,"column":60}},"107":{"start":{"line":300,"column":6},"end":{"line":303,"column":7}},"108":{"start":{"line":301,"column":8},"end":{"line":301,"column":58}},"109":{"start":{"line":302,"column":8},"end":{"line":302,"column":22}},"110":{"start":{"line":306,"column":4},"end":{"line":306,"column":80}},"111":{"start":{"line":310,"column":4},"end":{"line":344,"column":5}},"112":{"start":{"line":311,"column":27},"end":{"line":311,"column":60}},"113":{"start":{"line":312,"column":6},"end":{"line":317,"column":7}},"114":{"start":{"line":313,"column":8},"end":{"line":315,"column":10}},"115":{"start":{"line":316,"column":8},"end":{"line":316,"column":15}},"116":{"start":{"line":319,"column":22},"end":{"line":319,"column":68}},"117":{"start":{"line":320,"column":22},"end":{"line":320,"column":43}},"118":{"start":{"line":322,"column":6},"end":{"line":341,"column":7}},"119":{"start":{"line":323,"column":25},"end":{"line":323,"column":39}},"120":{"start":{"line":324,"column":29},"end":{"line":324,"column":58}},"121":{"start":{"line":325,"column":24},"end":{"line":325,"column":48}},"122":{"start":{"line":327,"column":31},"end":{"line":327,"column":76}},"123":{"start":{"line":327,"column":62},"end":{"line":327,"column":75}},"124":{"start":{"line":329,"column":8},"end":{"line":331,"column":9}},"125":{"start":{"line":330,"column":10},"end":{"line":330,"column":36}},"126":{"start":{"line":333,"column":8},"end":{"line":338,"column":11}},"127":{"start":{"line":340,"column":8},"end":{"line":340,"column":57}},"128":{"start":{"line":343,"column":6},"end":{"line":343,"column":62}},"129":{"start":{"line":351,"column":23},"end":{"line":351,"column":51}},"130":{"start":{"line":352,"column":4},"end":{"line":352,"column":41}},"131":{"start":{"line":356,"column":4},"end":{"line":356,"column":32}},"132":{"start":{"line":360,"column":4},"end":{"line":360,"column":35}},"133":{"start":{"line":366,"column":4},"end":{"line":368,"column":5}},"134":{"start":{"line":367,"column":6},"end":{"line":367,"column":78}},"135":{"start":{"line":370,"column":4},"end":{"line":372,"column":5}},"136":{"start":{"line":371,"column":6},"end":{"line":371,"column":46}},"137":{"start":{"line":374,"column":4},"end":{"line":413,"column":5}},"138":{"start":{"line":375,"column":19},"end":{"line":378,"column":null}},"139":{"start":{"line":380,"column":18},"end":{"line":380,"column":31}},"140":{"start":{"line":382,"column":22},"end":{"line":382,"column":70}},"141":{"start":{"line":383,"column":6},"end":{"line":385,"column":7}},"142":{"start":{"line":384,"column":8},"end":{"line":384,"column":74}},"143":{"start":{"line":387,"column":23},"end":{"line":387,"column":62}},"144":{"start":{"line":389,"column":6},"end":{"line":396,"column":7}},"145":{"start":{"line":390,"column":23},"end":{"line":390,"column":50}},"146":{"start":{"line":391,"column":8},"end":{"line":394,"column":11}},"147":{"start":{"line":395,"column":8},"end":{"line":395,"column":33}},"148":{"start":{"line":398,"column":6},"end":{"line":400,"column":8}},"149":{"start":{"line":401,"column":6},"end":{"line":401,"column":34}},"150":{"start":{"line":403,"column":6},"end":{"line":403,"column":43}},"151":{"start":{"line":405,"column":6},"end":{"line":410,"column":7}},"152":{"start":{"line":409,"column":8},"end":{"line":409,"column":74}},"153":{"start":{"line":412,"column":6},"end":{"line":412,"column":55}},"154":{"start":{"line":417,"column":4},"end":{"line":423,"column":5}},"155":{"start":{"line":418,"column":6},"end":{"line":418,"column":26}},"156":{"start":{"line":419,"column":6},"end":{"line":419,"column":37}},"157":{"start":{"line":421,"column":6},"end":{"line":421,"column":44}},"158":{"start":{"line":422,"column":6},"end":{"line":422,"column":18}},"159":{"start":{"line":433,"column":4},"end":{"line":440,"column":5}},"160":{"start":{"line":439,"column":6},"end":{"line":439,"column":70}},"161":{"start":{"line":442,"column":4},"end":{"line":444,"column":5}},"162":{"start":{"line":443,"column":6},"end":{"line":443,"column":60}},"163":{"start":{"line":446,"column":4},"end":{"line":448,"column":5}},"164":{"start":{"line":447,"column":6},"end":{"line":447,"column":46}},"165":{"start":{"line":450,"column":4},"end":{"line":452,"column":5}},"166":{"start":{"line":451,"column":6},"end":{"line":451,"column":64}},"167":{"start":{"line":454,"column":16},"end":{"line":454,"column":57}},"168":{"start":{"line":456,"column":4},"end":{"line":460,"column":5}},"169":{"start":{"line":457,"column":6},"end":{"line":459,"column":8}},"170":{"start":{"line":462,"column":24},"end":{"line":462,"column":55}},"171":{"start":{"line":464,"column":32},"end":{"line":464,"column":74}},"172":{"start":{"line":465,"column":4},"end":{"line":469,"column":5}},"173":{"start":{"line":466,"column":6},"end":{"line":468,"column":8}},"174":{"start":{"line":471,"column":4},"end":{"line":473,"column":5}},"175":{"start":{"line":472,"column":6},"end":{"line":472,"column":50}},"176":{"start":{"line":475,"column":19},"end":{"line":475,"column":46}},"177":{"start":{"line":477,"column":17},"end":{"line":480,"column":null}},"178":{"start":{"line":482,"column":16},"end":{"line":482,"column":29}},"179":{"start":{"line":484,"column":44},"end":{"line":493,"column":6}},"180":{"start":{"line":495,"column":4},"end":{"line":495,"column":63}},"181":{"start":{"line":497,"column":4},"end":{"line":499,"column":6}},"182":{"start":{"line":501,"column":4},"end":{"line":501,"column":32}},"183":{"start":{"line":511,"column":4},"end":{"line":519,"column":5}},"184":{"start":{"line":518,"column":6},"end":{"line":518,"column":70}},"185":{"start":{"line":521,"column":4},"end":{"line":523,"column":5}},"186":{"start":{"line":522,"column":6},"end":{"line":522,"column":60}},"187":{"start":{"line":525,"column":4},"end":{"line":527,"column":5}},"188":{"start":{"line":526,"column":6},"end":{"line":526,"column":46}},"189":{"start":{"line":529,"column":4},"end":{"line":531,"column":5}},"190":{"start":{"line":530,"column":6},"end":{"line":530,"column":64}},"191":{"start":{"line":533,"column":17},"end":{"line":533,"column":55}},"192":{"start":{"line":535,"column":22},"end":{"line":535,"column":63}},"193":{"start":{"line":536,"column":23},"end":{"line":536,"column":46}},"194":{"start":{"line":538,"column":4},"end":{"line":540,"column":5}},"195":{"start":{"line":539,"column":6},"end":{"line":539,"column":45}},"196":{"start":{"line":542,"column":19},"end":{"line":542,"column":36}},"197":{"start":{"line":543,"column":4},"end":{"line":545,"column":5}},"198":{"start":{"line":544,"column":6},"end":{"line":544,"column":46}},"199":{"start":{"line":546,"column":4},"end":{"line":548,"column":5}},"200":{"start":{"line":547,"column":6},"end":{"line":547,"column":50}},"201":{"start":{"line":550,"column":21},"end":{"line":550,"column":36}},"202":{"start":{"line":551,"column":4},"end":{"line":553,"column":5}},"203":{"start":{"line":552,"column":6},"end":{"line":552,"column":57}},"204":{"start":{"line":555,"column":4},"end":{"line":557,"column":5}},"205":{"start":{"line":556,"column":6},"end":{"line":556,"column":50}},"206":{"start":{"line":559,"column":19},"end":{"line":559,"column":46}},"207":{"start":{"line":561,"column":17},"end":{"line":564,"column":null}},"208":{"start":{"line":566,"column":16},"end":{"line":566,"column":29}},"209":{"start":{"line":568,"column":44},"end":{"line":577,"column":6}},"210":{"start":{"line":579,"column":4},"end":{"line":579,"column":63}},"211":{"start":{"line":581,"column":4},"end":{"line":585,"column":7}},"212":{"start":{"line":587,"column":4},"end":{"line":587,"column":74}},"213":{"start":{"line":589,"column":4},"end":{"line":589,"column":32}},"214":{"start":{"line":593,"column":4},"end":{"line":598,"column":5}},"215":{"start":{"line":594,"column":6},"end":{"line":594,"column":69}},"216":{"start":{"line":595,"column":6},"end":{"line":595,"column":18}},"217":{"start":{"line":597,"column":6},"end":{"line":597,"column":19}},"218":{"start":{"line":604,"column":4},"end":{"line":606,"column":5}},"219":{"start":{"line":605,"column":6},"end":{"line":605,"column":62}},"220":{"start":{"line":608,"column":4},"end":{"line":625,"column":5}},"221":{"start":{"line":609,"column":22},"end":{"line":609,"column":56}},"222":{"start":{"line":610,"column":23},"end":{"line":610,"column":44}},"223":{"start":{"line":612,"column":6},"end":{"line":614,"column":7}},"224":{"start":{"line":613,"column":8},"end":{"line":613,"column":77}},"225":{"start":{"line":616,"column":23},"end":{"line":616,"column":63}},"226":{"start":{"line":618,"column":6},"end":{"line":621,"column":8}},"227":{"start":{"line":623,"column":6},"end":{"line":623,"column":63}},"228":{"start":{"line":624,"column":6},"end":{"line":624,"column":18}},"229":{"start":{"line":629,"column":4},"end":{"line":642,"column":5}},"230":{"start":{"line":630,"column":23},"end":{"line":630,"column":59}},"231":{"start":{"line":631,"column":16},"end":{"line":631,"column":62}},"232":{"start":{"line":632,"column":23},"end":{"line":632,"column":39}},"233":{"start":{"line":634,"column":6},"end":{"line":634,"column":38}},"234":{"start":{"line":634,"column":26},"end":{"line":634,"column":38}},"235":{"start":{"line":636,"column":18},"end":{"line":636,"column":34}},"236":{"start":{"line":637,"column":23},"end":{"line":637,"column":58}},"237":{"start":{"line":638,"column":6},"end":{"line":638,"column":42}},"238":{"start":{"line":640,"column":6},"end":{"line":640,"column":60}},"239":{"start":{"line":641,"column":6},"end":{"line":641,"column":18}},"240":{"start":{"line":646,"column":4},"end":{"line":662,"column":5}},"241":{"start":{"line":647,"column":23},"end":{"line":647,"column":59}},"242":{"start":{"line":648,"column":16},"end":{"line":650,"column":null}},"243":{"start":{"line":652,"column":23},"end":{"line":652,"column":39}},"244":{"start":{"line":654,"column":6},"end":{"line":654,"column":38}},"245":{"start":{"line":654,"column":26},"end":{"line":654,"column":38}},"246":{"start":{"line":656,"column":18},"end":{"line":656,"column":34}},"247":{"start":{"line":657,"column":23},"end":{"line":657,"column":58}},"248":{"start":{"line":658,"column":6},"end":{"line":658,"column":42}},"249":{"start":{"line":660,"column":6},"end":{"line":660,"column":59}},"250":{"start":{"line":661,"column":6},"end":{"line":661,"column":18}},"251":{"start":{"line":666,"column":17},"end":{"line":666,"column":49}},"252":{"start":{"line":667,"column":4},"end":{"line":667,"column":25}},"253":{"start":{"line":671,"column":4},"end":{"line":701,"column":5}},"254":{"start":{"line":672,"column":27},"end":{"line":672,"column":69}},"255":{"start":{"line":673,"column":6},"end":{"line":677,"column":7}},"256":{"start":{"line":674,"column":8},"end":{"line":676,"column":10}},"257":{"start":{"line":679,"column":44},"end":{"line":685,"column":8}},"258":{"start":{"line":687,"column":6},"end":{"line":689,"column":7}},"259":{"start":{"line":688,"column":8},"end":{"line":688,"column":58}},"260":{"start":{"line":691,"column":6},"end":{"line":694,"column":8}},"261":{"start":{"line":696,"column":6},"end":{"line":696,"column":78}},"262":{"start":{"line":697,"column":6},"end":{"line":697,"column":18}},"263":{"start":{"line":699,"column":6},"end":{"line":699,"column":51}},"264":{"start":{"line":700,"column":6},"end":{"line":700,"column":19}},"265":{"start":{"line":705,"column":4},"end":{"line":716,"column":27}},"266":{"start":{"line":706,"column":22},"end":{"line":706,"column":69}},"267":{"start":{"line":707,"column":6},"end":{"line":710,"column":9}},"268":{"start":{"line":712,"column":6},"end":{"line":712,"column":41}},"269":{"start":{"line":712,"column":28},"end":{"line":712,"column":41}},"270":{"start":{"line":713,"column":23},"end":{"line":713,"column":37}},"271":{"start":{"line":714,"column":6},"end":{"line":714,"column":46}},"272":{"start":{"line":715,"column":6},"end":{"line":715,"column":18}},"273":{"start":{"line":716,"column":13},"end":{"line":716,"column":26}},"274":{"start":{"line":721,"column":4},"end":{"line":741,"column":5}},"275":{"start":{"line":722,"column":19},"end":{"line":722,"column":52}},"276":{"start":{"line":723,"column":6},"end":{"line":727,"column":7}},"277":{"start":{"line":724,"column":8},"end":{"line":726,"column":10}},"278":{"start":{"line":729,"column":6},"end":{"line":732,"column":9}},"279":{"start":{"line":734,"column":6},"end":{"line":734,"column":43}},"280":{"start":{"line":736,"column":6},"end":{"line":736,"column":69}},"281":{"start":{"line":737,"column":6},"end":{"line":737,"column":18}},"282":{"start":{"line":739,"column":6},"end":{"line":739,"column":51}},"283":{"start":{"line":740,"column":6},"end":{"line":740,"column":19}},"284":{"start":{"line":745,"column":4},"end":{"line":757,"column":5}},"285":{"start":{"line":746,"column":19},"end":{"line":746,"column":51}},"286":{"start":{"line":747,"column":6},"end":{"line":751,"column":7}},"287":{"start":{"line":748,"column":8},"end":{"line":750,"column":10}},"288":{"start":{"line":753,"column":6},"end":{"line":753,"column":55}},"289":{"start":{"line":755,"column":6},"end":{"line":755,"column":60}},"290":{"start":{"line":756,"column":6},"end":{"line":756,"column":19}},"291":{"start":{"line":763,"column":4},"end":{"line":782,"column":5}},"292":{"start":{"line":764,"column":23},"end":{"line":764,"column":59}},"293":{"start":{"line":765,"column":16},"end":{"line":768,"column":null}},"294":{"start":{"line":770,"column":23},"end":{"line":770,"column":39}},"295":{"start":{"line":772,"column":35},"end":{"line":772,"column":37}},"296":{"start":{"line":773,"column":6},"end":{"line":776,"column":9}},"297":{"start":{"line":774,"column":25},"end":{"line":774,"column":60}},"298":{"start":{"line":775,"column":8},"end":{"line":775,"column":52}},"299":{"start":{"line":778,"column":6},"end":{"line":778,"column":22}},"300":{"start":{"line":780,"column":6},"end":{"line":780,"column":64}},"301":{"start":{"line":781,"column":6},"end":{"line":781,"column":16}},"302":{"start":{"line":786,"column":4},"end":{"line":804,"column":5}},"303":{"start":{"line":787,"column":23},"end":{"line":787,"column":59}},"304":{"start":{"line":788,"column":23},"end":{"line":788,"column":46}},"305":{"start":{"line":790,"column":25},"end":{"line":790,"column":50}},"306":{"start":{"line":791,"column":32},"end":{"line":791,"column":34}},"307":{"start":{"line":793,"column":6},"end":{"line":798,"column":9}},"308":{"start":{"line":794,"column":25},"end":{"line":794,"column":60}},"309":{"start":{"line":795,"column":8},"end":{"line":797,"column":9}},"310":{"start":{"line":796,"column":10},"end":{"line":796,"column":51}},"311":{"start":{"line":800,"column":6},"end":{"line":800,"column":19}},"312":{"start":{"line":802,"column":6},"end":{"line":802,"column":61}},"313":{"start":{"line":803,"column":6},"end":{"line":803,"column":16}},"314":{"start":{"line":808,"column":4},"end":{"line":822,"column":5}},"315":{"start":{"line":809,"column":23},"end":{"line":809,"column":59}},"316":{"start":{"line":810,"column":23},"end":{"line":810,"column":43}},"317":{"start":{"line":812,"column":32},"end":{"line":812,"column":34}},"318":{"start":{"line":813,"column":6},"end":{"line":816,"column":9}},"319":{"start":{"line":814,"column":25},"end":{"line":814,"column":60}},"320":{"start":{"line":815,"column":8},"end":{"line":815,"column":49}},"321":{"start":{"line":818,"column":6},"end":{"line":818,"column":19}},"322":{"start":{"line":820,"column":6},"end":{"line":820,"column":55}},"323":{"start":{"line":821,"column":6},"end":{"line":821,"column":16}},"324":{"start":{"line":831,"column":4},"end":{"line":868,"column":5}},"325":{"start":{"line":832,"column":21},"end":{"line":832,"column":57}},"326":{"start":{"line":833,"column":14},"end":{"line":833,"column":56}},"327":{"start":{"line":835,"column":6},"end":{"line":837,"column":7}},"328":{"start":{"line":836,"column":8},"end":{"line":836,"column":56}},"329":{"start":{"line":839,"column":23},"end":{"line":839,"column":39}},"330":{"start":{"line":841,"column":39},"end":{"line":841,"column":41}},"331":{"start":{"line":842,"column":6},"end":{"line":845,"column":9}},"332":{"start":{"line":843,"column":25},"end":{"line":843,"column":60}},"333":{"start":{"line":844,"column":8},"end":{"line":844,"column":56}},"334":{"start":{"line":847,"column":6},"end":{"line":849,"column":7}},"335":{"start":{"line":848,"column":8},"end":{"line":848,"column":79}},"336":{"start":{"line":851,"column":35},"end":{"line":851,"column":37}},"337":{"start":{"line":852,"column":34},"end":{"line":852,"column":36}},"338":{"start":{"line":854,"column":6},"end":{"line":860,"column":9}},"339":{"start":{"line":855,"column":8},"end":{"line":859,"column":9}},"340":{"start":{"line":856,"column":10},"end":{"line":856,"column":34}},"341":{"start":{"line":857,"column":15},"end":{"line":859,"column":9}},"342":{"start":{"line":858,"column":10},"end":{"line":858,"column":33}},"343":{"start":{"line":862,"column":6},"end":{"line":862,"column":35}},"344":{"start":{"line":864,"column":6},"end":{"line":864,"column":60}},"345":{"start":{"line":865,"column":6},"end":{"line":867,"column":8}},"346":{"start":{"line":876,"column":4},"end":{"line":880,"column":5}},"347":{"start":{"line":877,"column":6},"end":{"line":879,"column":8}},"348":{"start":{"line":882,"column":4},"end":{"line":939,"column":5}},"349":{"start":{"line":883,"column":21},"end":{"line":883,"column":59}},"350":{"start":{"line":884,"column":6},"end":{"line":888,"column":7}},"351":{"start":{"line":885,"column":8},"end":{"line":887,"column":10}},"352":{"start":{"line":890,"column":6},"end":{"line":892,"column":7}},"353":{"start":{"line":891,"column":8},"end":{"line":891,"column":77}},"354":{"start":{"line":893,"column":23},"end":{"line":893,"column":59}},"355":{"start":{"line":894,"column":16},"end":{"line":898,"column":null}},"356":{"start":{"line":900,"column":23},"end":{"line":900,"column":39}},"357":{"start":{"line":902,"column":6},"end":{"line":906,"column":7}},"358":{"start":{"line":903,"column":8},"end":{"line":905,"column":10}},"359":{"start":{"line":907,"column":31},"end":{"line":910,"column":8}},"360":{"start":{"line":908,"column":21},"end":{"line":908,"column":31}},"361":{"start":{"line":909,"column":8},"end":{"line":909,"column":44}},"362":{"start":{"line":912,"column":6},"end":{"line":916,"column":7}},"363":{"start":{"line":913,"column":8},"end":{"line":915,"column":10}},"364":{"start":{"line":917,"column":29},"end":{"line":933,"column":8}},"365":{"start":{"line":918,"column":21},"end":{"line":918,"column":31}},"366":{"start":{"line":919,"column":22},"end":{"line":919,"column":33}},"367":{"start":{"line":921,"column":8},"end":{"line":924,"column":11}},"368":{"start":{"line":926,"column":8},"end":{"line":928,"column":9}},"369":{"start":{"line":927,"column":10},"end":{"line":927,"column":46}},"370":{"start":{"line":930,"column":8},"end":{"line":932,"column":10}},"371":{"start":{"line":935,"column":6},"end":{"line":935,"column":40}},"372":{"start":{"line":937,"column":6},"end":{"line":937,"column":64}},"373":{"start":{"line":938,"column":6},"end":{"line":938,"column":18}},"374":{"start":{"line":942,"column":4},"end":{"line":960,"column":5}},"375":{"start":{"line":943,"column":23},"end":{"line":943,"column":55}},"376":{"start":{"line":945,"column":6},"end":{"line":947,"column":7}},"377":{"start":{"line":946,"column":8},"end":{"line":946,"column":74}},"378":{"start":{"line":949,"column":22},"end":{"line":949,"column":69}},"379":{"start":{"line":951,"column":6},"end":{"line":956,"column":7}},"380":{"start":{"line":952,"column":8},"end":{"line":952,"column":59}},"381":{"start":{"line":953,"column":8},"end":{"line":953,"column":20}},"382":{"start":{"line":955,"column":8},"end":{"line":955,"column":74}},"383":{"start":{"line":958,"column":6},"end":{"line":958,"column":65}},"384":{"start":{"line":959,"column":6},"end":{"line":959,"column":68}},"385":{"start":{"line":967,"column":4},"end":{"line":974,"column":5}},"386":{"start":{"line":968,"column":6},"end":{"line":970,"column":7}},"387":{"start":{"line":969,"column":8},"end":{"line":969,"column":48}},"388":{"start":{"line":971,"column":6},"end":{"line":971,"column":18}},"389":{"start":{"line":973,"column":6},"end":{"line":973,"column":18}},"390":{"start":{"line":978,"column":4},"end":{"line":984,"column":5}},"391":{"start":{"line":979,"column":6},"end":{"line":979,"column":36}},"392":{"start":{"line":980,"column":6},"end":{"line":980,"column":53}},"393":{"start":{"line":982,"column":6},"end":{"line":982,"column":57}},"394":{"start":{"line":983,"column":6},"end":{"line":983,"column":18}},"395":{"start":{"line":108,"column":0},"end":{"line":108,"column":13}},"396":{"start":{"line":990,"column":20},"end":{"line":990,"column":44}},"397":{"start":{"line":994,"column":0},"end":{"line":994,"column":27}}},"fnMap":{"0":{"name":"(anonymous_0)","decl":{"start":{"line":59,"column":2},"end":{"line":59,"column":14}},"loc":{"start":{"line":59,"column":29},"end":{"line":62,"column":3}}},"1":{"name":"(anonymous_1)","decl":{"start":{"line":66,"column":2},"end":{"line":66,"column":14}},"loc":{"start":{"line":66,"column":29},"end":{"line":69,"column":3}}},"2":{"name":"(anonymous_2)","decl":{"start":{"line":73,"column":2},"end":{"line":73,"column":14}},"loc":{"start":{"line":73,"column":29},"end":{"line":76,"column":3}}},"3":{"name":"(anonymous_3)","decl":{"start":{"line":80,"column":2},"end":{"line":80,"column":14}},"loc":{"start":{"line":80,"column":29},"end":{"line":83,"column":3}}},"4":{"name":"(anonymous_4)","decl":{"start":{"line":87,"column":2},"end":{"line":87,"column":14}},"loc":{"start":{"line":87,"column":29},"end":{"line":90,"column":3}}},"5":{"name":"(anonymous_5)","decl":{"start":{"line":94,"column":2},"end":{"line":94,"column":14}},"loc":{"start":{"line":94,"column":29},"end":{"line":97,"column":3}}},"6":{"name":"(anonymous_6)","decl":{"start":{"line":101,"column":2},"end":{"line":101,"column":14}},"loc":{"start":{"line":101,"column":29},"end":{"line":104,"column":3}}},"7":{"name":"(anonymous_7)","decl":{"start":{"line":118,"column":2},"end":{"line":118,"column":17}},"loc":{"start":{"line":118,"column":2},"end":{"line":118,"column":18}}},"8":{"name":"(anonymous_8)","decl":{"start":{"line":124,"column":2},"end":{"line":124,"column":20}},"loc":{"start":{"line":124,"column":42},"end":{"line":126,"column":3}}},"9":{"name":"(anonymous_9)","decl":{"start":{"line":128,"column":2},"end":{"line":128,"column":7}},"loc":{"start":{"line":128,"column":45},"end":{"line":176,"column":3}}},"10":{"name":"(anonymous_10)","decl":{"start":{"line":177,"column":2},"end":{"line":177,"column":7}},"loc":{"start":{"line":177,"column":56},"end":{"line":192,"column":3}}},"11":{"name":"(anonymous_11)","decl":{"start":{"line":199,"column":2},"end":{"line":199,"column":7}},"loc":{"start":{"line":199,"column":24},"end":{"line":250,"column":3}}},"12":{"name":"(anonymous_12)","decl":{"start":{"line":209,"column":30},"end":{"line":209,"column":31}},"loc":{"start":{"line":209,"column":38},"end":{"line":218,"column":9}}},"13":{"name":"(anonymous_13)","decl":{"start":{"line":222,"column":10},"end":{"line":222,"column":11}},"loc":{"start":{"line":222,"column":20},"end":{"line":222,"column":35}}},"14":{"name":"(anonymous_14)","decl":{"start":{"line":225,"column":51},"end":{"line":225,"column":52}},"loc":{"start":{"line":225,"column":59},"end":{"line":225,"column":75}}},"15":{"name":"(anonymous_15)","decl":{"start":{"line":252,"column":2},"end":{"line":252,"column":7}},"loc":{"start":{"line":252,"column":22},"end":{"line":288,"column":3}}},"16":{"name":"(anonymous_16)","decl":{"start":{"line":290,"column":10},"end":{"line":290,"column":15}},"loc":{"start":{"line":290,"column":35},"end":{"line":307,"column":3}}},"17":{"name":"(anonymous_17)","decl":{"start":{"line":309,"column":2},"end":{"line":309,"column":7}},"loc":{"start":{"line":309,"column":40},"end":{"line":345,"column":3}}},"18":{"name":"(anonymous_18)","decl":{"start":{"line":327,"column":46},"end":{"line":327,"column":47}},"loc":{"start":{"line":327,"column":62},"end":{"line":327,"column":75}}},"19":{"name":"(anonymous_19)","decl":{"start":{"line":350,"column":10},"end":{"line":350,"column":23}},"loc":{"start":{"line":350,"column":37},"end":{"line":353,"column":3}}},"20":{"name":"(anonymous_20)","decl":{"start":{"line":355,"column":10},"end":{"line":355,"column":26}},"loc":{"start":{"line":355,"column":43},"end":{"line":357,"column":3}}},"21":{"name":"(anonymous_21)","decl":{"start":{"line":359,"column":10},"end":{"line":359,"column":22}},"loc":{"start":{"line":359,"column":35},"end":{"line":361,"column":3}}},"22":{"name":"(anonymous_22)","decl":{"start":{"line":365,"column":2},"end":{"line":365,"column":7}},"loc":{"start":{"line":365,"column":45},"end":{"line":414,"column":3}}},"23":{"name":"(anonymous_23)","decl":{"start":{"line":416,"column":2},"end":{"line":416,"column":7}},"loc":{"start":{"line":416,"column":14},"end":{"line":424,"column":3}}},"24":{"name":"(anonymous_24)","decl":{"start":{"line":426,"column":2},"end":{"line":426,"column":7}},"loc":{"start":{"line":432,"column":3},"end":{"line":502,"column":3}}},"25":{"name":"(anonymous_25)","decl":{"start":{"line":504,"column":2},"end":{"line":504,"column":7}},"loc":{"start":{"line":510,"column":3},"end":{"line":590,"column":3}}},"26":{"name":"(anonymous_26)","decl":{"start":{"line":592,"column":2},"end":{"line":592,"column":7}},"loc":{"start":{"line":592,"column":59},"end":{"line":599,"column":3}}},"27":{"name":"(anonymous_27)","decl":{"start":{"line":603,"column":2},"end":{"line":603,"column":7}},"loc":{"start":{"line":603,"column":31},"end":{"line":626,"column":3}}},"28":{"name":"(anonymous_28)","decl":{"start":{"line":628,"column":2},"end":{"line":628,"column":7}},"loc":{"start":{"line":628,"column":37},"end":{"line":643,"column":3}}},"29":{"name":"(anonymous_29)","decl":{"start":{"line":645,"column":2},"end":{"line":645,"column":7}},"loc":{"start":{"line":645,"column":36},"end":{"line":663,"column":3}}},"30":{"name":"(anonymous_30)","decl":{"start":{"line":665,"column":2},"end":{"line":665,"column":7}},"loc":{"start":{"line":665,"column":33},"end":{"line":668,"column":3}}},"31":{"name":"(anonymous_31)","decl":{"start":{"line":670,"column":2},"end":{"line":670,"column":7}},"loc":{"start":{"line":670,"column":37},"end":{"line":702,"column":3}}},"32":{"name":"(anonymous_32)","decl":{"start":{"line":704,"column":2},"end":{"line":704,"column":7}},"loc":{"start":{"line":704,"column":34},"end":{"line":718,"column":3}}},"33":{"name":"(anonymous_33)","decl":{"start":{"line":720,"column":2},"end":{"line":720,"column":7}},"loc":{"start":{"line":720,"column":40},"end":{"line":742,"column":3}}},"34":{"name":"(anonymous_34)","decl":{"start":{"line":744,"column":2},"end":{"line":744,"column":7}},"loc":{"start":{"line":744,"column":39},"end":{"line":758,"column":3}}},"35":{"name":"(anonymous_35)","decl":{"start":{"line":762,"column":2},"end":{"line":762,"column":7}},"loc":{"start":{"line":762,"column":44},"end":{"line":783,"column":3}}},"36":{"name":"(anonymous_36)","decl":{"start":{"line":773,"column":23},"end":{"line":773,"column":24}},"loc":{"start":{"line":773,"column":31},"end":{"line":776,"column":7}}},"37":{"name":"(anonymous_37)","decl":{"start":{"line":785,"column":2},"end":{"line":785,"column":7}},"loc":{"start":{"line":785,"column":35},"end":{"line":805,"column":3}}},"38":{"name":"(anonymous_38)","decl":{"start":{"line":793,"column":23},"end":{"line":793,"column":24}},"loc":{"start":{"line":793,"column":31},"end":{"line":798,"column":7}}},"39":{"name":"(anonymous_39)","decl":{"start":{"line":807,"column":2},"end":{"line":807,"column":7}},"loc":{"start":{"line":807,"column":19},"end":{"line":823,"column":3}}},"40":{"name":"(anonymous_40)","decl":{"start":{"line":813,"column":23},"end":{"line":813,"column":24}},"loc":{"start":{"line":813,"column":31},"end":{"line":816,"column":7}}},"41":{"name":"(anonymous_41)","decl":{"start":{"line":827,"column":2},"end":{"line":827,"column":7}},"loc":{"start":{"line":829,"column":21},"end":{"line":869,"column":3}}},"42":{"name":"(anonymous_42)","decl":{"start":{"line":842,"column":23},"end":{"line":842,"column":24}},"loc":{"start":{"line":842,"column":31},"end":{"line":845,"column":7}}},"43":{"name":"(anonymous_43)","decl":{"start":{"line":854,"column":27},"end":{"line":854,"column":28}},"loc":{"start":{"line":854,"column":40},"end":{"line":860,"column":7}}},"44":{"name":"(anonymous_44)","decl":{"start":{"line":871,"column":2},"end":{"line":871,"column":7}},"loc":{"start":{"line":874,"column":24},"end":{"line":940,"column":3}}},"45":{"name":"(anonymous_45)","decl":{"start":{"line":907,"column":52},"end":{"line":907,"column":53}},"loc":{"start":{"line":907,"column":60},"end":{"line":910,"column":7}}},"46":{"name":"(anonymous_46)","decl":{"start":{"line":917,"column":50},"end":{"line":917,"column":55}},"loc":{"start":{"line":917,"column":64},"end":{"line":933,"column":7}}},"47":{"name":"(anonymous_47)","decl":{"start":{"line":941,"column":2},"end":{"line":941,"column":7}},"loc":{"start":{"line":941,"column":55},"end":{"line":961,"column":3}}},"48":{"name":"(anonymous_48)","decl":{"start":{"line":963,"column":2},"end":{"line":963,"column":7}},"loc":{"start":{"line":965,"column":20},"end":{"line":975,"column":3}}},"49":{"name":"(anonymous_49)","decl":{"start":{"line":977,"column":2},"end":{"line":977,"column":7}},"loc":{"start":{"line":977,"column":24},"end":{"line":985,"column":3}}}},"branchMap":{"0":{"loc":{"start":{"line":129,"column":4},"end":{"line":131,"column":5}},"type":"if","locations":[{"start":{"line":129,"column":4},"end":{"line":131,"column":5}},{"start":{},"end":{}}]},"1":{"loc":{"start":{"line":135,"column":4},"end":{"line":139,"column":5}},"type":"if","locations":[{"start":{"line":135,"column":4},"end":{"line":139,"column":5}},{"start":{},"end":{}}]},"2":{"loc":{"start":{"line":145,"column":6},"end":{"line":149,"column":7}},"type":"if","locations":[{"start":{"line":145,"column":6},"end":{"line":149,"column":7}},{"start":{},"end":{}}]},"3":{"loc":{"start":{"line":153,"column":6},"end":{"line":157,"column":7}},"type":"if","locations":[{"start":{"line":153,"column":6},"end":{"line":157,"column":7}},{"start":{},"end":{}}]},"4":{"loc":{"start":{"line":159,"column":6},"end":{"line":163,"column":7}},"type":"if","locations":[{"start":{"line":159,"column":6},"end":{"line":163,"column":7}},{"start":{},"end":{}}]},"5":{"loc":{"start":{"line":168,"column":6},"end":{"line":170,"column":7}},"type":"if","locations":[{"start":{"line":168,"column":6},"end":{"line":170,"column":7}},{"start":{},"end":{}}]},"6":{"loc":{"start":{"line":173,"column":37},"end":{"line":173,"column":69}},"type":"binary-expr","locations":[{"start":{"line":173,"column":37},"end":{"line":173,"column":50}},{"start":{"line":173,"column":54},"end":{"line":173,"column":69}}]},"7":{"loc":{"start":{"line":204,"column":6},"end":{"line":245,"column":7}},"type":"if","locations":[{"start":{"line":204,"column":6},"end":{"line":245,"column":7}},{"start":{},"end":{}}]},"8":{"loc":{"start":{"line":211,"column":10},"end":{"line":217,"column":11}},"type":"if","locations":[{"start":{"line":211,"column":10},"end":{"line":217,"column":11}},{"start":{},"end":{}}]},"9":{"loc":{"start":{"line":212,"column":12},"end":{"line":214,"column":38}},"type":"binary-expr","locations":[{"start":{"line":212,"column":12},"end":{"line":212,"column":23}},{"start":{"line":213,"column":12},"end":{"line":213,"column":38}},{"start":{"line":214,"column":12},"end":{"line":214,"column":38}}]},"10":{"loc":{"start":{"line":257,"column":6},"end":{"line":260,"column":7}},"type":"if","locations":[{"start":{"line":257,"column":6},"end":{"line":260,"column":7}},{"start":{},"end":{}}]},"11":{"loc":{"start":{"line":263,"column":25},"end":{"line":263,"column":54}},"type":"binary-expr","locations":[{"start":{"line":263,"column":25},"end":{"line":263,"column":48}},{"start":{"line":263,"column":52},"end":{"line":263,"column":54}}]},"12":{"loc":{"start":{"line":264,"column":22},"end":{"line":264,"column":46}},"type":"binary-expr","locations":[{"start":{"line":264,"column":22},"end":{"line":264,"column":40}},{"start":{"line":264,"column":44},"end":{"line":264,"column":46}}]},"13":{"loc":{"start":{"line":266,"column":6},"end":{"line":270,"column":7}},"type":"if","locations":[{"start":{"line":266,"column":6},"end":{"line":270,"column":7}},{"start":{},"end":{}}]},"14":{"loc":{"start":{"line":300,"column":6},"end":{"line":303,"column":7}},"type":"if","locations":[{"start":{"line":300,"column":6},"end":{"line":303,"column":7}},{"start":{},"end":{}}]},"15":{"loc":{"start":{"line":312,"column":6},"end":{"line":317,"column":7}},"type":"if","locations":[{"start":{"line":312,"column":6},"end":{"line":317,"column":7}},{"start":{},"end":{}}]},"16":{"loc":{"start":{"line":322,"column":6},"end":{"line":341,"column":7}},"type":"if","locations":[{"start":{"line":322,"column":6},"end":{"line":341,"column":7}},{"start":{},"end":{}}]},"17":{"loc":{"start":{"line":324,"column":29},"end":{"line":324,"column":58}},"type":"binary-expr","locations":[{"start":{"line":324,"column":29},"end":{"line":324,"column":52}},{"start":{"line":324,"column":56},"end":{"line":324,"column":58}}]},"18":{"loc":{"start":{"line":325,"column":24},"end":{"line":325,"column":48}},"type":"binary-expr","locations":[{"start":{"line":325,"column":24},"end":{"line":325,"column":42}},{"start":{"line":325,"column":46},"end":{"line":325,"column":48}}]},"19":{"loc":{"start":{"line":329,"column":8},"end":{"line":331,"column":9}},"type":"if","locations":[{"start":{"line":329,"column":8},"end":{"line":331,"column":9}},{"start":{},"end":{}}]},"20":{"loc":{"start":{"line":366,"column":4},"end":{"line":368,"column":5}},"type":"if","locations":[{"start":{"line":366,"column":4},"end":{"line":368,"column":5}},{"start":{},"end":{}}]},"21":{"loc":{"start":{"line":366,"column":8},"end":{"line":366,"column":27}},"type":"binary-expr","locations":[{"start":{"line":366,"column":8},"end":{"line":366,"column":14}},{"start":{"line":366,"column":18},"end":{"line":366,"column":27}}]},"22":{"loc":{"start":{"line":370,"column":4},"end":{"line":372,"column":5}},"type":"if","locations":[{"start":{"line":370,"column":4},"end":{"line":372,"column":5}},{"start":{},"end":{}}]},"23":{"loc":{"start":{"line":383,"column":6},"end":{"line":385,"column":7}},"type":"if","locations":[{"start":{"line":383,"column":6},"end":{"line":385,"column":7}},{"start":{},"end":{}}]},"24":{"loc":{"start":{"line":389,"column":6},"end":{"line":396,"column":7}},"type":"if","locations":[{"start":{"line":389,"column":6},"end":{"line":396,"column":7}},{"start":{},"end":{}}]},"25":{"loc":{"start":{"line":405,"column":6},"end":{"line":410,"column":7}},"type":"if","locations":[{"start":{"line":405,"column":6},"end":{"line":410,"column":7}},{"start":{},"end":{}}]},"26":{"loc":{"start":{"line":406,"column":8},"end":{"line":407,"column":44}},"type":"binary-expr","locations":[{"start":{"line":406,"column":8},"end":{"line":406,"column":44}},{"start":{"line":407,"column":8},"end":{"line":407,"column":44}}]},"27":{"loc":{"start":{"line":412,"column":22},"end":{"line":412,"column":53}},"type":"binary-expr","locations":[{"start":{"line":412,"column":22},"end":{"line":412,"column":35}},{"start":{"line":412,"column":39},"end":{"line":412,"column":53}}]},"28":{"loc":{"start":{"line":433,"column":4},"end":{"line":440,"column":5}},"type":"if","locations":[{"start":{"line":433,"column":4},"end":{"line":440,"column":5}},{"start":{},"end":{}}]},"29":{"loc":{"start":{"line":434,"column":6},"end":{"line":437,"column":27}},"type":"binary-expr","locations":[{"start":{"line":434,"column":6},"end":{"line":434,"column":18}},{"start":{"line":435,"column":6},"end":{"line":435,"column":19}},{"start":{"line":436,"column":6},"end":{"line":436,"column":22}},{"start":{"line":437,"column":6},"end":{"line":437,"column":27}}]},"30":{"loc":{"start":{"line":442,"column":4},"end":{"line":444,"column":5}},"type":"if","locations":[{"start":{"line":442,"column":4},"end":{"line":444,"column":5}},{"start":{},"end":{}}]},"31":{"loc":{"start":{"line":446,"column":4},"end":{"line":448,"column":5}},"type":"if","locations":[{"start":{"line":446,"column":4},"end":{"line":448,"column":5}},{"start":{},"end":{}}]},"32":{"loc":{"start":{"line":450,"column":4},"end":{"line":452,"column":5}},"type":"if","locations":[{"start":{"line":450,"column":4},"end":{"line":452,"column":5}},{"start":{},"end":{}}]},"33":{"loc":{"start":{"line":456,"column":4},"end":{"line":460,"column":5}},"type":"if","locations":[{"start":{"line":456,"column":4},"end":{"line":460,"column":5}},{"start":{},"end":{}}]},"34":{"loc":{"start":{"line":465,"column":4},"end":{"line":469,"column":5}},"type":"if","locations":[{"start":{"line":465,"column":4},"end":{"line":469,"column":5}},{"start":{},"end":{}}]},"35":{"loc":{"start":{"line":471,"column":4},"end":{"line":473,"column":5}},"type":"if","locations":[{"start":{"line":471,"column":4},"end":{"line":473,"column":5}},{"start":{},"end":{}}]},"36":{"loc":{"start":{"line":511,"column":4},"end":{"line":519,"column":5}},"type":"if","locations":[{"start":{"line":511,"column":4},"end":{"line":519,"column":5}},{"start":{},"end":{}}]},"37":{"loc":{"start":{"line":512,"column":6},"end":{"line":516,"column":22}},"type":"binary-expr","locations":[{"start":{"line":512,"column":6},"end":{"line":512,"column":18}},{"start":{"line":513,"column":6},"end":{"line":513,"column":19}},{"start":{"line":514,"column":6},"end":{"line":514,"column":22}},{"start":{"line":515,"column":6},"end":{"line":515,"column":24}},{"start":{"line":516,"column":6},"end":{"line":516,"column":22}}]},"38":{"loc":{"start":{"line":521,"column":4},"end":{"line":523,"column":5}},"type":"if","locations":[{"start":{"line":521,"column":4},"end":{"line":523,"column":5}},{"start":{},"end":{}}]},"39":{"loc":{"start":{"line":525,"column":4},"end":{"line":527,"column":5}},"type":"if","locations":[{"start":{"line":525,"column":4},"end":{"line":527,"column":5}},{"start":{},"end":{}}]},"40":{"loc":{"start":{"line":529,"column":4},"end":{"line":531,"column":5}},"type":"if","locations":[{"start":{"line":529,"column":4},"end":{"line":531,"column":5}},{"start":{},"end":{}}]},"41":{"loc":{"start":{"line":538,"column":4},"end":{"line":540,"column":5}},"type":"if","locations":[{"start":{"line":538,"column":4},"end":{"line":540,"column":5}},{"start":{},"end":{}}]},"42":{"loc":{"start":{"line":543,"column":4},"end":{"line":545,"column":5}},"type":"if","locations":[{"start":{"line":543,"column":4},"end":{"line":545,"column":5}},{"start":{},"end":{}}]},"43":{"loc":{"start":{"line":546,"column":4},"end":{"line":548,"column":5}},"type":"if","locations":[{"start":{"line":546,"column":4},"end":{"line":548,"column":5}},{"start":{},"end":{}}]},"44":{"loc":{"start":{"line":551,"column":4},"end":{"line":553,"column":5}},"type":"if","locations":[{"start":{"line":551,"column":4},"end":{"line":553,"column":5}},{"start":{},"end":{}}]},"45":{"loc":{"start":{"line":555,"column":4},"end":{"line":557,"column":5}},"type":"if","locations":[{"start":{"line":555,"column":4},"end":{"line":557,"column":5}},{"start":{},"end":{}}]},"46":{"loc":{"start":{"line":604,"column":4},"end":{"line":606,"column":5}},"type":"if","locations":[{"start":{"line":604,"column":4},"end":{"line":606,"column":5}},{"start":{},"end":{}}]},"47":{"loc":{"start":{"line":612,"column":6},"end":{"line":614,"column":7}},"type":"if","locations":[{"start":{"line":612,"column":6},"end":{"line":614,"column":7}},{"start":{},"end":{}}]},"48":{"loc":{"start":{"line":634,"column":6},"end":{"line":634,"column":38}},"type":"if","locations":[{"start":{"line":634,"column":6},"end":{"line":634,"column":38}},{"start":{},"end":{}}]},"49":{"loc":{"start":{"line":654,"column":6},"end":{"line":654,"column":38}},"type":"if","locations":[{"start":{"line":654,"column":6},"end":{"line":654,"column":38}},{"start":{},"end":{}}]},"50":{"loc":{"start":{"line":673,"column":6},"end":{"line":677,"column":7}},"type":"if","locations":[{"start":{"line":673,"column":6},"end":{"line":677,"column":7}},{"start":{},"end":{}}]},"51":{"loc":{"start":{"line":687,"column":6},"end":{"line":689,"column":7}},"type":"if","locations":[{"start":{"line":687,"column":6},"end":{"line":689,"column":7}},{"start":{},"end":{}}]},"52":{"loc":{"start":{"line":687,"column":10},"end":{"line":687,"column":62}},"type":"binary-expr","locations":[{"start":{"line":687,"column":10},"end":{"line":687,"column":36}},{"start":{"line":687,"column":40},"end":{"line":687,"column":62}}]},"53":{"loc":{"start":{"line":712,"column":6},"end":{"line":712,"column":41}},"type":"if","locations":[{"start":{"line":712,"column":6},"end":{"line":712,"column":41}},{"start":{},"end":{}}]},"54":{"loc":{"start":{"line":723,"column":6},"end":{"line":727,"column":7}},"type":"if","locations":[{"start":{"line":723,"column":6},"end":{"line":727,"column":7}},{"start":{},"end":{}}]},"55":{"loc":{"start":{"line":747,"column":6},"end":{"line":751,"column":7}},"type":"if","locations":[{"start":{"line":747,"column":6},"end":{"line":751,"column":7}},{"start":{},"end":{}}]},"56":{"loc":{"start":{"line":795,"column":8},"end":{"line":797,"column":9}},"type":"if","locations":[{"start":{"line":795,"column":8},"end":{"line":797,"column":9}},{"start":{},"end":{}}]},"57":{"loc":{"start":{"line":835,"column":6},"end":{"line":837,"column":7}},"type":"if","locations":[{"start":{"line":835,"column":6},"end":{"line":837,"column":7}},{"start":{},"end":{}}]},"58":{"loc":{"start":{"line":847,"column":6},"end":{"line":849,"column":7}},"type":"if","locations":[{"start":{"line":847,"column":6},"end":{"line":849,"column":7}},{"start":{},"end":{}}]},"59":{"loc":{"start":{"line":855,"column":8},"end":{"line":859,"column":9}},"type":"if","locations":[{"start":{"line":855,"column":8},"end":{"line":859,"column":9}},{"start":{"line":857,"column":15},"end":{"line":859,"column":9}}]},"60":{"loc":{"start":{"line":857,"column":15},"end":{"line":859,"column":9}},"type":"if","locations":[{"start":{"line":857,"column":15},"end":{"line":859,"column":9}},{"start":{},"end":{}}]},"61":{"loc":{"start":{"line":876,"column":4},"end":{"line":880,"column":5}},"type":"if","locations":[{"start":{"line":876,"column":4},"end":{"line":880,"column":5}},{"start":{},"end":{}}]},"62":{"loc":{"start":{"line":876,"column":8},"end":{"line":876,"column":53}},"type":"binary-expr","locations":[{"start":{"line":876,"column":8},"end":{"line":876,"column":20}},{"start":{"line":876,"column":24},"end":{"line":876,"column":36}},{"start":{"line":876,"column":40},"end":{"line":876,"column":53}}]},"63":{"loc":{"start":{"line":884,"column":6},"end":{"line":888,"column":7}},"type":"if","locations":[{"start":{"line":884,"column":6},"end":{"line":888,"column":7}},{"start":{},"end":{}}]},"64":{"loc":{"start":{"line":890,"column":6},"end":{"line":892,"column":7}},"type":"if","locations":[{"start":{"line":890,"column":6},"end":{"line":892,"column":7}},{"start":{},"end":{}}]},"65":{"loc":{"start":{"line":902,"column":6},"end":{"line":906,"column":7}},"type":"if","locations":[{"start":{"line":902,"column":6},"end":{"line":906,"column":7}},{"start":{},"end":{}}]},"66":{"loc":{"start":{"line":912,"column":6},"end":{"line":916,"column":7}},"type":"if","locations":[{"start":{"line":912,"column":6},"end":{"line":916,"column":7}},{"start":{},"end":{}}]},"67":{"loc":{"start":{"line":926,"column":8},"end":{"line":928,"column":9}},"type":"if","locations":[{"start":{"line":926,"column":8},"end":{"line":928,"column":9}},{"start":{},"end":{}}]},"68":{"loc":{"start":{"line":945,"column":6},"end":{"line":947,"column":7}},"type":"if","locations":[{"start":{"line":945,"column":6},"end":{"line":947,"column":7}},{"start":{},"end":{}}]},"69":{"loc":{"start":{"line":951,"column":6},"end":{"line":956,"column":7}},"type":"if","locations":[{"start":{"line":951,"column":6},"end":{"line":956,"column":7}},{"start":{"line":954,"column":13},"end":{"line":956,"column":7}}]},"70":{"loc":{"start":{"line":968,"column":6},"end":{"line":970,"column":7}},"type":"if","locations":[{"start":{"line":968,"column":6},"end":{"line":970,"column":7}},{"start":{},"end":{}}]}},"s":{"0":1,"1":1,"2":1,"3":0,"4":0,"5":1,"6":0,"7":0,"8":1,"9":0,"10":0,"11":1,"12":0,"13":0,"14":1,"15":0,"16":0,"17":1,"18":0,"19":0,"20":1,"21":0,"22":0,"23":1,"24":2,"25":2,"26":2,"27":2,"28":2,"29":2,"30":2,"31":0,"32":0,"33":0,"34":0,"35":0,"36":0,"37":0,"38":0,"39":0,"40":0,"41":0,"42":0,"43":0,"44":0,"45":0,"46":0,"47":0,"48":0,"49":0,"50":0,"51":0,"52":0,"53":0,"54":0,"55":0,"56":0,"57":0,"58":0,"59":0,"60":0,"61":0,"62":0,"63":0,"64":0,"65":0,"66":0,"67":0,"68":0,"69":0,"70":0,"71":0,"72":0,"73":0,"74":0,"75":0,"76":0,"77":0,"78":0,"79":0,"80":0,"81":0,"82":0,"83":0,"84":0,"85":0,"86":0,"87":0,"88":0,"89":0,"90":0,"91":0,"92":0,"93":0,"94":0,"95":0,"96":0,"97":0,"98":0,"99":0,"100":0,"101":0,"102":0,"103":0,"104":0,"105":0,"106":0,"107":0,"108":0,"109":0,"110":0,"111":0,"112":0,"113":0,"114":0,"115":0,"116":0,"117":0,"118":0,"119":0,"120":0,"121":0,"122":0,"123":0,"124":0,"125":0,"126":0,"127":0,"128":0,"129":0,"130":0,"131":0,"132":0,"133":0,"134":0,"135":0,"136":0,"137":0,"138":0,"139":0,"140":0,"141":0,"142":0,"143":0,"144":0,"145":0,"146":0,"147":0,"148":0,"149":0,"150":0,"151":0,"152":0,"153":0,"154":0,"155":0,"156":0,"157":0,"158":0,"159":0,"160":0,"161":0,"162":0,"163":0,"164":0,"165":0,"166":0,"167":0,"168":0,"169":0,"170":0,"171":0,"172":0,"173":0,"174":0,"175":0,"176":0,"177":0,"178":0,"179":0,"180":0,"181":0,"182":0,"183":0,"184":0,"185":0,"186":0,"187":0,"188":0,"189":0,"190":0,"191":0,"192":0,"193":0,"194":0,"195":0,"196":0,"197":0,"198":0,"199":0,"200":0,"201":0,"202":0,"203":0,"204":0,"205":0,"206":0,"207":0,"208":0,"209":0,"210":0,"211":0,"212":0,"213":0,"214":0,"215":0,"216":0,"217":0,"218":1,"219":0,"220":1,"221":1,"222":1,"223":1,"224":0,"225":0,"226":0,"227":1,"228":1,"229":0,"230":0,"231":0,"232":0,"233":0,"234":0,"235":0,"236":0,"237":0,"238":0,"239":0,"240":0,"241":0,"242":0,"243":0,"244":0,"245":0,"246":0,"247":0,"248":0,"249":0,"250":0,"251":0,"252":0,"253":0,"254":0,"255":0,"256":0,"257":0,"258":0,"259":0,"260":0,"261":0,"262":0,"263":0,"264":0,"265":0,"266":0,"267":0,"268":0,"269":0,"270":0,"271":0,"272":0,"273":0,"274":0,"275":0,"276":0,"277":0,"278":0,"279":0,"280":0,"281":0,"282":0,"283":0,"284":0,"285":0,"286":0,"287":0,"288":0,"289":0,"290":0,"291":0,"292":0,"293":0,"294":0,"295":0,"296":0,"297":0,"298":0,"299":0,"300":0,"301":0,"302":0,"303":0,"304":0,"305":0,"306":0,"307":0,"308":0,"309":0,"310":0,"311":0,"312":0,"313":0,"314":0,"315":0,"316":0,"317":0,"318":0,"319":0,"320":0,"321":0,"322":0,"323":0,"324":0,"325":0,"326":0,"327":0,"328":0,"329":0,"330":0,"331":0,"332":0,"333":0,"334":0,"335":0,"336":0,"337":0,"338":0,"339":0,"340":0,"341":0,"342":0,"343":0,"344":0,"345":0,"346":0,"347":0,"348":0,"349":0,"350":0,"351":0,"352":0,"353":0,"354":0,"355":0,"356":0,"357":0,"358":0,"359":0,"360":0,"361":0,"362":0,"363":0,"364":0,"365":0,"366":0,"367":0,"368":0,"369":0,"370":0,"371":0,"372":0,"373":0,"374":0,"375":0,"376":0,"377":0,"378":0,"379":0,"380":0,"381":0,"382":0,"383":0,"384":0,"385":0,"386":0,"387":0,"388":0,"389":0,"390":0,"391":0,"392":0,"393":0,"394":0,"395":1,"396":1,"397":1},"f":{"0":0,"1":0,"2":0,"3":0,"4":0,"5":0,"6":0,"7":2,"8":0,"9":0,"10":0,"11":0,"12":0,"13":0,"14":0,"15":0,"16":0,"17":0,"18":0,"19":0,"20":0,"21":0,"22":0,"23":0,"24":0,"25":0,"26":0,"27":1,"28":0,"29":0,"30":0,"31":0,"32":0,"33":0,"34":0,"35":0,"36":0,"37":0,"38":0,"39":0,"40":0,"41":0,"42":0,"43":0,"44":0,"45":0,"46":0,"47":0,"48":0,"49":0},"b":{"0":[0,0],"1":[0,0],"2":[0,0],"3":[0,0],"4":[0,0],"5":[0,0],"6":[0,0],"7":[0,0],"8":[0,0],"9":[0,0,0],"10":[0,0],"11":[0,0],"12":[0,0],"13":[0,0],"14":[0,0],"15":[0,0],"16":[0,0],"17":[0,0],"18":[0,0],"19":[0,0],"20":[0,0],"21":[0,0],"22":[0,0],"23":[0,0],"24":[0,0],"25":[0,0],"26":[0,0],"27":[0,0],"28":[0,0],"29":[0,0,0,0],"30":[0,0],"31":[0,0],"32":[0,0],"33":[0,0],"34":[0,0],"35":[0,0],"36":[0,0],"37":[0,0,0,0,0],"38":[0,0],"39":[0,0],"40":[0,0],"41":[0,0],"42":[0,0],"43":[0,0],"44":[0,0],"45":[0,0],"46":[0,1],"47":[0,0],"48":[0,0],"49":[0,0],"50":[0,0],"51":[0,0],"52":[0,0],"53":[0,0],"54":[0,0],"55":[0,0],"56":[0,0],"57":[0,0],"58":[0,0],"59":[0,0],"60":[0,0],"61":[0,0],"62":[0,0,0],"63":[0,0],"64":[0,0],"65":[0,0],"66":[0,0],"67":[0,0],"68":[0,0],"69":[0,0],"70":[0,0]}}
}
