{"C:\\Users\\cdieb\\OneDrive\\Documents\\technically-functional\\mobile\\lib\\authService.ts": {"path":"C:\\Users\\cdieb\\OneDrive\\Documents\\technically-functional\\mobile\\lib\\authService.ts","statementMap":{"0":{"start":{"line":17,"column":0},"end":{"line":17,"column":16}},"1":{"start":{"line":21,"column":0},"end":{"line":21,"column":7}},"2":{"start":{"line":31,"column":0},"end":{"line":31,"column":7}},"3":{"start":{"line":35,"column":0},"end":{"line":35,"column":7}},"4":{"start":{"line":75,"column":0},"end":{"line":75,"column":7}},"5":{"start":{"line":1,"column":0},"end":{"line":1,"column":38}},"6":{"start":{"line":2,"column":0},"end":{"line":2,"column":null}},"7":{"start":{"line":7,"column":0},"end":{"line":7,"column":null}},"8":{"start":{"line":18,"column":2},"end":{"line":18,"column":69}},"9":{"start":{"line":22,"column":15},"end":{"line":22,"column":77}},"10":{"start":{"line":23,"column":14},"end":{"line":23,"column":27}},"11":{"start":{"line":25,"column":19},"end":{"line":25,"column":54}},"12":{"start":{"line":26,"column":2},"end":{"line":26,"column":80}},"13":{"start":{"line":26,"column":26},"end":{"line":26,"column":80}},"14":{"start":{"line":28,"column":2},"end":{"line":28,"column":46}},"15":{"start":{"line":32,"column":2},"end":{"line":32,"column":22}},"16":{"start":{"line":41,"column":14},"end":{"line":41,"column":55}},"17":{"start":{"line":44,"column":2},"end":{"line":46,"column":3}},"18":{"start":{"line":45,"column":4},"end":{"line":45,"column":68}},"19":{"start":{"line":49,"column":18},"end":{"line":49,"column":61}},"20":{"start":{"line":50,"column":2},"end":{"line":52,"column":3}},"21":{"start":{"line":51,"column":4},"end":{"line":51,"column":45}},"22":{"start":{"line":55,"column":15},"end":{"line":58,"column":null}},"23":{"start":{"line":60,"column":14},"end":{"line":60,"column":27}},"24":{"start":{"line":63,"column":2},"end":{"line":70,"column":5}},"25":{"start":{"line":72,"column":2},"end":{"line":72,"column":33}},"26":{"start":{"line":81,"column":15},"end":{"line":81,"column":53}},"27":{"start":{"line":84,"column":20},"end":{"line":84,"column":48}},"28":{"start":{"line":85,"column":21},"end":{"line":85,"column":44}},"29":{"start":{"line":87,"column":2},"end":{"line":87,"column":68}},"30":{"start":{"line":87,"column":28},"end":{"line":87,"column":68}},"31":{"start":{"line":88,"column":17},"end":{"line":88,"column":34}},"32":{"start":{"line":90,"column":2},"end":{"line":90,"column":71}},"33":{"start":{"line":90,"column":30},"end":{"line":90,"column":71}},"34":{"start":{"line":91,"column":2},"end":{"line":91,"column":73}},"35":{"start":{"line":91,"column":28},"end":{"line":91,"column":73}},"36":{"start":{"line":93,"column":19},"end":{"line":93,"column":34}},"37":{"start":{"line":94,"column":2},"end":{"line":94,"column":69}},"38":{"start":{"line":94,"column":17},"end":{"line":94,"column":69}},"39":{"start":{"line":97,"column":15},"end":{"line":100,"column":null}},"40":{"start":{"line":102,"column":14},"end":{"line":102,"column":27}},"41":{"start":{"line":105,"column":2},"end":{"line":112,"column":5}},"42":{"start":{"line":115,"column":2},"end":{"line":115,"column":58}},"43":{"start":{"line":117,"column":2},"end":{"line":117,"column":34}}},"fnMap":{"0":{"name":"licenseFormatValid","decl":{"start":{"line":17,"column":16},"end":{"line":17,"column":34}},"loc":{"start":{"line":17,"column":56},"end":{"line":19,"column":1}}},"1":{"name":"login","decl":{"start":{"line":21,"column":22},"end":{"line":21,"column":27}},"loc":{"start":{"line":21,"column":59},"end":{"line":29,"column":1}}},"2":{"name":"logout","decl":{"start":{"line":31,"column":22},"end":{"line":31,"column":28}},"loc":{"start":{"line":31,"column":28},"end":{"line":33,"column":1}}},"3":{"name":"registerPhysio","decl":{"start":{"line":35,"column":22},"end":{"line":35,"column":36}},"loc":{"start":{"line":40,"column":1},"end":{"line":73,"column":1}}},"4":{"name":"registerPatient","decl":{"start":{"line":75,"column":22},"end":{"line":75,"column":37}},"loc":{"start":{"line":80,"column":1},"end":{"line":118,"column":1}}}},"branchMap":{"0":{"loc":{"start":{"line":26,"column":2},"end":{"line":26,"column":80}},"type":"if","locations":[{"start":{"line":26,"column":2},"end":{"line":26,"column":80}},{"start":{},"end":{}}]},"1":{"loc":{"start":{"line":44,"column":2},"end":{"line":46,"column":3}},"type":"if","locations":[{"start":{"line":44,"column":2},"end":{"line":46,"column":3}},{"start":{},"end":{}}]},"2":{"loc":{"start":{"line":50,"column":2},"end":{"line":52,"column":3}},"type":"if","locations":[{"start":{"line":50,"column":2},"end":{"line":52,"column":3}},{"start":{},"end":{}}]},"3":{"loc":{"start":{"line":50,"column":6},"end":{"line":50,"column":58}},"type":"binary-expr","locations":[{"start":{"line":50,"column":6},"end":{"line":50,"column":23}},{"start":{"line":50,"column":27},"end":{"line":50,"column":58}}]},"4":{"loc":{"start":{"line":87,"column":2},"end":{"line":87,"column":68}},"type":"if","locations":[{"start":{"line":87,"column":2},"end":{"line":87,"column":68}},{"start":{},"end":{}}]},"5":{"loc":{"start":{"line":90,"column":2},"end":{"line":90,"column":71}},"type":"if","locations":[{"start":{"line":90,"column":2},"end":{"line":90,"column":71}},{"start":{},"end":{}}]},"6":{"loc":{"start":{"line":91,"column":2},"end":{"line":91,"column":73}},"type":"if","locations":[{"start":{"line":91,"column":2},"end":{"line":91,"column":73}},{"start":{},"end":{}}]},"7":{"loc":{"start":{"line":94,"column":2},"end":{"line":94,"column":69}},"type":"if","locations":[{"start":{"line":94,"column":2},"end":{"line":94,"column":69}},{"start":{},"end":{}}]}},"s":{"0":1,"1":1,"2":1,"3":1,"4":1,"5":1,"6":1,"7":1,"8":7,"9":5,"10":5,"11":5,"12":5,"13":1,"14":4,"15":0,"16":4,"17":4,"18":1,"19":3,"20":3,"21":1,"22":2,"23":2,"24":2,"25":2,"26":6,"27":6,"28":6,"29":6,"30":1,"31":5,"32":5,"33":1,"34":4,"35":1,"36":3,"37":3,"38":1,"39":2,"40":2,"41":2,"42":2,"43":2},"f":{"0":7,"1":5,"2":0,"3":4,"4":6},"b":{"0":[1,4],"1":[1,3],"2":[1,2],"3":[3,3],"4":[1,5],"5":[1,4],"6":[1,3],"7":[1,2]}}
,"C:\\Users\\cdieb\\OneDrive\\Documents\\technically-functional\\mobile\\lib\\exerciseData.ts": {"path":"C:\\Users\\cdieb\\OneDrive\\Documents\\technically-functional\\mobile\\lib\\exerciseData.ts","statementMap":{"0":{"start":{"line":69,"column":0},"end":{"line":69,"column":7}},"1":{"start":{"line":87,"column":0},"end":{"line":87,"column":7}},"2":{"start":{"line":103,"column":0},"end":{"line":103,"column":7}},"3":{"start":{"line":120,"column":0},"end":{"line":120,"column":7}},"4":{"start":{"line":134,"column":0},"end":{"line":134,"column":7}},"5":{"start":{"line":169,"column":0},"end":{"line":169,"column":7}},"6":{"start":{"line":190,"column":0},"end":{"line":190,"column":7}},"7":{"start":{"line":1,"column":0},"end":{"line":1,"column":null}},"8":{"start":{"line":13,"column":0},"end":{"line":13,"column":32}},"9":{"start":{"line":72,"column":2},"end":{"line":84,"column":3}},"10":{"start":{"line":73,"column":24},"end":{"line":73,"column":55}},"11":{"start":{"line":74,"column":14},"end":{"line":74,"column":60}},"12":{"start":{"line":75,"column":26},"end":{"line":75,"column":42}},"13":{"start":{"line":76,"column":4},"end":{"line":78,"column":5}},"14":{"start":{"line":77,"column":6},"end":{"line":77,"column":23}},"15":{"start":{"line":79,"column":17},"end":{"line":79,"column":72}},"16":{"start":{"line":79,"column":49},"end":{"line":79,"column":71}},"17":{"start":{"line":80,"column":4},"end":{"line":80,"column":16}},"18":{"start":{"line":82,"column":4},"end":{"line":82,"column":72}},"19":{"start":{"line":83,"column":4},"end":{"line":83,"column":21}},"20":{"start":{"line":88,"column":2},"end":{"line":100,"column":3}},"21":{"start":{"line":89,"column":24},"end":{"line":89,"column":55}},"22":{"start":{"line":90,"column":15},"end":{"line":90,"column":45}},"23":{"start":{"line":91,"column":20},"end":{"line":91,"column":37}},"24":{"start":{"line":92,"column":4},"end":{"line":94,"column":5}},"25":{"start":{"line":93,"column":6},"end":{"line":93,"column":23}},"26":{"start":{"line":95,"column":4},"end":{"line":95,"column":51}},"27":{"start":{"line":96,"column":4},"end":{"line":96,"column":31}},"28":{"start":{"line":98,"column":4},"end":{"line":98,"column":63}},"29":{"start":{"line":99,"column":4},"end":{"line":99,"column":21}},"30":{"start":{"line":104,"column":2},"end":{"line":117,"column":3}},"31":{"start":{"line":105,"column":24},"end":{"line":105,"column":51}},"32":{"start":{"line":106,"column":16},"end":{"line":106,"column":42}},"33":{"start":{"line":107,"column":4},"end":{"line":110,"column":5}},"34":{"start":{"line":108,"column":6},"end":{"line":108,"column":48}},"35":{"start":{"line":109,"column":6},"end":{"line":109,"column":23}},"36":{"start":{"line":111,"column":17},"end":{"line":111,"column":62}},"37":{"start":{"line":111,"column":39},"end":{"line":111,"column":61}},"38":{"start":{"line":113,"column":4},"end":{"line":113,"column":16}},"39":{"start":{"line":115,"column":4},"end":{"line":115,"column":62}},"40":{"start":{"line":116,"column":4},"end":{"line":116,"column":21}},"41":{"start":{"line":123,"column":22},"end":{"line":123,"column":53}},"42":{"start":{"line":124,"column":12},"end":{"line":124,"column":58}},"43":{"start":{"line":125,"column":24},"end":{"line":125,"column":40}},"44":{"start":{"line":126,"column":2},"end":{"line":128,"column":3}},"45":{"start":{"line":127,"column":4},"end":{"line":127,"column":21}},"46":{"start":{"line":129,"column":20},"end":{"line":129,"column":75}},"47":{"start":{"line":129,"column":52},"end":{"line":129,"column":74}},"48":{"start":{"line":130,"column":2},"end":{"line":130,"column":66}},"49":{"start":{"line":131,"column":2},"end":{"line":131,"column":19}},"50":{"start":{"line":138,"column":22},"end":{"line":138,"column":53}},"51":{"start":{"line":139,"column":12},"end":{"line":142,"column":null}},"52":{"start":{"line":144,"column":2},"end":{"line":166,"column":3}},"53":{"start":{"line":145,"column":26},"end":{"line":145,"column":42}},"54":{"start":{"line":146,"column":4},"end":{"line":154,"column":5}},"55":{"start":{"line":147,"column":6},"end":{"line":152,"column":8}},"56":{"start":{"line":153,"column":6},"end":{"line":153,"column":13}},"57":{"start":{"line":155,"column":19},"end":{"line":155,"column":44}},"58":{"start":{"line":156,"column":4},"end":{"line":156,"column":28}},"59":{"start":{"line":158,"column":4},"end":{"line":165,"column":6}},"60":{"start":{"line":173,"column":22},"end":{"line":173,"column":53}},"61":{"start":{"line":175,"column":2},"end":{"line":187,"column":3}},"62":{"start":{"line":176,"column":16},"end":{"line":178,"column":6}},"63":{"start":{"line":180,"column":4},"end":{"line":184,"column":7}},"64":{"start":{"line":186,"column":4},"end":{"line":186,"column":59}},"65":{"start":{"line":195,"column":22},"end":{"line":195,"column":53}},"66":{"start":{"line":196,"column":12},"end":{"line":199,"column":null}},"67":{"start":{"line":201,"column":2},"end":{"line":228,"column":3}},"68":{"start":{"line":202,"column":26},"end":{"line":202,"column":42}},"69":{"start":{"line":203,"column":2},"end":{"line":211,"column":3}},"70":{"start":{"line":204,"column":4},"end":{"line":209,"column":6}},"71":{"start":{"line":210,"column":4},"end":{"line":210,"column":11}},"72":{"start":{"line":212,"column":17},"end":{"line":212,"column":42}},"73":{"start":{"line":213,"column":2},"end":{"line":218,"column":5}},"74":{"start":{"line":220,"column":4},"end":{"line":227,"column":6}}},"fnMap":{"0":{"name":"getExercisesById","decl":{"start":{"line":69,"column":22},"end":{"line":69,"column":38}},"loc":{"start":{"line":70,"column":13},"end":{"line":85,"column":1}}},"1":{"name":"(anonymous_1)","decl":{"start":{"line":79,"column":40},"end":{"line":79,"column":41}},"loc":{"start":{"line":79,"column":49},"end":{"line":79,"column":71}}},"2":{"name":"getExercise","decl":{"start":{"line":87,"column":22},"end":{"line":87,"column":33}},"loc":{"start":{"line":87,"column":46},"end":{"line":101,"column":1}}},"3":{"name":"getGeneralExercises","decl":{"start":{"line":103,"column":22},"end":{"line":103,"column":41}},"loc":{"start":{"line":103,"column":41},"end":{"line":118,"column":1}}},"4":{"name":"(anonymous_4)","decl":{"start":{"line":111,"column":30},"end":{"line":111,"column":31}},"loc":{"start":{"line":111,"column":39},"end":{"line":111,"column":61}}},"5":{"name":"getSelectedExercises","decl":{"start":{"line":120,"column":22},"end":{"line":120,"column":42}},"loc":{"start":{"line":121,"column":13},"end":{"line":132,"column":1}}},"6":{"name":"(anonymous_6)","decl":{"start":{"line":129,"column":43},"end":{"line":129,"column":44}},"loc":{"start":{"line":129,"column":52},"end":{"line":129,"column":74}}},"7":{"name":"removeUserExercise","decl":{"start":{"line":134,"column":22},"end":{"line":134,"column":40}},"loc":{"start":{"line":136,"column":23},"end":{"line":167,"column":1}}},"8":{"name":"addUserExercise","decl":{"start":{"line":169,"column":22},"end":{"line":169,"column":37}},"loc":{"start":{"line":171,"column":20},"end":{"line":188,"column":1}}},"9":{"name":"updateUserExercise","decl":{"start":{"line":190,"column":22},"end":{"line":190,"column":40}},"loc":{"start":{"line":193,"column":29},"end":{"line":229,"column":1}}}},"branchMap":{"0":{"loc":{"start":{"line":76,"column":4},"end":{"line":78,"column":5}},"type":"if","locations":[{"start":{"line":76,"column":4},"end":{"line":78,"column":5}},{"start":{},"end":{}}]},"1":{"loc":{"start":{"line":92,"column":4},"end":{"line":94,"column":5}},"type":"if","locations":[{"start":{"line":92,"column":4},"end":{"line":94,"column":5}},{"start":{},"end":{}}]},"2":{"loc":{"start":{"line":107,"column":4},"end":{"line":110,"column":5}},"type":"if","locations":[{"start":{"line":107,"column":4},"end":{"line":110,"column":5}},{"start":{},"end":{}}]},"3":{"loc":{"start":{"line":126,"column":2},"end":{"line":128,"column":3}},"type":"if","locations":[{"start":{"line":126,"column":2},"end":{"line":128,"column":3}},{"start":{},"end":{}}]},"4":{"loc":{"start":{"line":146,"column":4},"end":{"line":154,"column":5}},"type":"if","locations":[{"start":{"line":146,"column":4},"end":{"line":154,"column":5}},{"start":{},"end":{}}]},"5":{"loc":{"start":{"line":203,"column":2},"end":{"line":211,"column":3}},"type":"if","locations":[{"start":{"line":203,"column":2},"end":{"line":211,"column":3}},{"start":{},"end":{}}]}},"s":{"0":1,"1":1,"2":1,"3":1,"4":1,"5":1,"6":1,"7":1,"8":1,"9":3,"10":3,"11":3,"12":3,"13":2,"14":1,"15":1,"16":1,"17":1,"18":1,"19":1,"20":3,"21":3,"22":3,"23":3,"24":2,"25":1,"26":1,"27":1,"28":1,"29":1,"30":3,"31":3,"32":3,"33":2,"34":1,"35":1,"36":1,"37":2,"38":1,"39":1,"40":1,"41":0,"42":0,"43":0,"44":0,"45":0,"46":0,"47":0,"48":0,"49":0,"50":3,"51":3,"52":3,"53":3,"54":2,"55":1,"56":1,"57":1,"58":1,"59":1,"60":2,"61":2,"62":2,"63":1,"64":1,"65":3,"66":3,"67":3,"68":3,"69":2,"70":1,"71":1,"72":1,"73":1,"74":1},"f":{"0":3,"1":1,"2":3,"3":3,"4":2,"5":0,"6":0,"7":3,"8":2,"9":3},"b":{"0":[1,1],"1":[1,1],"2":[1,1],"3":[0,0],"4":[1,1],"5":[1,1]}}
,"C:\\Users\\cdieb\\OneDrive\\Documents\\technically-functional\\mobile\\lib\\firebase.ts": {"path":"C:\\Users\\cdieb\\OneDrive\\Documents\\technically-functional\\mobile\\lib\\firebase.ts","statementMap":{"0":{"start":{"line":1,"column":0},"end":{"line":1,"column":45}},"1":{"start":{"line":2,"column":0},"end":{"line":2,"column":40}},"2":{"start":{"line":3,"column":0},"end":{"line":3,"column":50}},"3":{"start":{"line":5,"column":23},"end":{"line":13,"column":2}},"4":{"start":{"line":16,"column":12},"end":{"line":16,"column":41}},"5":{"start":{"line":17,"column":13},"end":{"line":17,"column":33}},"6":{"start":{"line":18,"column":13},"end":{"line":18,"column":36}}},"fnMap":{},"branchMap":{},"s":{"0":2,"1":2,"2":2,"3":2,"4":2,"5":2,"6":2},"f":{},"b":{}}
,"C:\\Users\\cdieb\\OneDrive\\Documents\\technically-functional\\mobile\\lib\\metricsService.ts": {"path":"C:\\Users\\cdieb\\OneDrive\\Documents\\technically-functional\\mobile\\lib\\metricsService.ts","statementMap":{"0":{"start":{"line":1,"column":0},"end":{"line":1,"column":32}},"1":{"start":{"line":2,"column":0},"end":{"line":2,"column":80}},"2":{"start":{"line":3,"column":0},"end":{"line":3,"column":40}},"3":{"start":{"line":17,"column":27},"end":{"line":81,"column":1}},"4":{"start":{"line":18,"column":17},"end":{"line":18,"column":26}},"5":{"start":{"line":19,"column":17},"end":{"line":19,"column":33}},"6":{"start":{"line":21,"column":4},"end":{"line":23,"column":5}},"7":{"start":{"line":22,"column":6},"end":{"line":22,"column":64}},"8":{"start":{"line":25,"column":23},"end":{"line":25,"column":49}},"9":{"start":{"line":26,"column":20},"end":{"line":26,"column":44}},"10":{"start":{"line":28,"column":4},"end":{"line":30,"column":5}},"11":{"start":{"line":29,"column":6},"end":{"line":29,"column":58}},"12":{"start":{"line":32,"column":21},"end":{"line":32,"column":35}},"13":{"start":{"line":34,"column":21},"end":{"line":34,"column":54}},"14":{"start":{"line":36,"column":26},"end":{"line":74,"column":6}},"15":{"start":{"line":77,"column":26},"end":{"line":77,"column":54}},"16":{"start":{"line":78,"column":19},"end":{"line":78,"column":61}},"17":{"start":{"line":80,"column":4},"end":{"line":80,"column":21}},"18":{"start":{"line":17,"column":13},"end":{"line":17,"column":27}},"19":{"start":{"line":83,"column":31},"end":{"line":141,"column":1}},"20":{"start":{"line":94,"column":17},"end":{"line":94,"column":26}},"21":{"start":{"line":95,"column":17},"end":{"line":95,"column":33}},"22":{"start":{"line":97,"column":4},"end":{"line":99,"column":5}},"23":{"start":{"line":98,"column":6},"end":{"line":98,"column":48}},"24":{"start":{"line":101,"column":23},"end":{"line":101,"column":49}},"25":{"start":{"line":102,"column":20},"end":{"line":102,"column":44}},"26":{"start":{"line":103,"column":21},"end":{"line":103,"column":59}},"27":{"start":{"line":106,"column":28},"end":{"line":106,"column":92}},"28":{"start":{"line":109,"column":21},"end":{"line":109,"column":66}},"29":{"start":{"line":111,"column":26},"end":{"line":133,"column":6}},"30":{"start":{"line":135,"column":26},"end":{"line":135,"column":54}},"31":{"start":{"line":136,"column":19},"end":{"line":136,"column":61}},"32":{"start":{"line":139,"column":4},"end":{"line":139,"column":21}},"33":{"start":{"line":83,"column":13},"end":{"line":83,"column":31}},"34":{"start":{"line":143,"column":34},"end":{"line":162,"column":1}},"35":{"start":{"line":144,"column":2},"end":{"line":161,"column":3}},"36":{"start":{"line":145,"column":17},"end":{"line":145,"column":26}},"37":{"start":{"line":146,"column":17},"end":{"line":146,"column":33}},"38":{"start":{"line":148,"column":4},"end":{"line":148,"column":37}},"39":{"start":{"line":148,"column":15},"end":{"line":148,"column":37}},"40":{"start":{"line":150,"column":23},"end":{"line":150,"column":49}},"41":{"start":{"line":151,"column":20},"end":{"line":151,"column":44}},"42":{"start":{"line":153,"column":4},"end":{"line":155,"column":5}},"43":{"start":{"line":154,"column":6},"end":{"line":154,"column":65}},"44":{"start":{"line":157,"column":4},"end":{"line":157,"column":40}},"45":{"start":{"line":159,"column":4},"end":{"line":159,"column":53}},"46":{"start":{"line":160,"column":4},"end":{"line":160,"column":26}},"47":{"start":{"line":143,"column":13},"end":{"line":143,"column":34}}},"fnMap":{"0":{"name":"(anonymous_0)","decl":{"start":{"line":17,"column":27},"end":{"line":17,"column":32}},"loc":{"start":{"line":17,"column":62},"end":{"line":81,"column":1}}},"1":{"name":"(anonymous_1)","decl":{"start":{"line":83,"column":31},"end":{"line":83,"column":36}},"loc":{"start":{"line":92,"column":5},"end":{"line":141,"column":1}}},"2":{"name":"(anonymous_2)","decl":{"start":{"line":143,"column":34},"end":{"line":143,"column":39}},"loc":{"start":{"line":143,"column":45},"end":{"line":162,"column":1}}}},"branchMap":{"0":{"loc":{"start":{"line":21,"column":4},"end":{"line":23,"column":5}},"type":"if","locations":[{"start":{"line":21,"column":4},"end":{"line":23,"column":5}},{"start":{},"end":{}}]},"1":{"loc":{"start":{"line":28,"column":4},"end":{"line":30,"column":5}},"type":"if","locations":[{"start":{"line":28,"column":4},"end":{"line":30,"column":5}},{"start":{},"end":{}}]},"2":{"loc":{"start":{"line":34,"column":21},"end":{"line":34,"column":54}},"type":"binary-expr","locations":[{"start":{"line":34,"column":21},"end":{"line":34,"column":49}},{"start":{"line":34,"column":53},"end":{"line":34,"column":54}}]},"3":{"loc":{"start":{"line":44,"column":22},"end":{"line":44,"column":48}},"type":"binary-expr","locations":[{"start":{"line":44,"column":22},"end":{"line":44,"column":43}},{"start":{"line":44,"column":47},"end":{"line":44,"column":48}}]},"4":{"loc":{"start":{"line":48,"column":18},"end":{"line":48,"column":45}},"type":"binary-expr","locations":[{"start":{"line":48,"column":18},"end":{"line":48,"column":40}},{"start":{"line":48,"column":44},"end":{"line":48,"column":45}}]},"5":{"loc":{"start":{"line":49,"column":18},"end":{"line":49,"column":45}},"type":"binary-expr","locations":[{"start":{"line":49,"column":18},"end":{"line":49,"column":40}},{"start":{"line":49,"column":44},"end":{"line":49,"column":45}}]},"6":{"loc":{"start":{"line":55,"column":13},"end":{"line":55,"column":29}},"type":"binary-expr","locations":[{"start":{"line":55,"column":13},"end":{"line":55,"column":23}},{"start":{"line":55,"column":27},"end":{"line":55,"column":29}}]},"7":{"loc":{"start":{"line":56,"column":12},"end":{"line":56,"column":44}},"type":"binary-expr","locations":[{"start":{"line":56,"column":12},"end":{"line":56,"column":26}},{"start":{"line":56,"column":30},"end":{"line":56,"column":44}}]},"8":{"loc":{"start":{"line":68,"column":24},"end":{"line":68,"column":57}},"type":"binary-expr","locations":[{"start":{"line":68,"column":24},"end":{"line":68,"column":52}},{"start":{"line":68,"column":56},"end":{"line":68,"column":57}}]},"9":{"loc":{"start":{"line":69,"column":28},"end":{"line":69,"column":65}},"type":"binary-expr","locations":[{"start":{"line":69,"column":28},"end":{"line":69,"column":60}},{"start":{"line":69,"column":64},"end":{"line":69,"column":65}}]},"10":{"loc":{"start":{"line":97,"column":4},"end":{"line":99,"column":5}},"type":"if","locations":[{"start":{"line":97,"column":4},"end":{"line":99,"column":5}},{"start":{},"end":{}}]},"11":{"loc":{"start":{"line":103,"column":21},"end":{"line":103,"column":59}},"type":"cond-expr","locations":[{"start":{"line":103,"column":40},"end":{"line":103,"column":54}},{"start":{"line":103,"column":57},"end":{"line":103,"column":59}}]},"12":{"loc":{"start":{"line":109,"column":21},"end":{"line":109,"column":66}},"type":"binary-expr","locations":[{"start":{"line":109,"column":21},"end":{"line":109,"column":47}},{"start":{"line":109,"column":51},"end":{"line":109,"column":66}}]},"13":{"loc":{"start":{"line":118,"column":13},"end":{"line":118,"column":29}},"type":"binary-expr","locations":[{"start":{"line":118,"column":13},"end":{"line":118,"column":23}},{"start":{"line":118,"column":27},"end":{"line":118,"column":29}}]},"14":{"loc":{"start":{"line":122,"column":12},"end":{"line":122,"column":44}},"type":"binary-expr","locations":[{"start":{"line":122,"column":12},"end":{"line":122,"column":26}},{"start":{"line":122,"column":30},"end":{"line":122,"column":44}}]},"15":{"loc":{"start":{"line":130,"column":10},"end":{"line":130,"column":88}},"type":"binary-expr","locations":[{"start":{"line":130,"column":10},"end":{"line":130,"column":36}},{"start":{"line":130,"column":40},"end":{"line":130,"column":88}}]},"16":{"loc":{"start":{"line":148,"column":4},"end":{"line":148,"column":37}},"type":"if","locations":[{"start":{"line":148,"column":4},"end":{"line":148,"column":37}},{"start":{},"end":{}}]},"17":{"loc":{"start":{"line":153,"column":4},"end":{"line":155,"column":5}},"type":"if","locations":[{"start":{"line":153,"column":4},"end":{"line":155,"column":5}},{"start":{},"end":{}}]},"18":{"loc":{"start":{"line":154,"column":13},"end":{"line":154,"column":64}},"type":"binary-expr","locations":[{"start":{"line":154,"column":13},"end":{"line":154,"column":32}},{"start":{"line":154,"column":36},"end":{"line":154,"column":46}},{"start":{"line":154,"column":50},"end":{"line":154,"column":64}}]},"19":{"loc":{"start":{"line":157,"column":11},"end":{"line":157,"column":39}},"type":"binary-expr","locations":[{"start":{"line":157,"column":11},"end":{"line":157,"column":21}},{"start":{"line":157,"column":25},"end":{"line":157,"column":39}}]}},"s":{"0":0,"1":0,"2":0,"3":0,"4":0,"5":0,"6":0,"7":0,"8":0,"9":0,"10":0,"11":0,"12":0,"13":0,"14":0,"15":0,"16":0,"17":0,"18":0,"19":0,"20":0,"21":0,"22":0,"23":0,"24":0,"25":0,"26":0,"27":0,"28":0,"29":0,"30":0,"31":0,"32":0,"33":0,"34":0,"35":0,"36":0,"37":0,"38":0,"39":0,"40":0,"41":0,"42":0,"43":0,"44":0,"45":0,"46":0,"47":0},"f":{"0":0,"1":0,"2":0},"b":{"0":[0,0],"1":[0,0],"2":[0,0],"3":[0,0],"4":[0,0],"5":[0,0],"6":[0,0],"7":[0,0],"8":[0,0],"9":[0,0],"10":[0,0],"11":[0,0],"12":[0,0],"13":[0,0],"14":[0,0],"15":[0,0],"16":[0,0],"17":[0,0],"18":[0,0,0],"19":[0,0]}}
,"C:\\Users\\cdieb\\OneDrive\\Documents\\technically-functional\\mobile\\lib\\poseService.ts": {"path":"C:\\Users\\cdieb\\OneDrive\\Documents\\technically-functional\\mobile\\lib\\poseService.ts","statementMap":{"0":{"start":{"line":18,"column":0},"end":{"line":18,"column":7}},"1":{"start":{"line":34,"column":0},"end":{"line":34,"column":7}},"2":{"start":{"line":1,"column":0},"end":{"line":1,"column":26}},"3":{"start":{"line":3,"column":19},"end":{"line":3,"column":43}},"4":{"start":{"line":23,"column":19},"end":{"line":23,"column":37}},"5":{"start":{"line":25,"column":14},"end":{"line":28,"column":null}},"6":{"start":{"line":31,"column":2},"end":{"line":31,"column":42}},"7":{"start":{"line":35,"column":2},"end":{"line":35,"column":65}}},"fnMap":{"0":{"name":"processFrame","decl":{"start":{"line":18,"column":22},"end":{"line":18,"column":34}},"loc":{"start":{"line":21,"column":16},"end":{"line":32,"column":1}}},"1":{"name":"resetBackend","decl":{"start":{"line":34,"column":22},"end":{"line":34,"column":34}},"loc":{"start":{"line":34,"column":34},"end":{"line":36,"column":1}}}},"branchMap":{},"s":{"0":1,"1":1,"2":1,"3":1,"4":3,"5":3,"6":2,"7":2},"f":{"0":3,"1":2},"b":{}}
,"C:\\Users\\cdieb\\OneDrive\\Documents\\technically-functional\\mobile\\lib\\profileActivity.ts": {"path":"C:\\Users\\cdieb\\OneDrive\\Documents\\technically-functional\\mobile\\lib\\profileActivity.ts","statementMap":{"0":{"start":{"line":38,"column":0},"end":{"line":38,"column":7}},"1":{"start":{"line":55,"column":0},"end":{"line":55,"column":7}},"2":{"start":{"line":61,"column":0},"end":{"line":61,"column":7}},"3":{"start":{"line":83,"column":0},"end":{"line":83,"column":7}},"4":{"start":{"line":130,"column":0},"end":{"line":130,"column":7}},"5":{"start":{"line":152,"column":0},"end":{"line":152,"column":7}},"6":{"start":{"line":171,"column":0},"end":{"line":171,"column":7}},"7":{"start":{"line":183,"column":0},"end":{"line":183,"column":7}},"8":{"start":{"line":214,"column":0},"end":{"line":214,"column":7}},"9":{"start":{"line":226,"column":0},"end":{"line":226,"column":7}},"10":{"start":{"line":234,"column":0},"end":{"line":234,"column":7}},"11":{"start":{"line":239,"column":0},"end":{"line":239,"column":7}},"12":{"start":{"line":245,"column":0},"end":{"line":245,"column":7}},"13":{"start":{"line":249,"column":0},"end":{"line":249,"column":7}},"14":{"start":{"line":1,"column":0},"end":{"line":1,"column":null}},"15":{"start":{"line":12,"column":0},"end":{"line":12,"column":38}},"16":{"start":{"line":14,"column":0},"end":{"line":14,"column":54}},"17":{"start":{"line":16,"column":0},"end":{"line":16,"column":69}},"18":{"start":{"line":17,"column":0},"end":{"line":17,"column":51}},"19":{"start":{"line":35,"column":17},"end":{"line":35,"column":33}},"20":{"start":{"line":36,"column":12},"end":{"line":36,"column":36}},"21":{"start":{"line":39,"column":15},"end":{"line":39,"column":31}},"22":{"start":{"line":40,"column":2},"end":{"line":40,"column":25}},"23":{"start":{"line":40,"column":13},"end":{"line":40,"column":25}},"24":{"start":{"line":42,"column":2},"end":{"line":52,"column":3}},"25":{"start":{"line":43,"column":4},"end":{"line":43,"column":38}},"26":{"start":{"line":44,"column":20},"end":{"line":44,"column":60}},"27":{"start":{"line":45,"column":4},"end":{"line":45,"column":39}},"28":{"start":{"line":45,"column":27},"end":{"line":45,"column":39}},"29":{"start":{"line":47,"column":21},"end":{"line":47,"column":60}},"30":{"start":{"line":48,"column":4},"end":{"line":48,"column":42}},"31":{"start":{"line":50,"column":4},"end":{"line":50,"column":56}},"32":{"start":{"line":51,"column":4},"end":{"line":51,"column":16}},"33":{"start":{"line":56,"column":15},"end":{"line":56,"column":31}},"34":{"start":{"line":57,"column":2},"end":{"line":57,"column":25}},"35":{"start":{"line":57,"column":13},"end":{"line":57,"column":25}},"36":{"start":{"line":58,"column":2},"end":{"line":58,"column":18}},"37":{"start":{"line":62,"column":2},"end":{"line":80,"column":3}},"38":{"start":{"line":63,"column":26},"end":{"line":63,"column":54}},"39":{"start":{"line":64,"column":14},"end":{"line":64,"column":59}},"40":{"start":{"line":65,"column":21},"end":{"line":65,"column":37}},"41":{"start":{"line":66,"column":39},"end":{"line":66,"column":41}},"42":{"start":{"line":67,"column":4},"end":{"line":69,"column":7}},"43":{"start":{"line":68,"column":6},"end":{"line":68,"column":50}},"44":{"start":{"line":71,"column":4},"end":{"line":75,"column":7}},"45":{"start":{"line":72,"column":20},"end":{"line":72,"column":56}},"46":{"start":{"line":73,"column":20},"end":{"line":73,"column":56}},"47":{"start":{"line":74,"column":6},"end":{"line":74,"column":27}},"48":{"start":{"line":76,"column":4},"end":{"line":76,"column":22}},"49":{"start":{"line":78,"column":4},"end":{"line":78,"column":59}},"50":{"start":{"line":79,"column":4},"end":{"line":79,"column":14}},"51":{"start":{"line":84,"column":21},"end":{"line":84,"column":49}},"52":{"start":{"line":85,"column":2},"end":{"line":92,"column":3}},"53":{"start":{"line":86,"column":4},"end":{"line":91,"column":6}},"54":{"start":{"line":93,"column":16},"end":{"line":94,"column":null}},"55":{"start":{"line":94,"column":11},"end":{"line":94,"column":65}},"56":{"start":{"line":96,"column":20},"end":{"line":96,"column":21}},"57":{"start":{"line":97,"column":16},"end":{"line":97,"column":26}},"58":{"start":{"line":99,"column":22},"end":{"line":99,"column":48}},"59":{"start":{"line":100,"column":12},"end":{"line":100,"column":55}},"60":{"start":{"line":101,"column":27},"end":{"line":101,"column":43}},"61":{"start":{"line":102,"column":24},"end":{"line":102,"column":45}},"62":{"start":{"line":104,"column":2},"end":{"line":104,"column":46}},"63":{"start":{"line":105,"column":2},"end":{"line":105,"column":40}},"64":{"start":{"line":106,"column":2},"end":{"line":117,"column":1}},"65":{"start":{"line":107,"column":20},"end":{"line":107,"column":35}},"66":{"start":{"line":108,"column":2},"end":{"line":108,"column":51}},"67":{"start":{"line":110,"column":18},"end":{"line":110,"column":55}},"68":{"start":{"line":112,"column":2},"end":{"line":112,"column":52}},"69":{"start":{"line":114,"column":2},"end":{"line":114,"column":38}},"70":{"start":{"line":114,"column":32},"end":{"line":114,"column":38}},"71":{"start":{"line":116,"column":2},"end":{"line":116,"column":19}},"72":{"start":{"line":119,"column":2},"end":{"line":119,"column":72}},"73":{"start":{"line":120,"column":2},"end":{"line":127,"column":4}},"74":{"start":{"line":125,"column":13},"end":{"line":125,"column":62}},"75":{"start":{"line":133,"column":21},"end":{"line":133,"column":49}},"76":{"start":{"line":134,"column":2},"end":{"line":134,"column":56}},"77":{"start":{"line":135,"column":20},"end":{"line":147,"column":4}},"78":{"start":{"line":136,"column":17},"end":{"line":136,"column":39}},"79":{"start":{"line":137,"column":20},"end":{"line":137,"column":46}},"80":{"start":{"line":138,"column":17},"end":{"line":140,"column":71}},"81":{"start":{"line":139,"column":21},"end":{"line":139,"column":49}},"82":{"start":{"line":140,"column":32},"end":{"line":140,"column":67}},"83":{"start":{"line":141,"column":4},"end":{"line":146,"column":6}},"84":{"start":{"line":148,"column":2},"end":{"line":148,"column":55}},"85":{"start":{"line":149,"column":2},"end":{"line":149,"column":29}},"86":{"start":{"line":155,"column":21},"end":{"line":155,"column":49}},"87":{"start":{"line":156,"column":20},"end":{"line":166,"column":4}},"88":{"start":{"line":157,"column":17},"end":{"line":157,"column":39}},"89":{"start":{"line":158,"column":20},"end":{"line":158,"column":46}},"90":{"start":{"line":159,"column":17},"end":{"line":159,"column":78}},"91":{"start":{"line":159,"column":42},"end":{"line":159,"column":70}},"92":{"start":{"line":160,"column":4},"end":{"line":165,"column":6}},"93":{"start":{"line":167,"column":2},"end":{"line":167,"column":59}},"94":{"start":{"line":168,"column":2},"end":{"line":168,"column":29}},"95":{"start":{"line":172,"column":22},"end":{"line":172,"column":48}},"96":{"start":{"line":173,"column":12},"end":{"line":173,"column":59}},"97":{"start":{"line":174,"column":2},"end":{"line":180,"column":3}},"98":{"start":{"line":175,"column":21},"end":{"line":175,"column":37}},"99":{"start":{"line":176,"column":4},"end":{"line":176,"column":65}},"100":{"start":{"line":176,"column":38},"end":{"line":176,"column":63}},"101":{"start":{"line":178,"column":4},"end":{"line":178,"column":52}},"102":{"start":{"line":179,"column":4},"end":{"line":179,"column":14}},"103":{"start":{"line":188,"column":14},"end":{"line":190,"column":4}},"104":{"start":{"line":191,"column":2},"end":{"line":194,"column":3}},"105":{"start":{"line":192,"column":4},"end":{"line":192,"column":56}},"106":{"start":{"line":193,"column":4},"end":{"line":193,"column":11}},"107":{"start":{"line":195,"column":2},"end":{"line":211,"column":3}},"108":{"start":{"line":196,"column":24},"end":{"line":196,"column":50}},"109":{"start":{"line":197,"column":4},"end":{"line":197,"column":51}},"110":{"start":{"line":198,"column":19},"end":{"line":198,"column":49}},"111":{"start":{"line":199,"column":20},"end":{"line":206,"column":6}},"112":{"start":{"line":207,"column":4},"end":{"line":207,"column":34}},"113":{"start":{"line":209,"column":4},"end":{"line":209,"column":51}},"114":{"start":{"line":210,"column":4},"end":{"line":210,"column":11}},"115":{"start":{"line":215,"column":2},"end":{"line":223,"column":3}},"116":{"start":{"line":216,"column":20},"end":{"line":216,"column":55}},"117":{"start":{"line":217,"column":4},"end":{"line":217,"column":49}},"118":{"start":{"line":217,"column":27},"end":{"line":217,"column":49}},"119":{"start":{"line":218,"column":21},"end":{"line":218,"column":35}},"120":{"start":{"line":219,"column":4},"end":{"line":219,"column":43}},"121":{"start":{"line":221,"column":4},"end":{"line":221,"column":53}},"122":{"start":{"line":222,"column":4},"end":{"line":222,"column":26}},"123":{"start":{"line":227,"column":2},"end":{"line":230,"column":3}},"124":{"start":{"line":228,"column":4},"end":{"line":228,"column":55}},"125":{"start":{"line":229,"column":4},"end":{"line":229,"column":11}},"126":{"start":{"line":231,"column":2},"end":{"line":231,"column":44}},"127":{"start":{"line":235,"column":12},"end":{"line":235,"column":42}},"128":{"start":{"line":236,"column":2},"end":{"line":236,"column":11}},"129":{"start":{"line":240,"column":12},"end":{"line":240,"column":48}},"130":{"start":{"line":241,"column":2},"end":{"line":241,"column":22}},"131":{"start":{"line":241,"column":10},"end":{"line":241,"column":22}},"132":{"start":{"line":242,"column":2},"end":{"line":242,"column":28}},"133":{"start":{"line":246,"column":2},"end":{"line":246,"column":42}},"134":{"start":{"line":252,"column":19},"end":{"line":252,"column":54}},"135":{"start":{"line":253,"column":12},"end":{"line":253,"column":62}},"136":{"start":{"line":254,"column":19},"end":{"line":254,"column":35}},"137":{"start":{"line":255,"column":2},"end":{"line":255,"column":34}},"138":{"start":{"line":255,"column":22},"end":{"line":255,"column":34}},"139":{"start":{"line":256,"column":18},"end":{"line":256,"column":34}},"140":{"start":{"line":257,"column":2},"end":{"line":257,"column":28}}},"fnMap":{"0":{"name":"getCurrentUser","decl":{"start":{"line":38,"column":22},"end":{"line":38,"column":36}},"loc":{"start":{"line":38,"column":36},"end":{"line":53,"column":1}}},"1":{"name":"getCurrentUserID","decl":{"start":{"line":55,"column":22},"end":{"line":55,"column":38}},"loc":{"start":{"line":55,"column":38},"end":{"line":59,"column":1}}},"2":{"name":"getUserActivities","decl":{"start":{"line":61,"column":22},"end":{"line":61,"column":39}},"loc":{"start":{"line":61,"column":51},"end":{"line":81,"column":1}}},"3":{"name":"(anonymous_4)","decl":{"start":{"line":67,"column":21},"end":{"line":67,"column":22}},"loc":{"start":{"line":67,"column":29},"end":{"line":69,"column":5}}},"4":{"name":"(anonymous_5)","decl":{"start":{"line":71,"column":20},"end":{"line":71,"column":21}},"loc":{"start":{"line":71,"column":29},"end":{"line":75,"column":5}}},"5":{"name":"getUserSummary","decl":{"start":{"line":83,"column":22},"end":{"line":83,"column":36}},"loc":{"start":{"line":83,"column":48},"end":{"line":128,"column":1}}},"6":{"name":"(anonymous_7)","decl":{"start":{"line":94,"column":4},"end":{"line":94,"column":5}},"loc":{"start":{"line":94,"column":11},"end":{"line":94,"column":65}}},"7":{"name":"(anonymous_8)","decl":{"start":{"line":125,"column":6},"end":{"line":125,"column":7}},"loc":{"start":{"line":125,"column":13},"end":{"line":125,"column":62}}},"8":{"name":"repsChartData","decl":{"start":{"line":130,"column":22},"end":{"line":130,"column":35}},"loc":{"start":{"line":131,"column":13},"end":{"line":150,"column":1}}},"9":{"name":"(anonymous_10)","decl":{"start":{"line":135,"column":50},"end":{"line":135,"column":51}},"loc":{"start":{"line":135,"column":59},"end":{"line":147,"column":3}}},"10":{"name":"(anonymous_11)","decl":{"start":{"line":139,"column":14},"end":{"line":139,"column":15}},"loc":{"start":{"line":139,"column":21},"end":{"line":139,"column":49}}},"11":{"name":"(anonymous_12)","decl":{"start":{"line":140,"column":14},"end":{"line":140,"column":15}},"loc":{"start":{"line":140,"column":32},"end":{"line":140,"column":67}}},"12":{"name":"exerciseChartData","decl":{"start":{"line":152,"column":22},"end":{"line":152,"column":39}},"loc":{"start":{"line":153,"column":13},"end":{"line":169,"column":1}}},"13":{"name":"(anonymous_14)","decl":{"start":{"line":156,"column":50},"end":{"line":156,"column":51}},"loc":{"start":{"line":156,"column":59},"end":{"line":166,"column":3}}},"14":{"name":"(anonymous_15)","decl":{"start":{"line":159,"column":35},"end":{"line":159,"column":36}},"loc":{"start":{"line":159,"column":42},"end":{"line":159,"column":70}}},"15":{"name":"getComments","decl":{"start":{"line":171,"column":22},"end":{"line":171,"column":33}},"loc":{"start":{"line":171,"column":47},"end":{"line":181,"column":1}}},"16":{"name":"(anonymous_17)","decl":{"start":{"line":176,"column":29},"end":{"line":176,"column":30}},"loc":{"start":{"line":176,"column":38},"end":{"line":176,"column":63}}},"17":{"name":"postComment","decl":{"start":{"line":183,"column":22},"end":{"line":183,"column":33}},"loc":{"start":{"line":186,"column":17},"end":{"line":212,"column":1}}},"18":{"name":"getName","decl":{"start":{"line":214,"column":22},"end":{"line":214,"column":29}},"loc":{"start":{"line":214,"column":41},"end":{"line":224,"column":1}}},"19":{"name":"setSelectedUserID","decl":{"start":{"line":226,"column":22},"end":{"line":226,"column":39}},"loc":{"start":{"line":226,"column":51},"end":{"line":232,"column":1}}},"20":{"name":"getSelectedUserID","decl":{"start":{"line":234,"column":22},"end":{"line":234,"column":39}},"loc":{"start":{"line":234,"column":39},"end":{"line":237,"column":1}}},"21":{"name":"getSelectedUser","decl":{"start":{"line":239,"column":22},"end":{"line":239,"column":37}},"loc":{"start":{"line":239,"column":37},"end":{"line":243,"column":1}}},"22":{"name":"clearSelectedUserID","decl":{"start":{"line":245,"column":22},"end":{"line":245,"column":41}},"loc":{"start":{"line":245,"column":41},"end":{"line":247,"column":1}}},"23":{"name":"getPhysioInviteCode","decl":{"start":{"line":249,"column":22},"end":{"line":249,"column":41}},"loc":{"start":{"line":250,"column":18},"end":{"line":258,"column":1}}}},"branchMap":{"0":{"loc":{"start":{"line":40,"column":2},"end":{"line":40,"column":25}},"type":"if","locations":[{"start":{"line":40,"column":2},"end":{"line":40,"column":25}},{"start":{},"end":{}}]},"1":{"loc":{"start":{"line":45,"column":4},"end":{"line":45,"column":39}},"type":"if","locations":[{"start":{"line":45,"column":4},"end":{"line":45,"column":39}},{"start":{},"end":{}}]},"2":{"loc":{"start":{"line":57,"column":2},"end":{"line":57,"column":25}},"type":"if","locations":[{"start":{"line":57,"column":2},"end":{"line":57,"column":25}},{"start":{},"end":{}}]},"3":{"loc":{"start":{"line":85,"column":2},"end":{"line":92,"column":3}},"type":"if","locations":[{"start":{"line":85,"column":2},"end":{"line":92,"column":3}},{"start":{},"end":{}}]},"4":{"loc":{"start":{"line":114,"column":2},"end":{"line":114,"column":38}},"type":"if","locations":[{"start":{"line":114,"column":2},"end":{"line":114,"column":38}},{"start":{},"end":{}}]},"5":{"loc":{"start":{"line":140,"column":39},"end":{"line":140,"column":66}},"type":"binary-expr","locations":[{"start":{"line":140,"column":39},"end":{"line":140,"column":61}},{"start":{"line":140,"column":65},"end":{"line":140,"column":66}}]},"6":{"loc":{"start":{"line":191,"column":2},"end":{"line":194,"column":3}},"type":"if","locations":[{"start":{"line":191,"column":2},"end":{"line":194,"column":3}},{"start":{},"end":{}}]},"7":{"loc":{"start":{"line":217,"column":4},"end":{"line":217,"column":49}},"type":"if","locations":[{"start":{"line":217,"column":4},"end":{"line":217,"column":49}},{"start":{},"end":{}}]},"8":{"loc":{"start":{"line":219,"column":11},"end":{"line":219,"column":42}},"type":"binary-expr","locations":[{"start":{"line":219,"column":11},"end":{"line":219,"column":24}},{"start":{"line":219,"column":28},"end":{"line":219,"column":42}}]},"9":{"loc":{"start":{"line":227,"column":2},"end":{"line":230,"column":3}},"type":"if","locations":[{"start":{"line":227,"column":2},"end":{"line":230,"column":3}},{"start":{},"end":{}}]},"10":{"loc":{"start":{"line":241,"column":2},"end":{"line":241,"column":22}},"type":"if","locations":[{"start":{"line":241,"column":2},"end":{"line":241,"column":22}},{"start":{},"end":{}}]},"11":{"loc":{"start":{"line":255,"column":2},"end":{"line":255,"column":34}},"type":"if","locations":[{"start":{"line":255,"column":2},"end":{"line":255,"column":34}},{"start":{},"end":{}}]},"12":{"loc":{"start":{"line":257,"column":9},"end":{"line":257,"column":27}},"type":"binary-expr","locations":[{"start":{"line":257,"column":9},"end":{"line":257,"column":19}},{"start":{"line":257,"column":23},"end":{"line":257,"column":27}}]}},"s":{"0":1,"1":1,"2":1,"3":1,"4":1,"5":1,"6":1,"7":1,"8":1,"9":1,"10":1,"11":1,"12":1,"13":1,"14":1,"15":1,"16":1,"17":1,"18":1,"19":1,"20":1,"21":4,"22":4,"23":1,"24":3,"25":3,"26":3,"27":2,"28":1,"29":1,"30":1,"31":1,"32":1,"33":2,"34":2,"35":1,"36":1,"37":16,"38":16,"39":16,"40":16,"41":12,"42":12,"43":21,"44":12,"45":16,"46":16,"47":16,"48":12,"49":4,"50":4,"51":3,"52":3,"53":2,"54":1,"55":3,"56":1,"57":1,"58":1,"59":1,"60":1,"61":1,"62":1,"63":1,"64":1,"65":4,"66":4,"67":4,"68":4,"69":4,"70":1,"71":3,"72":1,"73":1,"74":3,"75":5,"76":5,"77":5,"78":35,"79":35,"80":35,"81":63,"82":5,"83":35,"84":5,"85":5,"86":4,"87":4,"88":28,"89":28,"90":28,"91":42,"92":28,"93":4,"94":4,"95":3,"96":3,"97":3,"98":3,"99":2,"100":2,"101":1,"102":1,"103":3,"104":3,"105":1,"106":1,"107":2,"108":2,"109":2,"110":2,"111":1,"112":1,"113":1,"114":1,"115":5,"116":5,"117":4,"118":1,"119":3,"120":3,"121":1,"122":1,"123":2,"124":1,"125":1,"126":1,"127":2,"128":2,"129":2,"130":2,"131":1,"132":1,"133":1,"134":3,"135":3,"136":3,"137":3,"138":1,"139":2,"140":2},"f":{"0":4,"1":2,"2":16,"3":21,"4":16,"5":3,"6":3,"7":3,"8":5,"9":35,"10":63,"11":5,"12":4,"13":28,"14":42,"15":3,"16":2,"17":3,"18":5,"19":2,"20":2,"21":2,"22":1,"23":3},"b":{"0":[1,3],"1":[1,1],"2":[1,1],"3":[2,1],"4":[1,3],"5":[5,2],"6":[1,2],"7":[1,3],"8":[3,1],"9":[1,1],"10":[1,1],"11":[1,2],"12":[2,1]}}
,"C:\\Users\\cdieb\\OneDrive\\Documents\\technically-functional\\mobile\\lib\\roleStore.ts": {"path":"C:\\Users\\cdieb\\OneDrive\\Documents\\technically-functional\\mobile\\lib\\roleStore.ts","statementMap":{"0":{"start":{"line":7,"column":0},"end":{"line":7,"column":7}},"1":{"start":{"line":11,"column":0},"end":{"line":11,"column":7}},"2":{"start":{"line":17,"column":0},"end":{"line":17,"column":7}},"3":{"start":{"line":1,"column":0},"end":{"line":1,"column":69}},"4":{"start":{"line":3,"column":17},"end":{"line":3,"column":27}},"5":{"start":{"line":8,"column":2},"end":{"line":8,"column":45}},"6":{"start":{"line":12,"column":12},"end":{"line":12,"column":48}},"7":{"start":{"line":13,"column":2},"end":{"line":13,"column":50}},"8":{"start":{"line":13,"column":41},"end":{"line":13,"column":50}},"9":{"start":{"line":14,"column":2},"end":{"line":14,"column":14}},"10":{"start":{"line":18,"column":2},"end":{"line":18,"column":42}}},"fnMap":{"0":{"name":"setUserRole","decl":{"start":{"line":7,"column":22},"end":{"line":7,"column":33}},"loc":{"start":{"line":7,"column":48},"end":{"line":9,"column":1}}},"1":{"name":"getUserRole","decl":{"start":{"line":11,"column":22},"end":{"line":11,"column":33}},"loc":{"start":{"line":11,"column":33},"end":{"line":15,"column":1}}},"2":{"name":"clearUserRole","decl":{"start":{"line":17,"column":22},"end":{"line":17,"column":35}},"loc":{"start":{"line":17,"column":35},"end":{"line":19,"column":1}}}},"branchMap":{"0":{"loc":{"start":{"line":13,"column":2},"end":{"line":13,"column":50}},"type":"if","locations":[{"start":{"line":13,"column":2},"end":{"line":13,"column":50}},{"start":{},"end":{}}]},"1":{"loc":{"start":{"line":13,"column":6},"end":{"line":13,"column":39}},"type":"binary-expr","locations":[{"start":{"line":13,"column":6},"end":{"line":13,"column":21}},{"start":{"line":13,"column":25},"end":{"line":13,"column":39}}]}},"s":{"0":0,"1":0,"2":0,"3":0,"4":0,"5":0,"6":0,"7":0,"8":0,"9":0,"10":0},"f":{"0":0,"1":0,"2":0},"b":{"0":[0,0],"1":[0,0]}}
,"C:\\Users\\cdieb\\OneDrive\\Documents\\technically-functional\\mobile\\lib\\temp.ts": {"path":"C:\\Users\\cdieb\\OneDrive\\Documents\\technically-functional\\mobile\\lib\\temp.ts","statementMap":{"0":{"start":{"line":23,"column":0},"end":{"line":23,"column":7}},"1":{"start":{"line":1,"column":0},"end":{"line":1,"column":38}},"2":{"start":{"line":2,"column":0},"end":{"line":2,"column":58}},"3":{"start":{"line":24,"column":15},"end":{"line":24,"column":31}},"4":{"start":{"line":25,"column":2},"end":{"line":25,"column":25}},"5":{"start":{"line":25,"column":13},"end":{"line":25,"column":25}},"6":{"start":{"line":27,"column":2},"end":{"line":36,"column":3}},"7":{"start":{"line":28,"column":20},"end":{"line":28,"column":60}},"8":{"start":{"line":29,"column":4},"end":{"line":29,"column":39}},"9":{"start":{"line":29,"column":27},"end":{"line":29,"column":39}},"10":{"start":{"line":31,"column":21},"end":{"line":31,"column":60}},"11":{"start":{"line":32,"column":4},"end":{"line":32,"column":42}},"12":{"start":{"line":34,"column":4},"end":{"line":34,"column":56}},"13":{"start":{"line":35,"column":4},"end":{"line":35,"column":16}}},"fnMap":{"0":{"name":"getCurrentUser","decl":{"start":{"line":23,"column":22},"end":{"line":23,"column":36}},"loc":{"start":{"line":23,"column":36},"end":{"line":37,"column":1}}}},"branchMap":{"0":{"loc":{"start":{"line":25,"column":2},"end":{"line":25,"column":25}},"type":"if","locations":[{"start":{"line":25,"column":2},"end":{"line":25,"column":25}},{"start":{},"end":{}}]},"1":{"loc":{"start":{"line":29,"column":4},"end":{"line":29,"column":39}},"type":"if","locations":[{"start":{"line":29,"column":4},"end":{"line":29,"column":39}},{"start":{},"end":{}}]}},"s":{"0":0,"1":0,"2":0,"3":0,"4":0,"5":0,"6":0,"7":0,"8":0,"9":0,"10":0,"11":0,"12":0,"13":0},"f":{"0":0},"b":{"0":[0,0],"1":[0,0]}}
,"C:\\Users\\cdieb\\OneDrive\\Documents\\technically-functional\\mobile\\lib\\useraccount.ts": {"path":"C:\\Users\\cdieb\\OneDrive\\Documents\\technically-functional\\mobile\\lib\\useraccount.ts","statementMap":{"0":{"start":{"line":3,"column":0},"end":{"line":3,"column":null}},"1":{"start":{"line":11,"column":0},"end":{"line":11,"column":null}},"2":{"start":{"line":24,"column":0},"end":{"line":24,"column":38}},"3":{"start":{"line":59,"column":4},"end":{"line":59,"column":19}},"4":{"start":{"line":60,"column":4},"end":{"line":60,"column":43}},"5":{"start":{"line":57,"column":0},"end":{"line":57,"column":13}},"6":{"start":{"line":66,"column":4},"end":{"line":66,"column":19}},"7":{"start":{"line":67,"column":4},"end":{"line":67,"column":43}},"8":{"start":{"line":64,"column":0},"end":{"line":64,"column":13}},"9":{"start":{"line":73,"column":4},"end":{"line":73,"column":19}},"10":{"start":{"line":74,"column":4},"end":{"line":74,"column":45}},"11":{"start":{"line":71,"column":0},"end":{"line":71,"column":13}},"12":{"start":{"line":80,"column":4},"end":{"line":80,"column":19}},"13":{"start":{"line":81,"column":4},"end":{"line":81,"column":45}},"14":{"start":{"line":78,"column":0},"end":{"line":78,"column":13}},"15":{"start":{"line":87,"column":4},"end":{"line":87,"column":19}},"16":{"start":{"line":88,"column":4},"end":{"line":88,"column":43}},"17":{"start":{"line":85,"column":0},"end":{"line":85,"column":13}},"18":{"start":{"line":94,"column":4},"end":{"line":94,"column":19}},"19":{"start":{"line":95,"column":4},"end":{"line":95,"column":57}},"20":{"start":{"line":92,"column":0},"end":{"line":92,"column":13}},"21":{"start":{"line":101,"column":10},"end":{"line":101,"column":36}},"22":{"start":{"line":102,"column":10},"end":{"line":102,"column":49}},"23":{"start":{"line":103,"column":10},"end":{"line":103,"column":48}},"24":{"start":{"line":110,"column":23},"end":{"line":110,"column":51}},"25":{"start":{"line":111,"column":4},"end":{"line":111,"column":41}},"26":{"start":{"line":115,"column":4},"end":{"line":115,"column":32}},"27":{"start":{"line":119,"column":4},"end":{"line":119,"column":35}},"28":{"start":{"line":125,"column":4},"end":{"line":130,"column":5}},"29":{"start":{"line":126,"column":6},"end":{"line":126,"column":69}},"30":{"start":{"line":127,"column":6},"end":{"line":127,"column":18}},"31":{"start":{"line":129,"column":6},"end":{"line":129,"column":19}},"32":{"start":{"line":136,"column":4},"end":{"line":138,"column":5}},"33":{"start":{"line":137,"column":6},"end":{"line":137,"column":62}},"34":{"start":{"line":140,"column":4},"end":{"line":157,"column":5}},"35":{"start":{"line":141,"column":22},"end":{"line":141,"column":56}},"36":{"start":{"line":142,"column":23},"end":{"line":142,"column":44}},"37":{"start":{"line":144,"column":6},"end":{"line":146,"column":7}},"38":{"start":{"line":145,"column":8},"end":{"line":145,"column":77}},"39":{"start":{"line":148,"column":23},"end":{"line":148,"column":63}},"40":{"start":{"line":150,"column":6},"end":{"line":153,"column":8}},"41":{"start":{"line":155,"column":6},"end":{"line":155,"column":63}},"42":{"start":{"line":156,"column":6},"end":{"line":156,"column":18}},"43":{"start":{"line":161,"column":4},"end":{"line":177,"column":5}},"44":{"start":{"line":162,"column":23},"end":{"line":162,"column":59}},"45":{"start":{"line":163,"column":16},"end":{"line":165,"column":null}},"46":{"start":{"line":167,"column":23},"end":{"line":167,"column":39}},"47":{"start":{"line":169,"column":6},"end":{"line":169,"column":38}},"48":{"start":{"line":169,"column":26},"end":{"line":169,"column":38}},"49":{"start":{"line":171,"column":18},"end":{"line":171,"column":34}},"50":{"start":{"line":172,"column":23},"end":{"line":172,"column":58}},"51":{"start":{"line":173,"column":6},"end":{"line":173,"column":42}},"52":{"start":{"line":175,"column":6},"end":{"line":175,"column":59}},"53":{"start":{"line":176,"column":6},"end":{"line":176,"column":18}},"54":{"start":{"line":181,"column":17},"end":{"line":181,"column":49}},"55":{"start":{"line":182,"column":4},"end":{"line":182,"column":25}},"56":{"start":{"line":186,"column":4},"end":{"line":207,"column":5}},"57":{"start":{"line":187,"column":27},"end":{"line":187,"column":54}},"58":{"start":{"line":188,"column":6},"end":{"line":190,"column":7}},"59":{"start":{"line":189,"column":8},"end":{"line":189,"column":77}},"60":{"start":{"line":192,"column":44},"end":{"line":195,"column":8}},"61":{"start":{"line":198,"column":6},"end":{"line":198,"column":28}},"62":{"start":{"line":200,"column":6},"end":{"line":200,"column":70}},"63":{"start":{"line":202,"column":6},"end":{"line":202,"column":63}},"64":{"start":{"line":203,"column":6},"end":{"line":203,"column":18}},"65":{"start":{"line":205,"column":6},"end":{"line":205,"column":51}},"66":{"start":{"line":206,"column":6},"end":{"line":206,"column":19}},"67":{"start":{"line":211,"column":4},"end":{"line":227,"column":5}},"68":{"start":{"line":212,"column":22},"end":{"line":212,"column":70}},"69":{"start":{"line":214,"column":6},"end":{"line":216,"column":7}},"70":{"start":{"line":215,"column":8},"end":{"line":215,"column":21}},"71":{"start":{"line":218,"column":6},"end":{"line":221,"column":9}},"72":{"start":{"line":223,"column":6},"end":{"line":223,"column":18}},"73":{"start":{"line":225,"column":6},"end":{"line":225,"column":51}},"74":{"start":{"line":226,"column":6},"end":{"line":226,"column":19}},"75":{"start":{"line":231,"column":4},"end":{"line":243,"column":5}},"76":{"start":{"line":232,"column":19},"end":{"line":232,"column":51}},"77":{"start":{"line":233,"column":6},"end":{"line":237,"column":7}},"78":{"start":{"line":234,"column":8},"end":{"line":236,"column":10}},"79":{"start":{"line":239,"column":6},"end":{"line":239,"column":45}},"80":{"start":{"line":241,"column":6},"end":{"line":241,"column":60}},"81":{"start":{"line":242,"column":6},"end":{"line":242,"column":19}},"82":{"start":{"line":249,"column":4},"end":{"line":268,"column":5}},"83":{"start":{"line":250,"column":23},"end":{"line":250,"column":59}},"84":{"start":{"line":251,"column":16},"end":{"line":254,"column":null}},"85":{"start":{"line":256,"column":23},"end":{"line":256,"column":39}},"86":{"start":{"line":258,"column":35},"end":{"line":258,"column":37}},"87":{"start":{"line":259,"column":6},"end":{"line":262,"column":9}},"88":{"start":{"line":260,"column":25},"end":{"line":260,"column":60}},"89":{"start":{"line":261,"column":8},"end":{"line":261,"column":52}},"90":{"start":{"line":264,"column":6},"end":{"line":264,"column":22}},"91":{"start":{"line":266,"column":6},"end":{"line":266,"column":64}},"92":{"start":{"line":267,"column":6},"end":{"line":267,"column":16}},"93":{"start":{"line":272,"column":4},"end":{"line":290,"column":5}},"94":{"start":{"line":273,"column":23},"end":{"line":273,"column":59}},"95":{"start":{"line":274,"column":23},"end":{"line":274,"column":46}},"96":{"start":{"line":276,"column":25},"end":{"line":276,"column":50}},"97":{"start":{"line":277,"column":32},"end":{"line":277,"column":34}},"98":{"start":{"line":279,"column":6},"end":{"line":284,"column":9}},"99":{"start":{"line":280,"column":25},"end":{"line":280,"column":60}},"100":{"start":{"line":281,"column":8},"end":{"line":283,"column":9}},"101":{"start":{"line":282,"column":10},"end":{"line":282,"column":51}},"102":{"start":{"line":286,"column":6},"end":{"line":286,"column":19}},"103":{"start":{"line":288,"column":6},"end":{"line":288,"column":61}},"104":{"start":{"line":289,"column":6},"end":{"line":289,"column":16}},"105":{"start":{"line":294,"column":4},"end":{"line":308,"column":5}},"106":{"start":{"line":295,"column":23},"end":{"line":295,"column":59}},"107":{"start":{"line":296,"column":23},"end":{"line":296,"column":46}},"108":{"start":{"line":298,"column":32},"end":{"line":298,"column":34}},"109":{"start":{"line":299,"column":6},"end":{"line":302,"column":9}},"110":{"start":{"line":300,"column":25},"end":{"line":300,"column":60}},"111":{"start":{"line":301,"column":8},"end":{"line":301,"column":49}},"112":{"start":{"line":304,"column":6},"end":{"line":304,"column":19}},"113":{"start":{"line":306,"column":6},"end":{"line":306,"column":55}},"114":{"start":{"line":307,"column":6},"end":{"line":307,"column":16}},"115":{"start":{"line":317,"column":4},"end":{"line":354,"column":5}},"116":{"start":{"line":318,"column":21},"end":{"line":318,"column":57}},"117":{"start":{"line":319,"column":14},"end":{"line":319,"column":56}},"118":{"start":{"line":321,"column":6},"end":{"line":323,"column":7}},"119":{"start":{"line":322,"column":8},"end":{"line":322,"column":56}},"120":{"start":{"line":325,"column":23},"end":{"line":325,"column":39}},"121":{"start":{"line":327,"column":39},"end":{"line":327,"column":41}},"122":{"start":{"line":328,"column":6},"end":{"line":331,"column":9}},"123":{"start":{"line":329,"column":25},"end":{"line":329,"column":60}},"124":{"start":{"line":330,"column":8},"end":{"line":330,"column":56}},"125":{"start":{"line":333,"column":6},"end":{"line":335,"column":7}},"126":{"start":{"line":334,"column":8},"end":{"line":334,"column":79}},"127":{"start":{"line":337,"column":35},"end":{"line":337,"column":37}},"128":{"start":{"line":338,"column":34},"end":{"line":338,"column":36}},"129":{"start":{"line":340,"column":6},"end":{"line":346,"column":9}},"130":{"start":{"line":341,"column":8},"end":{"line":345,"column":9}},"131":{"start":{"line":342,"column":10},"end":{"line":342,"column":34}},"132":{"start":{"line":343,"column":15},"end":{"line":345,"column":9}},"133":{"start":{"line":344,"column":10},"end":{"line":344,"column":33}},"134":{"start":{"line":348,"column":6},"end":{"line":348,"column":35}},"135":{"start":{"line":350,"column":6},"end":{"line":350,"column":60}},"136":{"start":{"line":351,"column":6},"end":{"line":353,"column":8}},"137":{"start":{"line":362,"column":4},"end":{"line":366,"column":5}},"138":{"start":{"line":363,"column":6},"end":{"line":365,"column":8}},"139":{"start":{"line":368,"column":4},"end":{"line":421,"column":5}},"140":{"start":{"line":369,"column":21},"end":{"line":369,"column":59}},"141":{"start":{"line":370,"column":6},"end":{"line":374,"column":7}},"142":{"start":{"line":371,"column":8},"end":{"line":373,"column":10}},"143":{"start":{"line":376,"column":6},"end":{"line":378,"column":7}},"144":{"start":{"line":377,"column":8},"end":{"line":377,"column":77}},"145":{"start":{"line":380,"column":23},"end":{"line":380,"column":59}},"146":{"start":{"line":381,"column":16},"end":{"line":385,"column":null}},"147":{"start":{"line":387,"column":23},"end":{"line":387,"column":39}},"148":{"start":{"line":389,"column":6},"end":{"line":393,"column":7}},"149":{"start":{"line":390,"column":8},"end":{"line":392,"column":10}},"150":{"start":{"line":395,"column":31},"end":{"line":398,"column":8}},"151":{"start":{"line":396,"column":21},"end":{"line":396,"column":31}},"152":{"start":{"line":397,"column":8},"end":{"line":397,"column":44}},"153":{"start":{"line":400,"column":6},"end":{"line":404,"column":7}},"154":{"start":{"line":401,"column":8},"end":{"line":403,"column":10}},"155":{"start":{"line":406,"column":29},"end":{"line":415,"column":8}},"156":{"start":{"line":407,"column":8},"end":{"line":410,"column":11}},"157":{"start":{"line":412,"column":8},"end":{"line":414,"column":10}},"158":{"start":{"line":417,"column":6},"end":{"line":417,"column":40}},"159":{"start":{"line":419,"column":6},"end":{"line":419,"column":64}},"160":{"start":{"line":420,"column":6},"end":{"line":420,"column":18}},"161":{"start":{"line":425,"column":4},"end":{"line":443,"column":5}},"162":{"start":{"line":426,"column":23},"end":{"line":426,"column":55}},"163":{"start":{"line":428,"column":6},"end":{"line":430,"column":7}},"164":{"start":{"line":429,"column":8},"end":{"line":429,"column":74}},"165":{"start":{"line":432,"column":22},"end":{"line":432,"column":69}},"166":{"start":{"line":434,"column":6},"end":{"line":439,"column":7}},"167":{"start":{"line":435,"column":8},"end":{"line":435,"column":59}},"168":{"start":{"line":436,"column":8},"end":{"line":436,"column":20}},"169":{"start":{"line":438,"column":8},"end":{"line":438,"column":74}},"170":{"start":{"line":441,"column":6},"end":{"line":441,"column":65}},"171":{"start":{"line":442,"column":6},"end":{"line":442,"column":68}},"172":{"start":{"line":450,"column":4},"end":{"line":457,"column":5}},"173":{"start":{"line":451,"column":6},"end":{"line":453,"column":7}},"174":{"start":{"line":452,"column":8},"end":{"line":452,"column":48}},"175":{"start":{"line":454,"column":6},"end":{"line":454,"column":18}},"176":{"start":{"line":456,"column":6},"end":{"line":456,"column":18}},"177":{"start":{"line":461,"column":4},"end":{"line":466,"column":5}},"178":{"start":{"line":462,"column":6},"end":{"line":462,"column":53}},"179":{"start":{"line":464,"column":6},"end":{"line":464,"column":57}},"180":{"start":{"line":465,"column":6},"end":{"line":465,"column":18}},"181":{"start":{"line":100,"column":0},"end":{"line":100,"column":13}},"182":{"start":{"line":472,"column":20},"end":{"line":472,"column":44}},"183":{"start":{"line":476,"column":0},"end":{"line":476,"column":27}}},"fnMap":{"0":{"name":"(anonymous_0)","decl":{"start":{"line":58,"column":2},"end":{"line":58,"column":14}},"loc":{"start":{"line":58,"column":29},"end":{"line":61,"column":3}}},"1":{"name":"(anonymous_1)","decl":{"start":{"line":65,"column":2},"end":{"line":65,"column":14}},"loc":{"start":{"line":65,"column":29},"end":{"line":68,"column":3}}},"2":{"name":"(anonymous_2)","decl":{"start":{"line":72,"column":2},"end":{"line":72,"column":14}},"loc":{"start":{"line":72,"column":29},"end":{"line":75,"column":3}}},"3":{"name":"(anonymous_3)","decl":{"start":{"line":79,"column":2},"end":{"line":79,"column":14}},"loc":{"start":{"line":79,"column":29},"end":{"line":82,"column":3}}},"4":{"name":"(anonymous_4)","decl":{"start":{"line":86,"column":2},"end":{"line":86,"column":14}},"loc":{"start":{"line":86,"column":29},"end":{"line":89,"column":3}}},"5":{"name":"(anonymous_5)","decl":{"start":{"line":93,"column":2},"end":{"line":93,"column":14}},"loc":{"start":{"line":93,"column":29},"end":{"line":96,"column":3}}},"6":{"name":"(anonymous_6)","decl":{"start":{"line":105,"column":2},"end":{"line":105,"column":17}},"loc":{"start":{"line":105,"column":2},"end":{"line":105,"column":18}}},"7":{"name":"(anonymous_7)","decl":{"start":{"line":109,"column":10},"end":{"line":109,"column":23}},"loc":{"start":{"line":109,"column":37},"end":{"line":112,"column":3}}},"8":{"name":"(anonymous_8)","decl":{"start":{"line":114,"column":10},"end":{"line":114,"column":26}},"loc":{"start":{"line":114,"column":43},"end":{"line":116,"column":3}}},"9":{"name":"(anonymous_9)","decl":{"start":{"line":118,"column":10},"end":{"line":118,"column":22}},"loc":{"start":{"line":118,"column":35},"end":{"line":120,"column":3}}},"10":{"name":"(anonymous_10)","decl":{"start":{"line":124,"column":2},"end":{"line":124,"column":7}},"loc":{"start":{"line":124,"column":59},"end":{"line":131,"column":3}}},"11":{"name":"(anonymous_11)","decl":{"start":{"line":135,"column":2},"end":{"line":135,"column":7}},"loc":{"start":{"line":135,"column":31},"end":{"line":158,"column":3}}},"12":{"name":"(anonymous_12)","decl":{"start":{"line":160,"column":2},"end":{"line":160,"column":7}},"loc":{"start":{"line":160,"column":36},"end":{"line":178,"column":3}}},"13":{"name":"(anonymous_13)","decl":{"start":{"line":180,"column":2},"end":{"line":180,"column":7}},"loc":{"start":{"line":180,"column":33},"end":{"line":183,"column":3}}},"14":{"name":"(anonymous_14)","decl":{"start":{"line":185,"column":2},"end":{"line":185,"column":7}},"loc":{"start":{"line":185,"column":58},"end":{"line":208,"column":3}}},"15":{"name":"(anonymous_15)","decl":{"start":{"line":210,"column":2},"end":{"line":210,"column":7}},"loc":{"start":{"line":210,"column":30},"end":{"line":228,"column":3}}},"16":{"name":"(anonymous_16)","decl":{"start":{"line":230,"column":2},"end":{"line":230,"column":7}},"loc":{"start":{"line":230,"column":39},"end":{"line":244,"column":3}}},"17":{"name":"(anonymous_17)","decl":{"start":{"line":248,"column":2},"end":{"line":248,"column":7}},"loc":{"start":{"line":248,"column":44},"end":{"line":269,"column":3}}},"18":{"name":"(anonymous_18)","decl":{"start":{"line":259,"column":23},"end":{"line":259,"column":24}},"loc":{"start":{"line":259,"column":31},"end":{"line":262,"column":7}}},"19":{"name":"(anonymous_19)","decl":{"start":{"line":271,"column":2},"end":{"line":271,"column":7}},"loc":{"start":{"line":271,"column":35},"end":{"line":291,"column":3}}},"20":{"name":"(anonymous_20)","decl":{"start":{"line":279,"column":23},"end":{"line":279,"column":24}},"loc":{"start":{"line":279,"column":31},"end":{"line":284,"column":7}}},"21":{"name":"(anonymous_21)","decl":{"start":{"line":293,"column":2},"end":{"line":293,"column":7}},"loc":{"start":{"line":293,"column":19},"end":{"line":309,"column":3}}},"22":{"name":"(anonymous_22)","decl":{"start":{"line":299,"column":23},"end":{"line":299,"column":24}},"loc":{"start":{"line":299,"column":31},"end":{"line":302,"column":7}}},"23":{"name":"(anonymous_23)","decl":{"start":{"line":313,"column":2},"end":{"line":313,"column":7}},"loc":{"start":{"line":315,"column":21},"end":{"line":355,"column":3}}},"24":{"name":"(anonymous_24)","decl":{"start":{"line":328,"column":23},"end":{"line":328,"column":24}},"loc":{"start":{"line":328,"column":31},"end":{"line":331,"column":7}}},"25":{"name":"(anonymous_25)","decl":{"start":{"line":340,"column":27},"end":{"line":340,"column":28}},"loc":{"start":{"line":340,"column":40},"end":{"line":346,"column":7}}},"26":{"name":"(anonymous_26)","decl":{"start":{"line":357,"column":2},"end":{"line":357,"column":7}},"loc":{"start":{"line":360,"column":24},"end":{"line":422,"column":3}}},"27":{"name":"(anonymous_27)","decl":{"start":{"line":395,"column":52},"end":{"line":395,"column":53}},"loc":{"start":{"line":395,"column":60},"end":{"line":398,"column":7}}},"28":{"name":"(anonymous_28)","decl":{"start":{"line":406,"column":50},"end":{"line":406,"column":55}},"loc":{"start":{"line":406,"column":64},"end":{"line":415,"column":7}}},"29":{"name":"(anonymous_29)","decl":{"start":{"line":424,"column":2},"end":{"line":424,"column":7}},"loc":{"start":{"line":424,"column":55},"end":{"line":444,"column":3}}},"30":{"name":"(anonymous_30)","decl":{"start":{"line":446,"column":2},"end":{"line":446,"column":7}},"loc":{"start":{"line":448,"column":20},"end":{"line":458,"column":3}}},"31":{"name":"(anonymous_31)","decl":{"start":{"line":460,"column":2},"end":{"line":460,"column":7}},"loc":{"start":{"line":460,"column":24},"end":{"line":467,"column":3}}}},"branchMap":{"0":{"loc":{"start":{"line":136,"column":4},"end":{"line":138,"column":5}},"type":"if","locations":[{"start":{"line":136,"column":4},"end":{"line":138,"column":5}},{"start":{},"end":{}}]},"1":{"loc":{"start":{"line":144,"column":6},"end":{"line":146,"column":7}},"type":"if","locations":[{"start":{"line":144,"column":6},"end":{"line":146,"column":7}},{"start":{},"end":{}}]},"2":{"loc":{"start":{"line":169,"column":6},"end":{"line":169,"column":38}},"type":"if","locations":[{"start":{"line":169,"column":6},"end":{"line":169,"column":38}},{"start":{},"end":{}}]},"3":{"loc":{"start":{"line":188,"column":6},"end":{"line":190,"column":7}},"type":"if","locations":[{"start":{"line":188,"column":6},"end":{"line":190,"column":7}},{"start":{},"end":{}}]},"4":{"loc":{"start":{"line":214,"column":6},"end":{"line":216,"column":7}},"type":"if","locations":[{"start":{"line":214,"column":6},"end":{"line":216,"column":7}},{"start":{},"end":{}}]},"5":{"loc":{"start":{"line":233,"column":6},"end":{"line":237,"column":7}},"type":"if","locations":[{"start":{"line":233,"column":6},"end":{"line":237,"column":7}},{"start":{},"end":{}}]},"6":{"loc":{"start":{"line":281,"column":8},"end":{"line":283,"column":9}},"type":"if","locations":[{"start":{"line":281,"column":8},"end":{"line":283,"column":9}},{"start":{},"end":{}}]},"7":{"loc":{"start":{"line":321,"column":6},"end":{"line":323,"column":7}},"type":"if","locations":[{"start":{"line":321,"column":6},"end":{"line":323,"column":7}},{"start":{},"end":{}}]},"8":{"loc":{"start":{"line":333,"column":6},"end":{"line":335,"column":7}},"type":"if","locations":[{"start":{"line":333,"column":6},"end":{"line":335,"column":7}},{"start":{},"end":{}}]},"9":{"loc":{"start":{"line":341,"column":8},"end":{"line":345,"column":9}},"type":"if","locations":[{"start":{"line":341,"column":8},"end":{"line":345,"column":9}},{"start":{"line":343,"column":15},"end":{"line":345,"column":9}}]},"10":{"loc":{"start":{"line":343,"column":15},"end":{"line":345,"column":9}},"type":"if","locations":[{"start":{"line":343,"column":15},"end":{"line":345,"column":9}},{"start":{},"end":{}}]},"11":{"loc":{"start":{"line":362,"column":4},"end":{"line":366,"column":5}},"type":"if","locations":[{"start":{"line":362,"column":4},"end":{"line":366,"column":5}},{"start":{},"end":{}}]},"12":{"loc":{"start":{"line":362,"column":8},"end":{"line":362,"column":53}},"type":"binary-expr","locations":[{"start":{"line":362,"column":8},"end":{"line":362,"column":20}},{"start":{"line":362,"column":24},"end":{"line":362,"column":36}},{"start":{"line":362,"column":40},"end":{"line":362,"column":53}}]},"13":{"loc":{"start":{"line":370,"column":6},"end":{"line":374,"column":7}},"type":"if","locations":[{"start":{"line":370,"column":6},"end":{"line":374,"column":7}},{"start":{},"end":{}}]},"14":{"loc":{"start":{"line":376,"column":6},"end":{"line":378,"column":7}},"type":"if","locations":[{"start":{"line":376,"column":6},"end":{"line":378,"column":7}},{"start":{},"end":{}}]},"15":{"loc":{"start":{"line":389,"column":6},"end":{"line":393,"column":7}},"type":"if","locations":[{"start":{"line":389,"column":6},"end":{"line":393,"column":7}},{"start":{},"end":{}}]},"16":{"loc":{"start":{"line":400,"column":6},"end":{"line":404,"column":7}},"type":"if","locations":[{"start":{"line":400,"column":6},"end":{"line":404,"column":7}},{"start":{},"end":{}}]},"17":{"loc":{"start":{"line":428,"column":6},"end":{"line":430,"column":7}},"type":"if","locations":[{"start":{"line":428,"column":6},"end":{"line":430,"column":7}},{"start":{},"end":{}}]},"18":{"loc":{"start":{"line":434,"column":6},"end":{"line":439,"column":7}},"type":"if","locations":[{"start":{"line":434,"column":6},"end":{"line":439,"column":7}},{"start":{"line":437,"column":13},"end":{"line":439,"column":7}}]},"19":{"loc":{"start":{"line":451,"column":6},"end":{"line":453,"column":7}},"type":"if","locations":[{"start":{"line":451,"column":6},"end":{"line":453,"column":7}},{"start":{},"end":{}}]}},"s":{"0":2,"1":2,"2":2,"3":4,"4":4,"5":2,"6":0,"7":0,"8":2,"9":1,"10":1,"11":2,"12":4,"13":4,"14":2,"15":0,"16":0,"17":2,"18":0,"19":0,"20":2,"21":32,"22":32,"23":32,"24":0,"25":0,"26":0,"27":0,"28":2,"29":2,"30":1,"31":1,"32":4,"33":1,"34":3,"35":3,"36":3,"37":3,"38":1,"39":1,"40":1,"41":2,"42":2,"43":2,"44":2,"45":2,"46":2,"47":2,"48":1,"49":1,"50":1,"51":1,"52":0,"53":0,"54":2,"55":2,"56":2,"57":2,"58":2,"59":1,"60":1,"61":1,"62":1,"63":1,"64":1,"65":1,"66":1,"67":2,"68":2,"69":2,"70":1,"71":1,"72":1,"73":0,"74":0,"75":3,"76":3,"77":3,"78":2,"79":1,"80":2,"81":2,"82":2,"83":2,"84":2,"85":2,"86":1,"87":1,"88":2,"89":2,"90":1,"91":1,"92":1,"93":1,"94":1,"95":1,"96":1,"97":1,"98":1,"99":3,"100":3,"101":2,"102":1,"103":0,"104":0,"105":1,"106":1,"107":1,"108":1,"109":1,"110":3,"111":3,"112":1,"113":0,"114":0,"115":2,"116":2,"117":2,"118":2,"119":1,"120":2,"121":2,"122":2,"123":3,"124":3,"125":2,"126":0,"127":2,"128":2,"129":2,"130":3,"131":2,"132":1,"133":1,"134":2,"135":0,"136":0,"137":2,"138":0,"139":2,"140":2,"141":2,"142":0,"143":2,"144":1,"145":1,"146":1,"147":1,"148":1,"149":0,"150":1,"151":1,"152":1,"153":1,"154":0,"155":1,"156":1,"157":1,"158":1,"159":1,"160":1,"161":2,"162":2,"163":2,"164":1,"165":1,"166":1,"167":0,"168":0,"169":1,"170":2,"171":2,"172":2,"173":2,"174":1,"175":0,"176":1,"177":1,"178":1,"179":0,"180":0,"181":2,"182":2,"183":2},"f":{"0":4,"1":0,"2":1,"3":4,"4":0,"5":0,"6":32,"7":0,"8":0,"9":0,"10":2,"11":4,"12":2,"13":2,"14":2,"15":2,"16":3,"17":2,"18":2,"19":1,"20":3,"21":1,"22":3,"23":2,"24":3,"25":3,"26":2,"27":1,"28":1,"29":2,"30":2,"31":1},"b":{"0":[1,3],"1":[1,1],"2":[1,1],"3":[1,1],"4":[1,1],"5":[2,1],"6":[2,1],"7":[1,1],"8":[0,2],"9":[2,1],"10":[1,0],"11":[0,2],"12":[2,2,2],"13":[0,2],"14":[1,1],"15":[0,1],"16":[0,1],"17":[1,1],"18":[0,1],"19":[1,0]}}
}
