TN:
SF:lib\firebase.ts
FNF:0
FNH:0
DA:1,1
DA:2,1
DA:3,1
DA:5,1
DA:16,1
DA:17,1
DA:18,1
LF:7
LH:7
BRF:0
BRH:0
end_of_record
TN:
SF:lib\profileActivity.ts
FN:38,getCurrentUser
FN:55,getCurrentUserID
FN:61,getUserActivities
FN:67,(anonymous_4)
FN:71,(anonymous_5)
FN:83,getUserSummary
FN:94,(anonymous_7)
FN:117,(anonymous_8)
FN:122,repsChartData
FN:127,(anonymous_10)
FN:131,(anonymous_11)
FN:132,(anonymous_12)
FN:144,exerciseChartData
FN:148,(anonymous_14)
FN:151,(anonymous_15)
FN:163,getComments
FN:168,(anonymous_17)
FN:175,postComment
FN:206,getName
FN:218,setSelectedUserID
FN:226,getSelectedUserID
FN:231,getSelectedUser
FN:237,clearSelectedUserID
FN:241,getPhysioInviteCode
FNF:24
FNH:24
FNDA:4,getCurrentUser
FNDA:2,getCurrentUserID
FNDA:16,getUserActivities
FNDA:21,(anonymous_4)
FNDA:16,(anonymous_5)
FNDA:3,getUserSummary
FNDA:3,(anonymous_7)
FNDA:3,(anonymous_8)
FNDA:5,repsChartData
FNDA:35,(anonymous_10)
FNDA:63,(anonymous_11)
FNDA:9,(anonymous_12)
FNDA:4,exerciseChartData
FNDA:28,(anonymous_14)
FNDA:42,(anonymous_15)
FNDA:3,getComments
FNDA:2,(anonymous_17)
FNDA:3,postComment
FNDA:5,getName
FNDA:2,setSelectedUserID
FNDA:2,getSelectedUserID
FNDA:2,getSelectedUser
FNDA:1,clearSelectedUserID
FNDA:3,getPhysioInviteCode
DA:1,1
DA:12,1
DA:14,1
DA:16,1
DA:17,1
DA:35,1
DA:36,1
DA:38,1
DA:39,4
DA:40,4
DA:42,3
DA:43,3
DA:44,3
DA:45,2
DA:47,1
DA:48,1
DA:50,1
DA:51,1
DA:55,1
DA:56,2
DA:57,2
DA:58,1
DA:61,1
DA:62,16
DA:63,16
DA:64,16
DA:65,16
DA:66,12
DA:67,12
DA:68,21
DA:71,12
DA:72,16
DA:73,16
DA:74,16
DA:76,12
DA:78,4
DA:79,4
DA:83,1
DA:84,3
DA:85,3
DA:86,2
DA:93,1
DA:94,3
DA:96,1
DA:97,1
DA:99,1
DA:100,1
DA:101,1
DA:102,1
DA:104,1
DA:105,4
DA:106,4
DA:107,4
DA:108,4
DA:109,3
DA:112,1
DA:117,3
DA:122,1
DA:125,5
DA:126,5
DA:127,5
DA:128,35
DA:129,35
DA:130,35
DA:131,63
DA:132,9
DA:133,35
DA:140,5
DA:141,5
DA:144,1
DA:147,4
DA:148,4
DA:149,28
DA:150,28
DA:151,42
DA:152,28
DA:159,4
DA:160,4
DA:163,1
DA:164,3
DA:165,3
DA:166,3
DA:167,3
DA:168,2
DA:170,1
DA:171,1
DA:175,1
DA:180,3
DA:183,3
DA:184,1
DA:185,1
DA:187,2
DA:188,2
DA:189,2
DA:190,2
DA:191,1
DA:199,1
DA:201,1
DA:202,1
DA:206,1
DA:207,5
DA:208,5
DA:209,4
DA:210,3
DA:211,3
DA:213,1
DA:214,1
DA:218,1
DA:219,2
DA:220,1
DA:221,1
DA:223,1
DA:226,1
DA:227,2
DA:228,2
DA:231,1
DA:232,2
DA:233,2
DA:234,1
DA:237,1
DA:238,1
DA:241,1
DA:244,3
DA:245,3
DA:246,3
DA:247,3
DA:248,2
DA:249,2
LF:128
LH:128
BRDA:40,0,0,1
BRDA:40,0,1,3
BRDA:45,1,0,1
BRDA:45,1,1,1
BRDA:57,2,0,1
BRDA:57,2,1,1
BRDA:85,3,0,2
BRDA:85,3,1,1
BRDA:108,4,0,1
BRDA:108,4,1,3
BRDA:132,5,0,9
BRDA:132,5,1,3
BRDA:183,6,0,1
BRDA:183,6,1,2
BRDA:209,7,0,1
BRDA:209,7,1,3
BRDA:211,8,0,3
BRDA:211,8,1,1
BRDA:219,9,0,1
BRDA:219,9,1,1
BRDA:233,10,0,1
BRDA:233,10,1,1
BRDA:247,11,0,1
BRDA:247,11,1,2
BRDA:249,12,0,2
BRDA:249,12,1,1
BRF:26
BRH:26
end_of_record
TN:
SF:lib\useraccount.ts
FN:59,(anonymous_0)
FN:66,(anonymous_1)
FN:73,(anonymous_2)
FN:80,(anonymous_3)
FN:87,(anonymous_4)
FN:94,(anonymous_5)
FN:101,(anonymous_6)
FN:118,(anonymous_7)
FN:124,(anonymous_8)
FN:128,(anonymous_9)
FN:177,(anonymous_10)
FN:199,(anonymous_11)
FN:209,(anonymous_12)
FN:222,(anonymous_13)
FN:225,(anonymous_14)
FN:252,(anonymous_15)
FN:290,(anonymous_16)
FN:309,(anonymous_17)
FN:327,(anonymous_18)
FN:350,(anonymous_19)
FN:355,(anonymous_20)
FN:359,(anonymous_21)
FN:365,(anonymous_22)
FN:416,(anonymous_23)
FN:426,(anonymous_24)
FN:504,(anonymous_25)
FN:592,(anonymous_26)
FN:603,(anonymous_27)
FN:628,(anonymous_28)
FN:645,(anonymous_29)
FN:665,(anonymous_30)
FN:670,(anonymous_31)
FN:704,(anonymous_32)
FN:720,(anonymous_33)
FN:744,(anonymous_34)
FN:762,(anonymous_35)
FN:773,(anonymous_36)
FN:785,(anonymous_37)
FN:793,(anonymous_38)
FN:807,(anonymous_39)
FN:813,(anonymous_40)
FN:827,(anonymous_41)
FN:842,(anonymous_42)
FN:854,(anonymous_43)
FN:871,(anonymous_44)
FN:907,(anonymous_45)
FN:917,(anonymous_46)
FN:941,(anonymous_47)
FN:963,(anonymous_48)
FN:977,(anonymous_49)
FNF:50
FNH:2
FNDA:0,(anonymous_0)
FNDA:0,(anonymous_1)
FNDA:0,(anonymous_2)
FNDA:0,(anonymous_3)
FNDA:0,(anonymous_4)
FNDA:0,(anonymous_5)
FNDA:0,(anonymous_6)
FNDA:2,(anonymous_7)
FNDA:0,(anonymous_8)
FNDA:0,(anonymous_9)
FNDA:0,(anonymous_10)
FNDA:0,(anonymous_11)
FNDA:0,(anonymous_12)
FNDA:0,(anonymous_13)
FNDA:0,(anonymous_14)
FNDA:0,(anonymous_15)
FNDA:0,(anonymous_16)
FNDA:0,(anonymous_17)
FNDA:0,(anonymous_18)
FNDA:0,(anonymous_19)
FNDA:0,(anonymous_20)
FNDA:0,(anonymous_21)
FNDA:0,(anonymous_22)
FNDA:0,(anonymous_23)
FNDA:0,(anonymous_24)
FNDA:0,(anonymous_25)
FNDA:0,(anonymous_26)
FNDA:1,(anonymous_27)
FNDA:0,(anonymous_28)
FNDA:0,(anonymous_29)
FNDA:0,(anonymous_30)
FNDA:0,(anonymous_31)
FNDA:0,(anonymous_32)
FNDA:0,(anonymous_33)
FNDA:0,(anonymous_34)
FNDA:0,(anonymous_35)
FNDA:0,(anonymous_36)
FNDA:0,(anonymous_37)
FNDA:0,(anonymous_38)
FNDA:0,(anonymous_39)
FNDA:0,(anonymous_40)
FNDA:0,(anonymous_41)
FNDA:0,(anonymous_42)
FNDA:0,(anonymous_43)
FNDA:0,(anonymous_44)
FNDA:0,(anonymous_45)
FNDA:0,(anonymous_46)
FNDA:0,(anonymous_47)
FNDA:0,(anonymous_48)
FNDA:0,(anonymous_49)
DA:3,1
DA:11,1
DA:24,1
DA:58,1
DA:60,0
DA:61,0
DA:65,1
DA:67,0
DA:68,0
DA:72,1
DA:74,0
DA:75,0
DA:79,1
DA:81,0
DA:82,0
DA:86,1
DA:88,0
DA:89,0
DA:93,1
DA:95,0
DA:96,0
DA:100,1
DA:102,0
DA:103,0
DA:108,1
DA:109,2
DA:110,2
DA:111,2
DA:112,2
DA:113,2
DA:115,2
DA:116,2
DA:125,0
DA:129,0
DA:130,0
DA:133,0
DA:135,0
DA:136,0
DA:141,0
DA:142,0
DA:143,0
DA:145,0
DA:146,0
DA:151,0
DA:153,0
DA:154,0
DA:159,0
DA:160,0
DA:165,0
DA:166,0
DA:168,0
DA:169,0
DA:171,0
DA:172,0
DA:178,0
DA:179,0
DA:180,0
DA:186,0
DA:187,0
DA:189,0
DA:190,0
DA:200,0
DA:201,0
DA:202,0
DA:204,0
DA:205,0
DA:206,0
DA:209,0
DA:210,0
DA:211,0
DA:216,0
DA:220,0
DA:222,0
DA:225,0
DA:227,0
DA:228,0
DA:229,0
DA:235,0
DA:242,0
DA:247,0
DA:248,0
DA:253,0
DA:254,0
DA:255,0
DA:257,0
DA:258,0
DA:259,0
DA:262,0
DA:263,0
DA:264,0
DA:266,0
DA:267,0
DA:268,0
DA:269,0
DA:272,0
DA:273,0
DA:275,0
DA:282,0
DA:283,0
DA:285,0
DA:286,0
DA:291,0
DA:293,0
DA:294,0
DA:298,0
DA:300,0
DA:301,0
DA:302,0
DA:306,0
DA:310,0
DA:311,0
DA:312,0
DA:313,0
DA:316,0
DA:319,0
DA:320,0
DA:322,0
DA:323,0
DA:324,0
DA:325,0
DA:327,0
DA:329,0
DA:330,0
DA:333,0
DA:340,0
DA:343,0
DA:351,0
DA:352,0
DA:356,0
DA:360,0
DA:366,0
DA:367,0
DA:370,0
DA:371,0
DA:374,0
DA:375,0
DA:380,0
DA:382,0
DA:383,0
DA:384,0
DA:387,0
DA:389,0
DA:390,0
DA:391,0
DA:395,0
DA:398,0
DA:401,0
DA:403,0
DA:405,0
DA:409,0
DA:412,0
DA:417,0
DA:418,0
DA:419,0
DA:421,0
DA:422,0
DA:433,0
DA:439,0
DA:442,0
DA:443,0
DA:446,0
DA:447,0
DA:450,0
DA:451,0
DA:454,0
DA:456,0
DA:457,0
DA:462,0
DA:464,0
DA:465,0
DA:466,0
DA:471,0
DA:472,0
DA:475,0
DA:477,0
DA:482,0
DA:484,0
DA:495,0
DA:497,0
DA:501,0
DA:511,0
DA:518,0
DA:521,0
DA:522,0
DA:525,0
DA:526,0
DA:529,0
DA:530,0
DA:533,0
DA:535,0
DA:536,0
DA:538,0
DA:539,0
DA:542,0
DA:543,0
DA:544,0
DA:546,0
DA:547,0
DA:550,0
DA:551,0
DA:552,0
DA:555,0
DA:556,0
DA:559,0
DA:561,0
DA:566,0
DA:568,0
DA:579,0
DA:581,0
DA:587,0
DA:589,0
DA:593,0
DA:594,0
DA:595,0
DA:597,0
DA:604,1
DA:605,0
DA:608,1
DA:609,1
DA:610,1
DA:612,1
DA:613,0
DA:616,0
DA:618,0
DA:623,1
DA:624,1
DA:629,0
DA:630,0
DA:631,0
DA:632,0
DA:634,0
DA:636,0
DA:637,0
DA:638,0
DA:640,0
DA:641,0
DA:646,0
DA:647,0
DA:648,0
DA:652,0
DA:654,0
DA:656,0
DA:657,0
DA:658,0
DA:660,0
DA:661,0
DA:666,0
DA:667,0
DA:671,0
DA:672,0
DA:673,0
DA:674,0
DA:679,0
DA:687,0
DA:688,0
DA:691,0
DA:696,0
DA:697,0
DA:699,0
DA:700,0
DA:705,0
DA:706,0
DA:707,0
DA:712,0
DA:713,0
DA:714,0
DA:715,0
DA:716,0
DA:721,0
DA:722,0
DA:723,0
DA:724,0
DA:729,0
DA:734,0
DA:736,0
DA:737,0
DA:739,0
DA:740,0
DA:745,0
DA:746,0
DA:747,0
DA:748,0
DA:753,0
DA:755,0
DA:756,0
DA:763,0
DA:764,0
DA:765,0
DA:770,0
DA:772,0
DA:773,0
DA:774,0
DA:775,0
DA:778,0
DA:780,0
DA:781,0
DA:786,0
DA:787,0
DA:788,0
DA:790,0
DA:791,0
DA:793,0
DA:794,0
DA:795,0
DA:796,0
DA:800,0
DA:802,0
DA:803,0
DA:808,0
DA:809,0
DA:810,0
DA:812,0
DA:813,0
DA:814,0
DA:815,0
DA:818,0
DA:820,0
DA:821,0
DA:831,0
DA:832,0
DA:833,0
DA:835,0
DA:836,0
DA:839,0
DA:841,0
DA:842,0
DA:843,0
DA:844,0
DA:847,0
DA:848,0
DA:851,0
DA:852,0
DA:854,0
DA:855,0
DA:856,0
DA:857,0
DA:858,0
DA:862,0
DA:864,0
DA:865,0
DA:876,0
DA:877,0
DA:882,0
DA:883,0
DA:884,0
DA:885,0
DA:890,0
DA:891,0
DA:893,0
DA:894,0
DA:900,0
DA:902,0
DA:903,0
DA:907,0
DA:908,0
DA:909,0
DA:912,0
DA:913,0
DA:917,0
DA:918,0
DA:919,0
DA:921,0
DA:926,0
DA:927,0
DA:930,0
DA:935,0
DA:937,0
DA:938,0
DA:942,0
DA:943,0
DA:945,0
DA:946,0
DA:949,0
DA:951,0
DA:952,0
DA:953,0
DA:955,0
DA:958,0
DA:959,0
DA:967,0
DA:968,0
DA:969,0
DA:971,0
DA:973,0
DA:978,0
DA:979,0
DA:980,0
DA:982,0
DA:983,0
DA:990,1
DA:994,1
LF:391
LH:27
BRDA:129,0,0,0
BRDA:129,0,1,0
BRDA:135,1,0,0
BRDA:135,1,1,0
BRDA:145,2,0,0
BRDA:145,2,1,0
BRDA:153,3,0,0
BRDA:153,3,1,0
BRDA:159,4,0,0
BRDA:159,4,1,0
BRDA:168,5,0,0
BRDA:168,5,1,0
BRDA:173,6,0,0
BRDA:173,6,1,0
BRDA:204,7,0,0
BRDA:204,7,1,0
BRDA:211,8,0,0
BRDA:211,8,1,0
BRDA:212,9,0,0
BRDA:212,9,1,0
BRDA:212,9,2,0
BRDA:257,10,0,0
BRDA:257,10,1,0
BRDA:263,11,0,0
BRDA:263,11,1,0
BRDA:264,12,0,0
BRDA:264,12,1,0
BRDA:266,13,0,0
BRDA:266,13,1,0
BRDA:300,14,0,0
BRDA:300,14,1,0
BRDA:312,15,0,0
BRDA:312,15,1,0
BRDA:322,16,0,0
BRDA:322,16,1,0
BRDA:324,17,0,0
BRDA:324,17,1,0
BRDA:325,18,0,0
BRDA:325,18,1,0
BRDA:329,19,0,0
BRDA:329,19,1,0
BRDA:366,20,0,0
BRDA:366,20,1,0
BRDA:366,21,0,0
BRDA:366,21,1,0
BRDA:370,22,0,0
BRDA:370,22,1,0
BRDA:383,23,0,0
BRDA:383,23,1,0
BRDA:389,24,0,0
BRDA:389,24,1,0
BRDA:405,25,0,0
BRDA:405,25,1,0
BRDA:406,26,0,0
BRDA:406,26,1,0
BRDA:412,27,0,0
BRDA:412,27,1,0
BRDA:433,28,0,0
BRDA:433,28,1,0
BRDA:434,29,0,0
BRDA:434,29,1,0
BRDA:434,29,2,0
BRDA:434,29,3,0
BRDA:442,30,0,0
BRDA:442,30,1,0
BRDA:446,31,0,0
BRDA:446,31,1,0
BRDA:450,32,0,0
BRDA:450,32,1,0
BRDA:456,33,0,0
BRDA:456,33,1,0
BRDA:465,34,0,0
BRDA:465,34,1,0
BRDA:471,35,0,0
BRDA:471,35,1,0
BRDA:511,36,0,0
BRDA:511,36,1,0
BRDA:512,37,0,0
BRDA:512,37,1,0
BRDA:512,37,2,0
BRDA:512,37,3,0
BRDA:512,37,4,0
BRDA:521,38,0,0
BRDA:521,38,1,0
BRDA:525,39,0,0
BRDA:525,39,1,0
BRDA:529,40,0,0
BRDA:529,40,1,0
BRDA:538,41,0,0
BRDA:538,41,1,0
BRDA:543,42,0,0
BRDA:543,42,1,0
BRDA:546,43,0,0
BRDA:546,43,1,0
BRDA:551,44,0,0
BRDA:551,44,1,0
BRDA:555,45,0,0
BRDA:555,45,1,0
BRDA:604,46,0,0
BRDA:604,46,1,1
BRDA:612,47,0,0
BRDA:612,47,1,0
BRDA:634,48,0,0
BRDA:634,48,1,0
BRDA:654,49,0,0
BRDA:654,49,1,0
BRDA:673,50,0,0
BRDA:673,50,1,0
BRDA:687,51,0,0
BRDA:687,51,1,0
BRDA:687,52,0,0
BRDA:687,52,1,0
BRDA:712,53,0,0
BRDA:712,53,1,0
BRDA:723,54,0,0
BRDA:723,54,1,0
BRDA:747,55,0,0
BRDA:747,55,1,0
BRDA:795,56,0,0
BRDA:795,56,1,0
BRDA:835,57,0,0
BRDA:835,57,1,0
BRDA:847,58,0,0
BRDA:847,58,1,0
BRDA:855,59,0,0
BRDA:855,59,1,0
BRDA:857,60,0,0
BRDA:857,60,1,0
BRDA:876,61,0,0
BRDA:876,61,1,0
BRDA:876,62,0,0
BRDA:876,62,1,0
BRDA:876,62,2,0
BRDA:884,63,0,0
BRDA:884,63,1,0
BRDA:890,64,0,0
BRDA:890,64,1,0
BRDA:902,65,0,0
BRDA:902,65,1,0
BRDA:912,66,0,0
BRDA:912,66,1,0
BRDA:926,67,0,0
BRDA:926,67,1,0
BRDA:945,68,0,0
BRDA:945,68,1,0
BRDA:951,69,0,0
BRDA:951,69,1,0
BRDA:968,70,0,0
BRDA:968,70,1,0
BRF:149
BRH:1
end_of_record
