TN:
SF:lib\authService.ts
FN:17,licenseFormatValid
FN:21,login
FN:31,logout
FN:35,registerPhysio
FN:75,registerPatient
FNF:5
FNH:4
FNDA:7,licenseFormatValid
FNDA:5,login
FNDA:0,logout
FNDA:4,registerPhysio
FNDA:6,registerPatient
DA:1,1
DA:2,1
DA:7,1
DA:17,1
DA:18,7
DA:21,1
DA:22,5
DA:23,5
DA:25,5
DA:26,5
DA:28,4
DA:31,1
DA:32,0
DA:35,1
DA:41,4
DA:44,4
DA:45,1
DA:49,3
DA:50,3
DA:51,1
DA:55,2
DA:60,2
DA:63,2
DA:72,2
DA:75,1
DA:81,6
DA:84,6
DA:85,6
DA:87,6
DA:88,5
DA:90,5
DA:91,4
DA:93,3
DA:94,3
DA:97,2
DA:102,2
DA:105,2
DA:115,2
DA:117,2
LF:39
LH:38
BRDA:26,0,0,1
BRDA:26,0,1,4
BRDA:44,1,0,1
BRDA:44,1,1,3
BRDA:50,2,0,1
BRDA:50,2,1,2
BRDA:50,3,0,3
BRDA:50,3,1,3
BRDA:87,4,0,1
BRDA:87,4,1,5
BRDA:90,5,0,1
BRDA:90,5,1,4
BRDA:91,6,0,1
BRDA:91,6,1,3
BRDA:94,7,0,1
BRDA:94,7,1,2
BRF:16
BRH:16
end_of_record
TN:
SF:lib\exerciseData.ts
FN:69,getExercisesById
FN:79,(anonymous_1)
FN:87,getExercise
FN:103,getGeneralExercises
FN:111,(anonymous_4)
FN:120,getSelectedExercises
FN:129,(anonymous_6)
FN:134,removeUserExercise
FN:169,addUserExercise
FN:190,updateUserExercise
FNF:10
FNH:8
FNDA:3,getExercisesById
FNDA:1,(anonymous_1)
FNDA:3,getExercise
FNDA:3,getGeneralExercises
FNDA:2,(anonymous_4)
FNDA:0,getSelectedExercises
FNDA:0,(anonymous_6)
FNDA:3,removeUserExercise
FNDA:2,addUserExercise
FNDA:3,updateUserExercise
DA:1,1
DA:13,1
DA:69,1
DA:72,3
DA:73,3
DA:74,3
DA:75,3
DA:76,2
DA:77,1
DA:79,1
DA:80,1
DA:82,1
DA:83,1
DA:87,1
DA:88,3
DA:89,3
DA:90,3
DA:91,3
DA:92,2
DA:93,1
DA:95,1
DA:96,1
DA:98,1
DA:99,1
DA:103,1
DA:104,3
DA:105,3
DA:106,3
DA:107,2
DA:108,1
DA:109,1
DA:111,2
DA:113,1
DA:115,1
DA:116,1
DA:120,1
DA:123,0
DA:124,0
DA:125,0
DA:126,0
DA:127,0
DA:129,0
DA:130,0
DA:131,0
DA:134,1
DA:138,3
DA:139,3
DA:144,3
DA:145,3
DA:146,2
DA:147,1
DA:153,1
DA:155,1
DA:156,1
DA:158,1
DA:169,1
DA:173,2
DA:175,2
DA:176,2
DA:180,1
DA:186,1
DA:190,1
DA:195,3
DA:196,3
DA:201,3
DA:202,3
DA:203,2
DA:204,1
DA:210,1
DA:212,1
DA:213,1
DA:220,1
LF:72
LH:64
BRDA:76,0,0,1
BRDA:76,0,1,1
BRDA:92,1,0,1
BRDA:92,1,1,1
BRDA:107,2,0,1
BRDA:107,2,1,1
BRDA:126,3,0,0
BRDA:126,3,1,0
BRDA:146,4,0,1
BRDA:146,4,1,1
BRDA:203,5,0,1
BRDA:203,5,1,1
BRF:12
BRH:10
end_of_record
TN:
SF:lib\firebase.ts
FNF:0
FNH:0
DA:1,2
DA:2,2
DA:3,2
DA:5,2
DA:16,2
DA:17,2
DA:18,2
LF:7
LH:7
BRF:0
BRH:0
end_of_record
TN:
SF:lib\metricsService.ts
FN:17,(anonymous_0)
FN:83,(anonymous_1)
FN:143,(anonymous_2)
FNF:3
FNH:0
FNDA:0,(anonymous_0)
FNDA:0,(anonymous_1)
FNDA:0,(anonymous_2)
DA:1,0
DA:2,0
DA:3,0
DA:17,0
DA:18,0
DA:19,0
DA:21,0
DA:22,0
DA:25,0
DA:26,0
DA:28,0
DA:29,0
DA:32,0
DA:34,0
DA:36,0
DA:77,0
DA:78,0
DA:80,0
DA:83,0
DA:94,0
DA:95,0
DA:97,0
DA:98,0
DA:101,0
DA:102,0
DA:103,0
DA:106,0
DA:109,0
DA:111,0
DA:135,0
DA:136,0
DA:139,0
DA:143,0
DA:144,0
DA:145,0
DA:146,0
DA:148,0
DA:150,0
DA:151,0
DA:153,0
DA:154,0
DA:157,0
DA:159,0
DA:160,0
LF:44
LH:0
BRDA:21,0,0,0
BRDA:21,0,1,0
BRDA:28,1,0,0
BRDA:28,1,1,0
BRDA:34,2,0,0
BRDA:34,2,1,0
BRDA:44,3,0,0
BRDA:44,3,1,0
BRDA:48,4,0,0
BRDA:48,4,1,0
BRDA:49,5,0,0
BRDA:49,5,1,0
BRDA:55,6,0,0
BRDA:55,6,1,0
BRDA:56,7,0,0
BRDA:56,7,1,0
BRDA:68,8,0,0
BRDA:68,8,1,0
BRDA:69,9,0,0
BRDA:69,9,1,0
BRDA:97,10,0,0
BRDA:97,10,1,0
BRDA:103,11,0,0
BRDA:103,11,1,0
BRDA:109,12,0,0
BRDA:109,12,1,0
BRDA:118,13,0,0
BRDA:118,13,1,0
BRDA:122,14,0,0
BRDA:122,14,1,0
BRDA:130,15,0,0
BRDA:130,15,1,0
BRDA:148,16,0,0
BRDA:148,16,1,0
BRDA:153,17,0,0
BRDA:153,17,1,0
BRDA:154,18,0,0
BRDA:154,18,1,0
BRDA:154,18,2,0
BRDA:157,19,0,0
BRDA:157,19,1,0
BRF:41
BRH:0
end_of_record
TN:
SF:lib\poseService.ts
FN:18,processFrame
FN:34,resetBackend
FNF:2
FNH:2
FNDA:3,processFrame
FNDA:2,resetBackend
DA:1,1
DA:3,1
DA:18,1
DA:23,3
DA:25,3
DA:31,2
DA:34,1
DA:35,2
LF:8
LH:8
BRF:0
BRH:0
end_of_record
TN:
SF:lib\profileActivity.ts
FN:38,getCurrentUser
FN:55,getCurrentUserID
FN:61,getUserActivities
FN:67,(anonymous_4)
FN:71,(anonymous_5)
FN:83,getUserSummary
FN:94,(anonymous_7)
FN:125,(anonymous_8)
FN:130,repsChartData
FN:135,(anonymous_10)
FN:139,(anonymous_11)
FN:140,(anonymous_12)
FN:152,exerciseChartData
FN:156,(anonymous_14)
FN:159,(anonymous_15)
FN:171,getComments
FN:176,(anonymous_17)
FN:183,postComment
FN:214,getName
FN:226,setSelectedUserID
FN:234,getSelectedUserID
FN:239,getSelectedUser
FN:245,clearSelectedUserID
FN:249,getPhysioInviteCode
FNF:24
FNH:24
FNDA:4,getCurrentUser
FNDA:2,getCurrentUserID
FNDA:16,getUserActivities
FNDA:21,(anonymous_4)
FNDA:16,(anonymous_5)
FNDA:3,getUserSummary
FNDA:3,(anonymous_7)
FNDA:3,(anonymous_8)
FNDA:5,repsChartData
FNDA:35,(anonymous_10)
FNDA:63,(anonymous_11)
FNDA:5,(anonymous_12)
FNDA:4,exerciseChartData
FNDA:28,(anonymous_14)
FNDA:42,(anonymous_15)
FNDA:3,getComments
FNDA:2,(anonymous_17)
FNDA:3,postComment
FNDA:5,getName
FNDA:2,setSelectedUserID
FNDA:2,getSelectedUserID
FNDA:2,getSelectedUser
FNDA:1,clearSelectedUserID
FNDA:3,getPhysioInviteCode
DA:1,1
DA:12,1
DA:14,1
DA:16,1
DA:17,1
DA:35,1
DA:36,1
DA:38,1
DA:39,4
DA:40,4
DA:42,3
DA:43,3
DA:44,3
DA:45,2
DA:47,1
DA:48,1
DA:50,1
DA:51,1
DA:55,1
DA:56,2
DA:57,2
DA:58,1
DA:61,1
DA:62,16
DA:63,16
DA:64,16
DA:65,16
DA:66,12
DA:67,12
DA:68,21
DA:71,12
DA:72,16
DA:73,16
DA:74,16
DA:76,12
DA:78,4
DA:79,4
DA:83,1
DA:84,3
DA:85,3
DA:86,2
DA:93,1
DA:94,3
DA:96,1
DA:97,1
DA:99,1
DA:100,1
DA:101,1
DA:102,1
DA:104,1
DA:105,1
DA:106,1
DA:107,4
DA:108,4
DA:110,4
DA:112,4
DA:114,4
DA:116,3
DA:119,1
DA:120,1
DA:125,3
DA:130,1
DA:133,5
DA:134,5
DA:135,5
DA:136,35
DA:137,35
DA:138,35
DA:139,63
DA:140,5
DA:141,35
DA:148,5
DA:149,5
DA:152,1
DA:155,4
DA:156,4
DA:157,28
DA:158,28
DA:159,42
DA:160,28
DA:167,4
DA:168,4
DA:171,1
DA:172,3
DA:173,3
DA:174,3
DA:175,3
DA:176,2
DA:178,1
DA:179,1
DA:183,1
DA:188,3
DA:191,3
DA:192,1
DA:193,1
DA:195,2
DA:196,2
DA:197,2
DA:198,2
DA:199,1
DA:207,1
DA:209,1
DA:210,1
DA:214,1
DA:215,5
DA:216,5
DA:217,4
DA:218,3
DA:219,3
DA:221,1
DA:222,1
DA:226,1
DA:227,2
DA:228,1
DA:229,1
DA:231,1
DA:234,1
DA:235,2
DA:236,2
DA:239,1
DA:240,2
DA:241,2
DA:242,1
DA:245,1
DA:246,1
DA:249,1
DA:252,3
DA:253,3
DA:254,3
DA:255,3
DA:256,2
DA:257,2
LF:132
LH:132
BRDA:40,0,0,1
BRDA:40,0,1,3
BRDA:45,1,0,1
BRDA:45,1,1,1
BRDA:57,2,0,1
BRDA:57,2,1,1
BRDA:85,3,0,2
BRDA:85,3,1,1
BRDA:114,4,0,1
BRDA:114,4,1,3
BRDA:140,5,0,5
BRDA:140,5,1,2
BRDA:191,6,0,1
BRDA:191,6,1,2
BRDA:217,7,0,1
BRDA:217,7,1,3
BRDA:219,8,0,3
BRDA:219,8,1,1
BRDA:227,9,0,1
BRDA:227,9,1,1
BRDA:241,10,0,1
BRDA:241,10,1,1
BRDA:255,11,0,1
BRDA:255,11,1,2
BRDA:257,12,0,2
BRDA:257,12,1,1
BRF:26
BRH:26
end_of_record
TN:
SF:lib\roleStore.ts
FN:7,setUserRole
FN:11,getUserRole
FN:17,clearUserRole
FNF:3
FNH:0
FNDA:0,setUserRole
FNDA:0,getUserRole
FNDA:0,clearUserRole
DA:1,0
DA:3,0
DA:7,0
DA:8,0
DA:11,0
DA:12,0
DA:13,0
DA:14,0
DA:17,0
DA:18,0
LF:10
LH:0
BRDA:13,0,0,0
BRDA:13,0,1,0
BRDA:13,1,0,0
BRDA:13,1,1,0
BRF:4
BRH:0
end_of_record
TN:
SF:lib\temp.ts
FN:23,getCurrentUser
FNF:1
FNH:0
FNDA:0,getCurrentUser
DA:1,0
DA:2,0
DA:23,0
DA:24,0
DA:25,0
DA:27,0
DA:28,0
DA:29,0
DA:31,0
DA:32,0
DA:34,0
DA:35,0
LF:12
LH:0
BRDA:25,0,0,0
BRDA:25,0,1,0
BRDA:29,1,0,0
BRDA:29,1,1,0
BRF:4
BRH:0
end_of_record
TN:
SF:lib\useraccount.ts
FN:58,(anonymous_0)
FN:65,(anonymous_1)
FN:72,(anonymous_2)
FN:79,(anonymous_3)
FN:86,(anonymous_4)
FN:93,(anonymous_5)
FN:105,(anonymous_6)
FN:109,(anonymous_7)
FN:114,(anonymous_8)
FN:118,(anonymous_9)
FN:124,(anonymous_10)
FN:135,(anonymous_11)
FN:160,(anonymous_12)
FN:180,(anonymous_13)
FN:185,(anonymous_14)
FN:210,(anonymous_15)
FN:230,(anonymous_16)
FN:248,(anonymous_17)
FN:259,(anonymous_18)
FN:271,(anonymous_19)
FN:279,(anonymous_20)
FN:293,(anonymous_21)
FN:299,(anonymous_22)
FN:313,(anonymous_23)
FN:328,(anonymous_24)
FN:340,(anonymous_25)
FN:357,(anonymous_26)
FN:395,(anonymous_27)
FN:406,(anonymous_28)
FN:424,(anonymous_29)
FN:446,(anonymous_30)
FN:460,(anonymous_31)
FNF:32
FNH:26
FNDA:4,(anonymous_0)
FNDA:0,(anonymous_1)
FNDA:1,(anonymous_2)
FNDA:4,(anonymous_3)
FNDA:0,(anonymous_4)
FNDA:0,(anonymous_5)
FNDA:32,(anonymous_6)
FNDA:0,(anonymous_7)
FNDA:0,(anonymous_8)
FNDA:0,(anonymous_9)
FNDA:2,(anonymous_10)
FNDA:4,(anonymous_11)
FNDA:2,(anonymous_12)
FNDA:2,(anonymous_13)
FNDA:2,(anonymous_14)
FNDA:2,(anonymous_15)
FNDA:3,(anonymous_16)
FNDA:2,(anonymous_17)
FNDA:2,(anonymous_18)
FNDA:1,(anonymous_19)
FNDA:3,(anonymous_20)
FNDA:1,(anonymous_21)
FNDA:3,(anonymous_22)
FNDA:2,(anonymous_23)
FNDA:3,(anonymous_24)
FNDA:3,(anonymous_25)
FNDA:2,(anonymous_26)
FNDA:1,(anonymous_27)
FNDA:1,(anonymous_28)
FNDA:2,(anonymous_29)
FNDA:2,(anonymous_30)
FNDA:1,(anonymous_31)
DA:3,2
DA:11,2
DA:24,2
DA:57,2
DA:59,4
DA:60,4
DA:64,2
DA:66,0
DA:67,0
DA:71,2
DA:73,1
DA:74,1
DA:78,2
DA:80,4
DA:81,4
DA:85,2
DA:87,0
DA:88,0
DA:92,2
DA:94,0
DA:95,0
DA:100,2
DA:101,32
DA:102,32
DA:103,32
DA:110,0
DA:111,0
DA:115,0
DA:119,0
DA:125,2
DA:126,2
DA:127,1
DA:129,1
DA:136,4
DA:137,1
DA:140,3
DA:141,3
DA:142,3
DA:144,3
DA:145,1
DA:148,1
DA:150,1
DA:155,2
DA:156,2
DA:161,2
DA:162,2
DA:163,2
DA:167,2
DA:169,2
DA:171,1
DA:172,1
DA:173,1
DA:175,0
DA:176,0
DA:181,2
DA:182,2
DA:186,2
DA:187,2
DA:188,2
DA:189,1
DA:192,1
DA:198,1
DA:200,1
DA:202,1
DA:203,1
DA:205,1
DA:206,1
DA:211,2
DA:212,2
DA:214,2
DA:215,1
DA:218,1
DA:223,1
DA:225,0
DA:226,0
DA:231,3
DA:232,3
DA:233,3
DA:234,2
DA:239,1
DA:241,2
DA:242,2
DA:249,2
DA:250,2
DA:251,2
DA:256,2
DA:258,1
DA:259,1
DA:260,2
DA:261,2
DA:264,1
DA:266,1
DA:267,1
DA:272,1
DA:273,1
DA:274,1
DA:276,1
DA:277,1
DA:279,1
DA:280,3
DA:281,3
DA:282,2
DA:286,1
DA:288,0
DA:289,0
DA:294,1
DA:295,1
DA:296,1
DA:298,1
DA:299,1
DA:300,3
DA:301,3
DA:304,1
DA:306,0
DA:307,0
DA:317,2
DA:318,2
DA:319,2
DA:321,2
DA:322,1
DA:325,2
DA:327,2
DA:328,2
DA:329,3
DA:330,3
DA:333,2
DA:334,0
DA:337,2
DA:338,2
DA:340,2
DA:341,3
DA:342,2
DA:343,1
DA:344,1
DA:348,2
DA:350,0
DA:351,0
DA:362,2
DA:363,0
DA:368,2
DA:369,2
DA:370,2
DA:371,0
DA:376,2
DA:377,1
DA:380,1
DA:381,1
DA:387,1
DA:389,1
DA:390,0
DA:395,1
DA:396,1
DA:397,1
DA:400,1
DA:401,0
DA:406,1
DA:407,1
DA:412,1
DA:417,1
DA:419,1
DA:420,1
DA:425,2
DA:426,2
DA:428,2
DA:429,1
DA:432,1
DA:434,1
DA:435,0
DA:436,0
DA:438,1
DA:441,2
DA:442,2
DA:450,2
DA:451,2
DA:452,1
DA:454,0
DA:456,1
DA:461,1
DA:462,1
DA:464,0
DA:465,0
DA:472,2
DA:476,2
LF:183
LH:153
BRDA:136,0,0,1
BRDA:136,0,1,3
BRDA:144,1,0,1
BRDA:144,1,1,1
BRDA:169,2,0,1
BRDA:169,2,1,1
BRDA:188,3,0,1
BRDA:188,3,1,1
BRDA:214,4,0,1
BRDA:214,4,1,1
BRDA:233,5,0,2
BRDA:233,5,1,1
BRDA:281,6,0,2
BRDA:281,6,1,1
BRDA:321,7,0,1
BRDA:321,7,1,1
BRDA:333,8,0,0
BRDA:333,8,1,2
BRDA:341,9,0,2
BRDA:341,9,1,1
BRDA:343,10,0,1
BRDA:343,10,1,0
BRDA:362,11,0,0
BRDA:362,11,1,2
BRDA:362,12,0,2
BRDA:362,12,1,2
BRDA:362,12,2,2
BRDA:370,13,0,0
BRDA:370,13,1,2
BRDA:376,14,0,1
BRDA:376,14,1,1
BRDA:389,15,0,0
BRDA:389,15,1,1
BRDA:400,16,0,0
BRDA:400,16,1,1
BRDA:428,17,0,1
BRDA:428,17,1,1
BRDA:434,18,0,0
BRDA:434,18,1,1
BRDA:451,19,0,1
BRDA:451,19,1,0
BRF:41
BRH:33
end_of_record
